<?xml version="1.0" encoding="UTF-8"?>
<coverage generated="1761509154536" clover="3.2.0">
  <project timestamp="1761509154536" name="All files">
    <metrics statements="701" coveredstatements="516" conditionals="436" coveredconditionals="274" methods="141" coveredmethods="100" elements="1278" coveredelements="890" complexity="0" loc="701" ncloc="701" packages="5" files="16" classes="16"/>
    <package name="components">
      <metrics statements="163" coveredstatements="130" conditionals="107" coveredconditionals="71" methods="26" coveredmethods="19"/>
      <file name="DataIntegrityValidator.js" path="/home/braedonpop/Desktop/projects/capstone/MCP-Securtiy/src/components/DataIntegrityValidator.js">
        <metrics statements="114" coveredstatements="84" conditionals="78" coveredconditionals="50" methods="20" coveredmethods="13"/>
        <line num="1" count="5" type="stmt"/>
        <line num="2" count="5" type="stmt"/>
        <line num="3" count="5" type="stmt"/>
        <line num="4" count="5" type="stmt"/>
        <line num="5" count="5" type="stmt"/>
        <line num="6" count="5" type="stmt"/>
        <line num="7" count="5" type="stmt"/>
        <line num="16" count="45" type="stmt"/>
        <line num="17" count="45" type="stmt"/>
        <line num="18" count="45" type="stmt"/>
        <line num="19" count="45" type="stmt"/>
        <line num="20" count="45" type="cond" truecount="2" falsecount="0"/>
        <line num="21" count="45" type="cond" truecount="2" falsecount="0"/>
        <line num="22" count="45" type="cond" truecount="2" falsecount="0"/>
        <line num="25" count="45" type="stmt"/>
        <line num="26" count="45" type="cond" truecount="2" falsecount="0"/>
        <line num="27" count="45" type="cond" truecount="2" falsecount="0"/>
        <line num="37" count="46" type="stmt"/>
        <line num="38" count="46" type="stmt"/>
        <line num="40" count="46" type="stmt"/>
        <line num="42" count="46" type="stmt"/>
        <line num="56" count="46" type="stmt"/>
        <line num="57" count="46" type="stmt"/>
        <line num="59" count="46" type="cond" truecount="2" falsecount="0"/>
        <line num="60" count="2" type="stmt"/>
        <line num="61" count="2" type="cond" truecount="1" falsecount="1"/>
        <line num="62" count="0" type="stmt"/>
        <line num="63" count="0" type="stmt"/>
        <line num="68" count="46" type="cond" truecount="5" falsecount="0"/>
        <line num="69" count="13" type="stmt"/>
        <line num="73" count="13" type="stmt"/>
        <line num="75" count="13" type="cond" truecount="2" falsecount="0"/>
        <line num="76" count="1" type="stmt"/>
        <line num="77" count="1" type="stmt"/>
        <line num="78" count="1" type="cond" truecount="1" falsecount="1"/>
        <line num="79" count="0" type="stmt"/>
        <line num="80" count="0" type="stmt"/>
        <line num="85" count="13" type="stmt"/>
        <line num="89" count="13" type="stmt"/>
        <line num="91" count="13" type="cond" truecount="2" falsecount="0"/>
        <line num="92" count="2" type="stmt"/>
        <line num="93" count="2" type="cond" truecount="1" falsecount="1"/>
        <line num="94" count="0" type="stmt"/>
        <line num="95" count="0" type="stmt"/>
        <line num="101" count="46" type="stmt"/>
        <line num="102" count="46" type="stmt"/>
        <line num="107" count="45" type="stmt"/>
        <line num="109" count="1" type="stmt"/>
        <line num="110" count="1" type="stmt"/>
        <line num="111" count="1" type="stmt"/>
        <line num="113" count="1" type="stmt"/>
        <line num="121" count="46" type="stmt"/>
        <line num="124" count="46" type="cond" truecount="2" falsecount="0"/>
        <line num="125" count="4" type="stmt"/>
        <line num="133" count="4" type="stmt"/>
        <line num="135" count="4" type="cond" truecount="1" falsecount="1"/>
        <line num="136" count="0" type="stmt"/>
        <line num="141" count="46" type="cond" truecount="2" falsecount="0"/>
        <line num="142" count="27" type="stmt"/>
        <line num="149" count="46" type="stmt"/>
        <line num="152" count="0" type="stmt"/>
        <line num="165" count="0" type="stmt"/>
        <line num="172" count="0" type="stmt"/>
        <line num="183" count="6" type="stmt"/>
        <line num="184" count="6" type="stmt"/>
        <line num="189" count="6" type="cond" truecount="1" falsecount="1"/>
        <line num="190" count="0" type="stmt"/>
        <line num="201" count="6" type="stmt"/>
        <line num="203" count="0" type="cond" truecount="0" falsecount="2"/>
        <line num="204" count="0" type="stmt"/>
        <line num="213" count="0" type="stmt"/>
        <line num="224" count="4" type="stmt"/>
        <line num="227" count="4" type="cond" truecount="2" falsecount="0"/>
        <line num="229" count="3" type="stmt"/>
        <line num="232" count="1" type="stmt"/>
        <line num="235" count="4" type="cond" truecount="1" falsecount="1"/>
        <line num="236" count="0" type="stmt"/>
        <line num="241" count="0" type="cond" truecount="0" falsecount="4"/>
        <line num="245" count="0" type="stmt"/>
        <line num="248" count="4" type="stmt"/>
        <line num="250" count="0" type="cond" truecount="0" falsecount="2"/>
        <line num="251" count="0" type="stmt"/>
        <line num="253" count="0" type="stmt"/>
        <line num="263" count="2" type="stmt"/>
        <line num="265" count="2" type="cond" truecount="1" falsecount="1"/>
        <line num="266" count="0" type="stmt"/>
        <line num="272" count="2" type="stmt"/>
        <line num="282" count="0" type="cond" truecount="0" falsecount="2"/>
        <line num="283" count="0" type="stmt"/>
        <line num="292" count="4" type="stmt"/>
        <line num="308" count="46" type="stmt"/>
        <line num="309" count="46" type="stmt"/>
        <line num="310" count="46" type="stmt"/>
        <line num="311" count="46" type="stmt"/>
        <line num="313" count="46" type="cond" truecount="1" falsecount="1"/>
        <line num="314" count="0" type="stmt"/>
        <line num="317" count="46" type="stmt"/>
        <line num="326" count="46" type="cond" truecount="2" falsecount="0"/>
        <line num="327" count="32" type="stmt"/>
        <line num="329" count="14" type="cond" truecount="4" falsecount="0"/>
        <line num="330" count="13" type="stmt"/>
        <line num="332" count="1" type="stmt"/>
        <line num="340" count="46" type="stmt"/>
        <line num="349" count="0" type="stmt"/>
        <line num="358" count="1" type="stmt"/>
        <line num="366" count="0" type="stmt"/>
        <line num="376" count="2" type="stmt"/>
        <line num="389" count="0" type="stmt"/>
        <line num="400" count="2" type="stmt"/>
        <line num="411" count="1" type="stmt"/>
        <line num="419" count="0" type="stmt"/>
        <line num="428" count="0" type="stmt"/>
        <line num="436" count="0" type="stmt"/>
        <line num="440" count="5" type="stmt"/>
      </file>
      <file name="proxy-sanitizer.js" path="/home/braedonpop/Desktop/projects/capstone/MCP-Securtiy/src/components/proxy-sanitizer.js">
        <metrics statements="17" coveredstatements="17" conditionals="2" coveredconditionals="0" methods="4" coveredmethods="4"/>
        <line num="1" count="2" type="stmt"/>
        <line num="2" count="2" type="stmt"/>
        <line num="5" count="2" type="stmt"/>
        <line num="17" count="2" type="stmt"/>
        <line num="28" count="10" type="stmt"/>
        <line num="29" count="10" type="stmt"/>
        <line num="30" count="10" type="stmt"/>
        <line num="31" count="10" type="stmt"/>
        <line num="42" count="3" type="stmt"/>
        <line num="44" count="3" type="stmt"/>
        <line num="45" count="3" type="stmt"/>
        <line num="47" count="3" type="stmt"/>
        <line num="49" count="3" type="stmt"/>
        <line num="50" count="3" type="stmt"/>
        <line num="51" count="3" type="stmt"/>
        <line num="61" count="3" type="stmt"/>
        <line num="65" count="2" type="stmt"/>
      </file>
      <file name="sanitization-pipeline.js" path="/home/braedonpop/Desktop/projects/capstone/MCP-Securtiy/src/components/sanitization-pipeline.js">
        <metrics statements="32" coveredstatements="29" conditionals="27" coveredconditionals="21" methods="2" coveredmethods="2"/>
        <line num="1" count="4" type="stmt"/>
        <line num="2" count="4" type="stmt"/>
        <line num="3" count="4" type="stmt"/>
        <line num="4" count="4" type="stmt"/>
        <line num="5" count="4" type="stmt"/>
        <line num="6" count="4" type="stmt"/>
        <line num="9" count="4" type="stmt"/>
        <line num="21" count="21" type="stmt"/>
        <line num="29" count="21" type="cond" truecount="2" falsecount="0"/>
        <line num="30" count="21" type="stmt"/>
        <line num="43" count="17" type="cond" truecount="3" falsecount="0"/>
        <line num="46" count="17" type="cond" truecount="2" falsecount="0"/>
        <line num="48" count="5" type="stmt"/>
        <line num="54" count="5" type="cond" truecount="3" falsecount="1"/>
        <line num="55" count="5" type="stmt"/>
        <line num="60" count="5" type="cond" truecount="1" falsecount="1"/>
        <line num="61" count="0" type="stmt"/>
        <line num="68" count="5" type="stmt"/>
        <line num="72" count="12" type="stmt"/>
        <line num="74" count="12" type="stmt"/>
        <line num="77" count="12" type="cond" truecount="3" falsecount="1"/>
        <line num="78" count="12" type="stmt"/>
        <line num="83" count="12" type="cond" truecount="1" falsecount="1"/>
        <line num="84" count="0" type="stmt"/>
        <line num="94" count="12" type="stmt"/>
        <line num="95" count="48" type="stmt"/>
        <line num="99" count="12" type="cond" truecount="3" falsecount="1"/>
        <line num="100" count="12" type="stmt"/>
        <line num="105" count="12" type="cond" truecount="1" falsecount="1"/>
        <line num="106" count="0" type="stmt"/>
        <line num="114" count="12" type="stmt"/>
        <line num="118" count="4" type="stmt"/>
      </file>
    </package>
    <package name="components.SanitizationPipeline">
      <metrics statements="12" coveredstatements="12" conditionals="0" coveredconditionals="0" methods="4" coveredmethods="4"/>
      <file name="escape-neutralization.js" path="/home/braedonpop/Desktop/projects/capstone/MCP-Securtiy/src/components/SanitizationPipeline/escape-neutralization.js">
        <metrics statements="3" coveredstatements="3" conditionals="0" coveredconditionals="0" methods="1" coveredmethods="1"/>
        <line num="13" count="21" type="stmt"/>
        <line num="14" count="21" type="stmt"/>
        <line num="18" count="5" type="stmt"/>
      </file>
      <file name="pattern-redaction.js" path="/home/braedonpop/Desktop/projects/capstone/MCP-Securtiy/src/components/SanitizationPipeline/pattern-redaction.js">
        <metrics statements="2" coveredstatements="2" conditionals="0" coveredconditionals="0" methods="1" coveredmethods="1"/>
        <line num="14" count="12" type="stmt"/>
        <line num="18" count="4" type="stmt"/>
      </file>
      <file name="symbol-stripping.js" path="/home/braedonpop/Desktop/projects/capstone/MCP-Securtiy/src/components/SanitizationPipeline/symbol-stripping.js">
        <metrics statements="5" coveredstatements="5" conditionals="0" coveredconditionals="0" methods="1" coveredmethods="1"/>
        <line num="13" count="24" type="stmt"/>
        <line num="16" count="24" type="stmt"/>
        <line num="18" count="24" type="stmt"/>
        <line num="19" count="24" type="stmt"/>
        <line num="23" count="5" type="stmt"/>
      </file>
      <file name="unicode-normalization.js" path="/home/braedonpop/Desktop/projects/capstone/MCP-Securtiy/src/components/SanitizationPipeline/unicode-normalization.js">
        <metrics statements="2" coveredstatements="2" conditionals="0" coveredconditionals="0" methods="1" coveredmethods="1"/>
        <line num="12" count="12" type="stmt"/>
        <line num="16" count="4" type="stmt"/>
      </file>
    </package>
    <package name="components.data-integrity">
      <metrics statements="426" coveredstatements="279" conditionals="288" coveredconditionals="164" methods="101" coveredmethods="67"/>
      <file name="AtomicOperations.js" path="/home/braedonpop/Desktop/projects/capstone/MCP-Securtiy/src/components/data-integrity/AtomicOperations.js">
        <metrics statements="92" coveredstatements="43" conditionals="45" coveredconditionals="20" methods="19" coveredmethods="10"/>
        <line num="7" count="45" type="cond" truecount="2" falsecount="0"/>
        <line num="8" count="45" type="cond" truecount="2" falsecount="0"/>
        <line num="9" count="45" type="cond" truecount="2" falsecount="0"/>
        <line num="19" count="2" type="stmt"/>
        <line num="20" count="2" type="stmt"/>
        <line num="22" count="2" type="stmt"/>
        <line num="24" count="2" type="stmt"/>
        <line num="27" count="2" type="stmt"/>
        <line num="29" count="2" type="stmt"/>
        <line num="30" count="0" type="stmt"/>
        <line num="34" count="2" type="cond" truecount="1" falsecount="1"/>
        <line num="35" count="0" type="stmt"/>
        <line num="36" count="0" type="stmt"/>
        <line num="45" count="2" type="stmt"/>
        <line num="50" count="2" type="stmt"/>
        <line num="54" count="0" type="stmt"/>
        <line num="55" count="0" type="stmt"/>
        <line num="72" count="2" type="stmt"/>
        <line num="78" count="2" type="cond" truecount="2" falsecount="0"/>
        <line num="79" count="2" type="stmt"/>
        <line num="91" count="2" type="stmt"/>
        <line num="92" count="2" type="cond" truecount="1" falsecount="1"/>
        <line num="93" count="0" type="stmt"/>
        <line num="96" count="2" type="cond" truecount="1" falsecount="1"/>
        <line num="97" count="0" type="stmt"/>
        <line num="101" count="2" type="stmt"/>
        <line num="103" count="2" type="stmt"/>
        <line num="104" count="2" type="stmt"/>
        <line num="113" count="0" type="stmt"/>
        <line num="114" count="0" type="cond" truecount="0" falsecount="2"/>
        <line num="115" count="0" type="stmt"/>
        <line num="118" count="0" type="cond" truecount="0" falsecount="2"/>
        <line num="119" count="0" type="stmt"/>
        <line num="120" count="0" type="stmt"/>
        <line num="123" count="0" type="cond" truecount="0" falsecount="2"/>
        <line num="124" count="0" type="stmt"/>
        <line num="125" count="0" type="stmt"/>
        <line num="129" count="0" type="stmt"/>
        <line num="131" count="0" type="stmt"/>
        <line num="132" count="0" type="stmt"/>
        <line num="133" count="0" type="stmt"/>
        <line num="143" count="2" type="cond" truecount="1" falsecount="1"/>
        <line num="145" count="2" type="stmt"/>
        <line num="146" count="2" type="stmt"/>
        <line num="147" count="2" type="stmt"/>
        <line num="154" count="2" type="stmt"/>
        <line num="155" count="2" type="stmt"/>
        <line num="158" count="2" type="cond" truecount="1" falsecount="1"/>
        <line num="159" count="2" type="stmt"/>
        <line num="160" count="102" type="cond" truecount="1" falsecount="1"/>
        <line num="161" count="0" type="stmt"/>
        <line num="162" count="0" type="stmt"/>
        <line num="168" count="2" type="stmt"/>
        <line num="169" count="2" type="stmt"/>
        <line num="170" count="2" type="stmt"/>
        <line num="173" count="2" type="cond" truecount="1" falsecount="1"/>
        <line num="174" count="0" type="stmt"/>
        <line num="175" count="0" type="stmt"/>
        <line num="179" count="2" type="stmt"/>
        <line num="180" count="2" type="stmt"/>
        <line num="182" count="0" type="stmt"/>
        <line num="183" count="0" type="stmt"/>
        <line num="197" count="2" type="stmt"/>
        <line num="200" count="2" type="stmt"/>
        <line num="201" count="2" type="stmt"/>
        <line num="203" count="2" type="stmt"/>
        <line num="213" count="102" type="cond" truecount="4" falsecount="0"/>
        <line num="223" count="0" type="stmt"/>
        <line num="225" count="0" type="stmt"/>
        <line num="226" count="0" type="stmt"/>
        <line num="228" count="0" type="stmt"/>
        <line num="231" count="0" type="stmt"/>
        <line num="232" count="0" type="cond" truecount="0" falsecount="2"/>
        <line num="233" count="0" type="stmt"/>
        <line num="234" count="0" type="stmt"/>
        <line num="238" count="0" type="stmt"/>
        <line num="239" count="0" type="cond" truecount="0" falsecount="2"/>
        <line num="240" count="0" type="stmt"/>
        <line num="241" count="0" type="stmt"/>
        <line num="245" count="0" type="stmt"/>
        <line num="247" count="0" type="stmt"/>
        <line num="248" count="0" type="stmt"/>
        <line num="253" count="0" type="stmt"/>
        <line num="254" count="0" type="stmt"/>
        <line num="266" count="0" type="stmt"/>
        <line num="276" count="0" type="stmt"/>
        <line num="277" count="0" type="stmt"/>
        <line num="287" count="0" type="stmt"/>
        <line num="295" count="2" type="stmt"/>
        <line num="304" count="0" type="cond" truecount="0" falsecount="2"/>
        <line num="312" count="0" type="cond" truecount="0" falsecount="2"/>
        <line num="316" count="5" type="stmt"/>
      </file>
      <file name="AuditLogger.js" path="/home/braedonpop/Desktop/projects/capstone/MCP-Securtiy/src/components/data-integrity/AuditLogger.js">
        <metrics statements="56" coveredstatements="37" conditionals="51" coveredconditionals="32" methods="16" coveredmethods="9"/>
        <line num="1" count="5" type="stmt"/>
        <line num="9" count="51" type="cond" truecount="2" falsecount="0"/>
        <line num="10" count="51" type="cond" truecount="2" falsecount="0"/>
        <line num="11" count="51" type="stmt"/>
        <line num="14" count="51" type="stmt"/>
        <line num="27" count="51" type="cond" truecount="2" falsecount="0"/>
        <line num="28" count="45" type="stmt"/>
        <line num="36" count="51" type="stmt"/>
        <line num="37" count="51" type="cond" truecount="2" falsecount="0"/>
        <line num="47" count="38" type="stmt"/>
        <line num="60" count="38" type="stmt"/>
        <line num="61" count="38" type="cond" truecount="1" falsecount="1"/>
        <line num="62" count="0" type="stmt"/>
        <line num="66" count="38" type="stmt"/>
        <line num="68" count="38" type="stmt"/>
        <line num="77" count="28" type="stmt"/>
        <line num="84" count="28" type="stmt"/>
        <line num="97" count="0" type="stmt"/>
        <line num="104" count="0" type="stmt"/>
        <line num="117" count="1" type="stmt"/>
        <line num="124" count="1" type="stmt"/>
        <line num="137" count="0" type="stmt"/>
        <line num="145" count="0" type="stmt"/>
        <line num="158" count="0" type="stmt"/>
        <line num="165" count="0" type="stmt"/>
        <line num="177" count="5" type="stmt"/>
        <line num="179" count="5" type="cond" truecount="2" falsecount="0"/>
        <line num="180" count="3" type="stmt"/>
        <line num="183" count="5" type="cond" truecount="2" falsecount="0"/>
        <line num="184" count="2" type="stmt"/>
        <line num="187" count="5" type="cond" truecount="1" falsecount="1"/>
        <line num="188" count="0" type="stmt"/>
        <line num="191" count="5" type="cond" truecount="1" falsecount="1"/>
        <line num="192" count="0" type="stmt"/>
        <line num="193" count="0" type="stmt"/>
        <line num="197" count="5" type="stmt"/>
        <line num="207" count="0" type="stmt"/>
        <line num="208" count="0" type="stmt"/>
        <line num="209" count="0" type="stmt"/>
        <line num="218" count="0" type="stmt"/>
        <line num="224" count="0" type="stmt"/>
        <line num="226" count="0" type="stmt"/>
        <line num="227" count="0" type="stmt"/>
        <line num="236" count="5" type="stmt"/>
        <line num="243" count="5" type="cond" truecount="2" falsecount="0"/>
        <line num="244" count="1" type="stmt"/>
        <line num="245" count="1" type="stmt"/>
        <line num="248" count="5" type="stmt"/>
        <line num="250" count="3" type="cond" truecount="2" falsecount="0"/>
        <line num="253" count="3" type="cond" truecount="2" falsecount="0"/>
        <line num="254" count="3" type="cond" truecount="2" falsecount="0"/>
        <line num="257" count="5" type="stmt"/>
        <line num="265" count="38" type="stmt"/>
        <line num="273" count="0" type="stmt"/>
        <line num="274" count="0" type="stmt"/>
        <line num="278" count="5" type="stmt"/>
      </file>
      <file name="CryptographicHasher.js" path="/home/braedonpop/Desktop/projects/capstone/MCP-Securtiy/src/components/data-integrity/CryptographicHasher.js">
        <metrics statements="46" coveredstatements="37" conditionals="31" coveredconditionals="22" methods="8" coveredmethods="6"/>
        <line num="1" count="5" type="stmt"/>
        <line num="9" count="53" type="stmt"/>
        <line num="10" count="53" type="stmt"/>
        <line num="20" count="343" type="stmt"/>
        <line num="21" count="343" type="stmt"/>
        <line num="22" count="343" type="stmt"/>
        <line num="23" count="343" type="stmt"/>
        <line num="25" count="0" type="stmt"/>
        <line num="37" count="8" type="stmt"/>
        <line num="38" count="8" type="stmt"/>
        <line num="39" count="8" type="stmt"/>
        <line num="45" count="1" type="stmt"/>
        <line num="55" count="99" type="stmt"/>
        <line num="57" count="99" type="cond" truecount="2" falsecount="0"/>
        <line num="58" count="99" type="stmt"/>
        <line num="61" count="99" type="stmt"/>
        <line num="62" count="99" type="cond" truecount="5" falsecount="0"/>
        <line num="63" count="24" type="stmt"/>
        <line num="68" count="24" type="stmt"/>
        <line num="72" count="98" type="stmt"/>
        <line num="76" count="98" type="stmt"/>
        <line num="78" count="98" type="stmt"/>
        <line num="86" count="1" type="stmt"/>
        <line num="98" count="50" type="stmt"/>
        <line num="99" count="49" type="stmt"/>
        <line num="101" count="49" type="stmt"/>
        <line num="127" count="3" type="stmt"/>
        <line num="132" count="3" type="cond" truecount="1" falsecount="1"/>
        <line num="137" count="3" type="stmt"/>
        <line num="138" count="3" type="cond" truecount="1" falsecount="1"/>
        <line num="139" count="3" type="stmt"/>
        <line num="140" count="0" type="cond" truecount="0" falsecount="2"/>
        <line num="141" count="0" type="stmt"/>
        <line num="143" count="0" type="stmt"/>
        <line num="147" count="3" type="stmt"/>
        <line num="148" count="3" type="cond" truecount="1" falsecount="1"/>
        <line num="150" count="3" type="stmt"/>
        <line num="153" count="3" type="stmt"/>
        <line num="156" count="3" type="cond" truecount="2" falsecount="0"/>
        <line num="158" count="3" type="stmt"/>
        <line num="167" count="0" type="stmt"/>
        <line num="181" count="0" type="stmt"/>
        <line num="189" count="0" type="cond" truecount="0" falsecount="2"/>
        <line num="190" count="0" type="stmt"/>
        <line num="192" count="0" type="stmt"/>
        <line num="196" count="5" type="stmt"/>
      </file>
      <file name="ErrorRouter.js" path="/home/braedonpop/Desktop/projects/capstone/MCP-Securtiy/src/components/data-integrity/ErrorRouter.js">
        <metrics statements="74" coveredstatements="54" conditionals="41" coveredconditionals="22" methods="18" coveredmethods="14"/>
        <line num="8" count="50" type="stmt"/>
        <line num="42" count="50" type="stmt"/>
        <line num="43" count="50" type="stmt"/>
        <line num="52" count="10" type="stmt"/>
        <line num="53" count="10" type="stmt"/>
        <line num="54" count="10" type="stmt"/>
        <line num="56" count="10" type="cond" truecount="1" falsecount="1"/>
        <line num="57" count="0" type="stmt"/>
        <line num="64" count="10" type="stmt"/>
        <line num="67" count="10" type="stmt"/>
        <line num="69" count="10" type="stmt"/>
        <line num="78" count="0" type="stmt"/>
        <line num="92" count="10" type="stmt"/>
        <line num="95" count="10" type="cond" truecount="2" falsecount="0"/>
        <line num="96" count="6" type="stmt"/>
        <line num="100" count="4" type="cond" truecount="1" falsecount="1"/>
        <line num="101" count="4" type="cond" truecount="2" falsecount="2"/>
        <line num="103" count="0" type="stmt"/>
        <line num="106" count="4" type="cond" truecount="2" falsecount="2"/>
        <line num="108" count="0" type="stmt"/>
        <line num="111" count="4" type="cond" truecount="2" falsecount="2"/>
        <line num="113" count="0" type="stmt"/>
        <line num="116" count="4" type="cond" truecount="2" falsecount="2"/>
        <line num="118" count="0" type="stmt"/>
        <line num="123" count="4" type="stmt"/>
        <line num="133" count="10" type="stmt"/>
        <line num="134" count="10" type="stmt"/>
        <line num="146" count="10" type="cond" truecount="1" falsecount="1"/>
        <line num="147" count="10" type="stmt"/>
        <line num="151" count="10" type="stmt"/>
        <line num="153" count="10" type="stmt"/>
        <line num="163" count="2" type="cond" truecount="2" falsecount="0"/>
        <line num="165" count="2" type="cond" truecount="1" falsecount="1"/>
        <line num="166" count="0" type="stmt"/>
        <line num="169" count="2" type="stmt"/>
        <line num="173" count="2" type="cond" truecount="2" falsecount="1"/>
        <line num="177" count="2" type="stmt"/>
        <line num="178" count="2" type="stmt"/>
        <line num="179" count="0" type="stmt"/>
        <line num="182" count="2" type="stmt"/>
        <line num="192" count="1" type="stmt"/>
        <line num="193" count="1" type="stmt"/>
        <line num="194" count="1" type="cond" truecount="1" falsecount="1"/>
        <line num="195" count="1" type="stmt"/>
        <line num="196" count="1" type="stmt"/>
        <line num="197" count="1" type="stmt"/>
        <line num="198" count="1" type="stmt"/>
        <line num="201" count="0" type="stmt"/>
        <line num="210" count="0" type="stmt"/>
        <line num="211" count="0" type="stmt"/>
        <line num="212" count="0" type="cond" truecount="0" falsecount="2"/>
        <line num="213" count="0" type="cond" truecount="0" falsecount="2"/>
        <line num="214" count="0" type="stmt"/>
        <line num="221" count="0" type="stmt"/>
        <line num="222" count="0" type="stmt"/>
        <line num="223" count="0" type="stmt"/>
        <line num="225" count="0" type="stmt"/>
        <line num="233" count="0" type="stmt"/>
        <line num="244" count="5" type="stmt"/>
        <line num="252" count="5" type="stmt"/>
        <line num="253" count="1" type="stmt"/>
        <line num="255" count="1" type="stmt"/>
        <line num="256" count="1" type="stmt"/>
        <line num="257" count="1" type="stmt"/>
        <line num="260" count="1" type="stmt"/>
        <line num="261" count="1" type="stmt"/>
        <line num="262" count="1" type="stmt"/>
        <line num="265" count="5" type="stmt"/>
        <line num="266" count="1" type="stmt"/>
        <line num="269" count="5" type="stmt"/>
        <line num="277" count="10" type="stmt"/>
        <line num="285" count="10" type="cond" truecount="2" falsecount="0"/>
        <line num="294" count="0" type="stmt"/>
        <line num="298" count="5" type="stmt"/>
      </file>
      <file name="ReadOnlyAccessControl.js" path="/home/braedonpop/Desktop/projects/capstone/MCP-Securtiy/src/components/data-integrity/ReadOnlyAccessControl.js">
        <metrics statements="83" coveredstatements="41" conditionals="70" coveredconditionals="24" methods="23" coveredmethods="13"/>
        <line num="7" count="45" type="stmt"/>
        <line num="8" count="45" type="cond" truecount="2" falsecount="0"/>
        <line num="9" count="45" type="cond" truecount="2" falsecount="0"/>
        <line num="10" count="45" type="stmt"/>
        <line num="21" count="2" type="stmt"/>
        <line num="23" count="2" type="cond" truecount="2" falsecount="0"/>
        <line num="24" count="1" type="stmt"/>
        <line num="32" count="1" type="cond" truecount="1" falsecount="1"/>
        <line num="33" count="0" type="stmt"/>
        <line num="41" count="1" type="cond" truecount="1" falsecount="1"/>
        <line num="42" count="0" type="stmt"/>
        <line num="50" count="1" type="cond" truecount="1" falsecount="1"/>
        <line num="51" count="0" type="stmt"/>
        <line num="59" count="1" type="cond" truecount="1" falsecount="1"/>
        <line num="60" count="1" type="stmt"/>
        <line num="63" count="1" type="stmt"/>
        <line num="71" count="0" type="cond" truecount="0" falsecount="2"/>
        <line num="72" count="0" type="stmt"/>
        <line num="75" count="0" type="stmt"/>
        <line num="92" count="1" type="cond" truecount="1" falsecount="1"/>
        <line num="93" count="1" type="stmt"/>
        <line num="96" count="1" type="stmt"/>
        <line num="110" count="2" type="stmt"/>
        <line num="126" count="1" type="cond" truecount="3" falsecount="1"/>
        <line num="127" count="0" type="stmt"/>
        <line num="130" count="1" type="stmt"/>
        <line num="131" count="1" type="stmt"/>
        <line num="141" count="1" type="stmt"/>
        <line num="148" count="1" type="cond" truecount="1" falsecount="1"/>
        <line num="160" count="1" type="stmt"/>
        <line num="175" count="1" type="stmt"/>
        <line num="176" count="1" type="stmt"/>
        <line num="177" count="1" type="stmt"/>
        <line num="179" count="1" type="cond" truecount="1" falsecount="1"/>
        <line num="180" count="1" type="stmt"/>
        <line num="184" count="1" type="stmt"/>
        <line num="185" count="0" type="stmt"/>
        <line num="189" count="1" type="cond" truecount="1" falsecount="1"/>
        <line num="190" count="1" type="stmt"/>
        <line num="191" count="1" type="stmt"/>
        <line num="194" count="0" type="stmt"/>
        <line num="203" count="0" type="cond" truecount="0" falsecount="4"/>
        <line num="204" count="0" type="stmt"/>
        <line num="207" count="0" type="stmt"/>
        <line num="208" count="0" type="stmt"/>
        <line num="209" count="0" type="stmt"/>
        <line num="211" count="0" type="stmt"/>
        <line num="222" count="2" type="stmt"/>
        <line num="234" count="2" type="stmt"/>
        <line num="237" count="2" type="cond" truecount="1" falsecount="1"/>
        <line num="238" count="0" type="stmt"/>
        <line num="242" count="2" type="stmt"/>
        <line num="251" count="0" type="stmt"/>
        <line num="253" count="0" type="cond" truecount="0" falsecount="2"/>
        <line num="254" count="0" type="stmt"/>
        <line num="257" count="0" type="cond" truecount="0" falsecount="2"/>
        <line num="258" count="0" type="stmt"/>
        <line num="261" count="0" type="cond" truecount="0" falsecount="2"/>
        <line num="262" count="0" type="stmt"/>
        <line num="265" count="0" type="cond" truecount="0" falsecount="2"/>
        <line num="266" count="0" type="stmt"/>
        <line num="269" count="0" type="cond" truecount="0" falsecount="2"/>
        <line num="270" count="0" type="stmt"/>
        <line num="273" count="0" type="stmt"/>
        <line num="281" count="0" type="stmt"/>
        <line num="291" count="0" type="stmt"/>
        <line num="293" count="0" type="stmt"/>
        <line num="294" count="0" type="cond" truecount="0" falsecount="2"/>
        <line num="295" count="0" type="stmt"/>
        <line num="297" count="0" type="stmt"/>
        <line num="300" count="0" type="stmt"/>
        <line num="302" count="0" type="cond" truecount="0" falsecount="2"/>
        <line num="304" count="0" type="cond" truecount="0" falsecount="2"/>
        <line num="305" count="0" type="stmt"/>
        <line num="309" count="0" type="stmt"/>
        <line num="317" count="2" type="stmt"/>
        <line num="325" count="1" type="stmt"/>
        <line num="334" count="1" type="stmt"/>
        <line num="335" count="1" type="stmt"/>
        <line num="345" count="0" type="stmt"/>
        <line num="347" count="0" type="cond" truecount="0" falsecount="2"/>
        <line num="348" count="0" type="stmt"/>
        <line num="353" count="5" type="stmt"/>
      </file>
      <file name="ReferentialChecker.js" path="/home/braedonpop/Desktop/projects/capstone/MCP-Securtiy/src/components/data-integrity/ReferentialChecker.js">
        <metrics statements="42" coveredstatements="39" conditionals="32" coveredconditionals="30" methods="9" coveredmethods="8"/>
        <line num="8" count="51" type="stmt"/>
        <line num="24" count="51" type="stmt"/>
        <line num="34" count="15" type="cond" truecount="2" falsecount="0"/>
        <line num="35" count="15" type="stmt"/>
        <line num="36" count="15" type="stmt"/>
        <line num="38" count="15" type="stmt"/>
        <line num="39" count="29" type="stmt"/>
        <line num="40" count="29" type="cond" truecount="1" falsecount="1"/>
        <line num="42" count="29" type="stmt"/>
        <line num="43" count="29" type="stmt"/>
        <line num="45" count="29" type="stmt"/>
        <line num="46" count="29" type="cond" truecount="2" falsecount="0"/>
        <line num="47" count="1" type="stmt"/>
        <line num="51" count="15" type="stmt"/>
        <line num="56" count="29" type="stmt"/>
        <line num="57" count="29" type="stmt"/>
        <line num="70" count="29" type="stmt"/>
        <line num="72" count="29" type="cond" truecount="5" falsecount="0"/>
        <line num="73" count="13" type="stmt"/>
        <line num="81" count="16" type="stmt"/>
        <line num="83" count="16" type="cond" truecount="2" falsecount="0"/>
        <line num="84" count="1" type="stmt"/>
        <line num="91" count="15" type="stmt"/>
        <line num="97" count="0" type="stmt"/>
        <line num="117" count="16" type="cond" truecount="4" falsecount="0"/>
        <line num="119" count="15" type="cond" truecount="2" falsecount="0"/>
        <line num="122" count="1" type="cond" truecount="3" falsecount="1"/>
        <line num="124" count="1" type="cond" truecount="2" falsecount="0"/>
        <line num="128" count="0" type="stmt"/>
        <line num="138" count="15" type="stmt"/>
        <line num="139" count="15" type="stmt"/>
        <line num="140" count="15" type="stmt"/>
        <line num="142" count="15" type="stmt"/>
        <line num="143" count="60" type="stmt"/>
        <line num="144" count="60" type="cond" truecount="3" falsecount="0"/>
        <line num="146" count="60" type="stmt"/>
        <line num="152" count="60" type="cond" truecount="2" falsecount="0"/>
        <line num="153" count="8" type="stmt"/>
        <line num="157" count="15" type="stmt"/>
        <line num="175" count="5" type="stmt"/>
        <line num="183" count="0" type="stmt"/>
        <line num="187" count="5" type="stmt"/>
      </file>
      <file name="SchemaValidator.js" path="/home/braedonpop/Desktop/projects/capstone/MCP-Securtiy/src/components/data-integrity/SchemaValidator.js">
        <metrics statements="33" coveredstatements="28" conditionals="18" coveredconditionals="14" methods="8" coveredmethods="7"/>
        <line num="5" count="5" type="stmt"/>
        <line num="9" count="54" type="stmt"/>
        <line num="34" count="58" type="stmt"/>
        <line num="37" count="58" type="cond" truecount="2" falsecount="0"/>
        <line num="39" count="40" type="stmt"/>
        <line num="40" count="18" type="cond" truecount="2" falsecount="0"/>
        <line num="41" count="17" type="stmt"/>
        <line num="42" count="17" type="cond" truecount="1" falsecount="1"/>
        <line num="43" count="0" type="stmt"/>
        <line num="49" count="1" type="cond" truecount="1" falsecount="1"/>
        <line num="50" count="0" type="stmt"/>
        <line num="52" count="1" type="stmt"/>
        <line num="59" count="57" type="stmt"/>
        <line num="61" count="57" type="cond" truecount="2" falsecount="0"/>
        <line num="62" count="6" type="stmt"/>
        <line num="64" count="6" type="stmt"/>
        <line num="73" count="51" type="stmt"/>
        <line num="82" count="0" type="stmt"/>
        <line num="97" count="2" type="stmt"/>
        <line num="98" count="2" type="stmt"/>
        <line num="100" count="2" type="stmt"/>
        <line num="101" count="6" type="stmt"/>
        <line num="102" count="6" type="stmt"/>
        <line num="103" count="6" type="cond" truecount="2" falsecount="0"/>
        <line num="104" count="2" type="stmt"/>
        <line num="108" count="2" type="stmt"/>
        <line num="113" count="6" type="stmt"/>
        <line num="114" count="6" type="stmt"/>
        <line num="125" count="1" type="cond" truecount="1" falsecount="1"/>
        <line num="126" count="1" type="stmt"/>
        <line num="128" count="0" type="stmt"/>
        <line num="137" count="0" type="stmt"/>
        <line num="141" count="5" type="stmt"/>
      </file>
    </package>
    <package name="middleware">
      <metrics statements="44" coveredstatements="44" conditionals="21" coveredconditionals="20" methods="4" coveredmethods="4"/>
      <file name="destination-tracking.js" path="/home/braedonpop/Desktop/projects/capstone/MCP-Securtiy/src/middleware/destination-tracking.js">
        <metrics statements="44" coveredstatements="44" conditionals="21" coveredconditionals="20" methods="4" coveredmethods="4"/>
        <line num="13" count="5" type="stmt"/>
        <line num="16" count="5" type="stmt"/>
        <line num="38" count="33" type="stmt"/>
        <line num="39" count="33" type="stmt"/>
        <line num="42" count="32" type="stmt"/>
        <line num="45" count="32" type="stmt"/>
        <line num="53" count="32" type="stmt"/>
        <line num="55" count="1" type="stmt"/>
        <line num="57" count="1" type="stmt"/>
        <line num="63" count="1" type="stmt"/>
        <line num="73" count="33" type="stmt"/>
        <line num="74" count="33" type="stmt"/>
        <line num="77" count="33" type="stmt"/>
        <line num="78" count="32" type="cond" truecount="2" falsecount="0"/>
        <line num="79" count="8" type="cond" truecount="2" falsecount="0"/>
        <line num="80" count="5" type="stmt"/>
        <line num="81" count="5" type="stmt"/>
        <line num="82" count="3" type="cond" truecount="1" falsecount="1"/>
        <line num="86" count="3" type="stmt"/>
        <line num="87" count="3" type="stmt"/>
        <line num="92" count="32" type="stmt"/>
        <line num="93" count="149" type="stmt"/>
        <line num="94" count="32" type="cond" truecount="2" falsecount="0"/>
        <line num="95" count="3" type="stmt"/>
        <line num="96" count="3" type="stmt"/>
        <line num="100" count="32" type="stmt"/>
        <line num="101" count="107" type="stmt"/>
        <line num="102" count="32" type="cond" truecount="2" falsecount="0"/>
        <line num="103" count="7" type="stmt"/>
        <line num="104" count="7" type="stmt"/>
        <line num="108" count="32" type="stmt"/>
        <line num="109" count="32" type="cond" truecount="5" falsecount="0"/>
        <line num="110" count="17" type="stmt"/>
        <line num="111" count="17" type="stmt"/>
        <line num="116" count="32" type="stmt"/>
        <line num="118" count="32" type="cond" truecount="2" falsecount="0"/>
        <line num="119" count="7" type="stmt"/>
        <line num="120" count="25" type="cond" truecount="2" falsecount="0"/>
        <line num="121" count="10" type="stmt"/>
        <line num="123" count="15" type="stmt"/>
        <line num="124" count="15" type="stmt"/>
        <line num="128" count="32" type="stmt"/>
        <line num="130" count="32" type="stmt"/>
        <line num="138" count="5" type="stmt"/>
      </file>
    </package>
    <package name="routes">
      <metrics statements="56" coveredstatements="51" conditionals="20" coveredconditionals="19" methods="6" coveredmethods="6"/>
      <file name="api.js" path="/home/braedonpop/Desktop/projects/capstone/MCP-Securtiy/src/routes/api.js">
        <metrics statements="56" coveredstatements="51" conditionals="20" coveredconditionals="19" methods="6" coveredmethods="6"/>
        <line num="1" count="3" type="stmt"/>
        <line num="2" count="3" type="stmt"/>
        <line num="3" count="3" type="stmt"/>
        <line num="4" count="3" type="stmt"/>
        <line num="5" count="3" type="stmt"/>
        <line num="6" count="3" type="stmt"/>
        <line num="7" count="3" type="stmt"/>
        <line num="9" count="3" type="stmt"/>
        <line num="10" count="3" type="stmt"/>
        <line num="13" count="3" type="stmt"/>
        <line num="20" count="3" type="stmt"/>
        <line num="21" count="3" type="stmt"/>
        <line num="28" count="5" type="cond" truecount="4" falsecount="0"/>
        <line num="29" count="3" type="stmt"/>
        <line num="31" count="2" type="stmt"/>
        <line num="37" count="3" type="stmt"/>
        <line num="44" count="3" type="stmt"/>
        <line num="48" count="3" type="stmt"/>
        <line num="57" count="3" type="stmt"/>
        <line num="58" count="5" type="stmt"/>
        <line num="59" count="5" type="cond" truecount="2" falsecount="0"/>
        <line num="60" count="1" type="stmt"/>
        <line num="63" count="4" type="stmt"/>
        <line num="64" count="4" type="stmt"/>
        <line num="65" count="4" type="stmt"/>
        <line num="66" count="4" type="stmt"/>
        <line num="68" count="0" type="stmt"/>
        <line num="76" count="3" type="stmt"/>
        <line num="77" count="6" type="stmt"/>
        <line num="78" count="6" type="cond" truecount="2" falsecount="0"/>
        <line num="79" count="1" type="stmt"/>
        <line num="82" count="5" type="stmt"/>
        <line num="83" count="5" type="stmt"/>
        <line num="84" count="5" type="stmt"/>
        <line num="85" count="5" type="stmt"/>
        <line num="87" count="0" type="stmt"/>
        <line num="95" count="3" type="stmt"/>
        <line num="101" count="6" type="stmt"/>
        <line num="102" count="6" type="cond" truecount="2" falsecount="0"/>
        <line num="103" count="1" type="cond" truecount="1" falsecount="1"/>
        <line num="104" count="1" type="stmt"/>
        <line num="106" count="0" type="stmt"/>
        <line num="107" count="5" type="cond" truecount="2" falsecount="0"/>
        <line num="108" count="2" type="stmt"/>
        <line num="112" count="3" type="stmt"/>
        <line num="116" count="3" type="stmt"/>
        <line num="117" count="3" type="cond" truecount="2" falsecount="0"/>
        <line num="118" count="1" type="stmt"/>
        <line num="121" count="2" type="stmt"/>
        <line num="124" count="2" type="stmt"/>
        <line num="125" count="2" type="cond" truecount="4" falsecount="0"/>
        <line num="126" count="1" type="stmt"/>
        <line num="130" count="1" type="stmt"/>
        <line num="137" count="0" type="stmt"/>
        <line num="138" count="0" type="stmt"/>
        <line num="143" count="3" type="stmt"/>
      </file>
    </package>
  </project>
</coverage>
