{"/home/braedonpop/Desktop/projects/capstone/MCP-Securtiy/src/components/DataIntegrityValidator.js": {"path":"/home/braedonpop/Desktop/projects/capstone/MCP-Securtiy/src/components/DataIntegrityValidator.js","statementMap":{"0":{"start":{"line":1,"column":24},"end":{"line":1,"column":67}},"1":{"start":{"line":2,"column":27},"end":{"line":2,"column":73}},"2":{"start":{"line":3,"column":28},"end":{"line":3,"column":75}},"3":{"start":{"line":4,"column":20},"end":{"line":4,"column":59}},"4":{"start":{"line":5,"column":20},"end":{"line":5,"column":59}},"5":{"start":{"line":6,"column":25},"end":{"line":6,"column":69}},"6":{"start":{"line":7,"column":30},"end":{"line":7,"column":79}},"7":{"start":{"line":16,"column":4},"end":{"line":16,"column":49}},"8":{"start":{"line":17,"column":4},"end":{"line":17,"column":55}},"9":{"start":{"line":18,"column":4},"end":{"line":18,"column":50}},"10":{"start":{"line":19,"column":4},"end":{"line":19,"column":41}},"11":{"start":{"line":20,"column":4},"end":{"line":20,"column":67}},"12":{"start":{"line":21,"column":4},"end":{"line":21,"column":71}},"13":{"start":{"line":22,"column":4},"end":{"line":22,"column":80}},"14":{"start":{"line":25,"column":4},"end":{"line":25,"column":59}},"15":{"start":{"line":26,"column":4},"end":{"line":26,"column":62}},"16":{"start":{"line":27,"column":4},"end":{"line":27,"column":63}},"17":{"start":{"line":37,"column":22},"end":{"line":37,"column":32}},"18":{"start":{"line":38,"column":25},"end":{"line":38,"column":52}},"19":{"start":{"line":40,"column":4},"end":{"line":173,"column":5}},"20":{"start":{"line":42,"column":21},"end":{"line":53,"column":7}},"21":{"start":{"line":56,"column":27},"end":{"line":56,"column":78}},"22":{"start":{"line":57,"column":6},"end":{"line":57,"column":43}},"23":{"start":{"line":59,"column":6},"end":{"line":65,"column":7}},"24":{"start":{"line":60,"column":8},"end":{"line":60,"column":51}},"25":{"start":{"line":61,"column":8},"end":{"line":64,"column":9}},"26":{"start":{"line":62,"column":10},"end":{"line":62,"column":33}},"27":{"start":{"line":63,"column":10},"end":{"line":63,"column":56}},"28":{"start":{"line":68,"column":6},"end":{"line":98,"column":7}},"29":{"start":{"line":69,"column":34},"end":{"line":72,"column":9}},"30":{"start":{"line":73,"column":8},"end":{"line":73,"column":55}},"31":{"start":{"line":75,"column":8},"end":{"line":82,"column":9}},"32":{"start":{"line":76,"column":10},"end":{"line":76,"column":74}},"33":{"start":{"line":77,"column":10},"end":{"line":77,"column":76}},"34":{"start":{"line":78,"column":10},"end":{"line":81,"column":11}},"35":{"start":{"line":79,"column":12},"end":{"line":79,"column":35}},"36":{"start":{"line":80,"column":12},"end":{"line":80,"column":58}},"37":{"start":{"line":85,"column":31},"end":{"line":88,"column":9}},"38":{"start":{"line":89,"column":8},"end":{"line":89,"column":55}},"39":{"start":{"line":91,"column":8},"end":{"line":97,"column":9}},"40":{"start":{"line":92,"column":10},"end":{"line":92,"column":98}},"41":{"start":{"line":93,"column":10},"end":{"line":96,"column":11}},"42":{"start":{"line":94,"column":12},"end":{"line":94,"column":35}},"43":{"start":{"line":95,"column":12},"end":{"line":95,"column":58}},"44":{"start":{"line":101,"column":6},"end":{"line":118,"column":7}},"45":{"start":{"line":102,"column":30},"end":{"line":106,"column":9}},"46":{"start":{"line":107,"column":8},"end":{"line":107,"column":53}},"47":{"start":{"line":109,"column":8},"end":{"line":109,"column":57}},"48":{"start":{"line":110,"column":8},"end":{"line":110,"column":75}},"49":{"start":{"line":111,"column":8},"end":{"line":111,"column":66}},"50":{"start":{"line":113,"column":8},"end":{"line":117,"column":10}},"51":{"start":{"line":121,"column":6},"end":{"line":121,"column":50}},"52":{"start":{"line":124,"column":6},"end":{"line":138,"column":7}},"53":{"start":{"line":125,"column":30},"end":{"line":131,"column":10}},"54":{"start":{"line":133,"column":8},"end":{"line":133,"column":52}},"55":{"start":{"line":135,"column":8},"end":{"line":137,"column":9}},"56":{"start":{"line":136,"column":10},"end":{"line":136,"column":55}},"57":{"start":{"line":141,"column":6},"end":{"line":147,"column":7}},"58":{"start":{"line":142,"column":8},"end":{"line":146,"column":11}},"59":{"start":{"line":149,"column":6},"end":{"line":149,"column":52}},"60":{"start":{"line":152,"column":26},"end":{"line":162,"column":7}},"61":{"start":{"line":165,"column":6},"end":{"line":170,"column":9}},"62":{"start":{"line":172,"column":6},"end":{"line":172,"column":57}},"63":{"start":{"line":183,"column":4},"end":{"line":214,"column":5}},"64":{"start":{"line":184,"column":19},"end":{"line":187,"column":7}},"65":{"start":{"line":189,"column":6},"end":{"line":199,"column":7}},"66":{"start":{"line":190,"column":8},"end":{"line":198,"column":10}},"67":{"start":{"line":201,"column":6},"end":{"line":201,"column":18}},"68":{"start":{"line":203,"column":6},"end":{"line":212,"column":7}},"69":{"start":{"line":204,"column":8},"end":{"line":211,"column":10}},"70":{"start":{"line":213,"column":6},"end":{"line":213,"column":18}},"71":{"start":{"line":224,"column":4},"end":{"line":254,"column":5}},"72":{"start":{"line":227,"column":6},"end":{"line":233,"column":7}},"73":{"start":{"line":229,"column":8},"end":{"line":229,"column":82}},"74":{"start":{"line":232,"column":8},"end":{"line":232,"column":76}},"75":{"start":{"line":235,"column":6},"end":{"line":246,"column":7}},"76":{"start":{"line":236,"column":26},"end":{"line":239,"column":9}},"77":{"start":{"line":241,"column":10},"end":{"line":243,"column":16}},"78":{"start":{"line":245,"column":8},"end":{"line":245,"column":72}},"79":{"start":{"line":248,"column":6},"end":{"line":248,"column":28}},"80":{"start":{"line":250,"column":6},"end":{"line":252,"column":7}},"81":{"start":{"line":251,"column":8},"end":{"line":251,"column":98}},"82":{"start":{"line":253,"column":6},"end":{"line":253,"column":19}},"83":{"start":{"line":263,"column":19},"end":{"line":263,"column":65}},"84":{"start":{"line":265,"column":4},"end":{"line":270,"column":5}},"85":{"start":{"line":266,"column":6},"end":{"line":269,"column":9}},"86":{"start":{"line":272,"column":4},"end":{"line":272,"column":18}},"87":{"start":{"line":282,"column":4},"end":{"line":284,"column":5}},"88":{"start":{"line":283,"column":6},"end":{"line":283,"column":73}},"89":{"start":{"line":292,"column":4},"end":{"line":298,"column":6}},"90":{"start":{"line":308,"column":20},"end":{"line":308,"column":30}},"91":{"start":{"line":309,"column":4},"end":{"line":309,"column":55}},"92":{"start":{"line":310,"column":4},"end":{"line":310,"column":51}},"93":{"start":{"line":311,"column":4},"end":{"line":311,"column":89}},"94":{"start":{"line":313,"column":4},"end":{"line":315,"column":5}},"95":{"start":{"line":314,"column":6},"end":{"line":314,"column":91}},"96":{"start":{"line":317,"column":4},"end":{"line":317,"column":18}},"97":{"start":{"line":326,"column":4},"end":{"line":328,"column":5}},"98":{"start":{"line":327,"column":6},"end":{"line":327,"column":45}},"99":{"start":{"line":329,"column":4},"end":{"line":331,"column":5}},"100":{"start":{"line":330,"column":6},"end":{"line":330,"column":61}},"101":{"start":{"line":332,"column":4},"end":{"line":332,"column":13}},"102":{"start":{"line":340,"column":4},"end":{"line":340,"column":74}},"103":{"start":{"line":349,"column":4},"end":{"line":349,"column":49}},"104":{"start":{"line":358,"column":4},"end":{"line":358,"column":60}},"105":{"start":{"line":366,"column":4},"end":{"line":366,"column":54}},"106":{"start":{"line":376,"column":4},"end":{"line":379,"column":7}},"107":{"start":{"line":389,"column":4},"end":{"line":389,"column":65}},"108":{"start":{"line":400,"column":4},"end":{"line":400,"column":75}},"109":{"start":{"line":411,"column":4},"end":{"line":411,"column":76}},"110":{"start":{"line":419,"column":4},"end":{"line":419,"column":47}},"111":{"start":{"line":428,"column":4},"end":{"line":428,"column":62}},"112":{"start":{"line":436,"column":4},"end":{"line":436,"column":50}},"113":{"start":{"line":440,"column":0},"end":{"line":440,"column":40}}},"fnMap":{"0":{"name":"(anonymous_0)","decl":{"start":{"line":14,"column":2},"end":{"line":14,"column":3}},"loc":{"start":{"line":14,"column":28},"end":{"line":28,"column":3}},"line":14},"1":{"name":"(anonymous_1)","decl":{"start":{"line":36,"column":2},"end":{"line":36,"column":3}},"loc":{"start":{"line":36,"column":41},"end":{"line":174,"column":3}},"line":36},"2":{"name":"(anonymous_2)","decl":{"start":{"line":182,"column":2},"end":{"line":182,"column":3}},"loc":{"start":{"line":182,"column":35},"end":{"line":215,"column":3}},"line":182},"3":{"name":"(anonymous_3)","decl":{"start":{"line":223,"column":2},"end":{"line":223,"column":3}},"loc":{"start":{"line":223,"column":36},"end":{"line":255,"column":3}},"line":223},"4":{"name":"(anonymous_4)","decl":{"start":{"line":262,"column":2},"end":{"line":262,"column":3}},"loc":{"start":{"line":262,"column":32},"end":{"line":273,"column":3}},"line":262},"5":{"name":"(anonymous_5)","decl":{"start":{"line":281,"column":2},"end":{"line":281,"column":3}},"loc":{"start":{"line":281,"column":57},"end":{"line":285,"column":3}},"line":281},"6":{"name":"(anonymous_6)","decl":{"start":{"line":291,"column":2},"end":{"line":291,"column":3}},"loc":{"start":{"line":291,"column":13},"end":{"line":299,"column":3}},"line":291},"7":{"name":"(anonymous_7)","decl":{"start":{"line":307,"column":2},"end":{"line":307,"column":3}},"loc":{"start":{"line":307,"column":36},"end":{"line":318,"column":3}},"line":307},"8":{"name":"(anonymous_8)","decl":{"start":{"line":325,"column":2},"end":{"line":325,"column":3}},"loc":{"start":{"line":325,"column":26},"end":{"line":333,"column":3}},"line":325},"9":{"name":"(anonymous_9)","decl":{"start":{"line":339,"column":2},"end":{"line":339,"column":3}},"loc":{"start":{"line":339,"column":25},"end":{"line":341,"column":3}},"line":339},"10":{"name":"(anonymous_10)","decl":{"start":{"line":348,"column":2},"end":{"line":348,"column":3}},"loc":{"start":{"line":348,"column":26},"end":{"line":350,"column":3}},"line":348},"11":{"name":"(anonymous_11)","decl":{"start":{"line":357,"column":2},"end":{"line":357,"column":3}},"loc":{"start":{"line":357,"column":34},"end":{"line":359,"column":3}},"line":357},"12":{"name":"(anonymous_12)","decl":{"start":{"line":365,"column":2},"end":{"line":365,"column":3}},"loc":{"start":{"line":365,"column":28},"end":{"line":367,"column":3}},"line":365},"13":{"name":"(anonymous_13)","decl":{"start":{"line":375,"column":2},"end":{"line":375,"column":3}},"loc":{"start":{"line":375,"column":44},"end":{"line":380,"column":3}},"line":375},"14":{"name":"(anonymous_14)","decl":{"start":{"line":388,"column":2},"end":{"line":388,"column":3}},"loc":{"start":{"line":388,"column":47},"end":{"line":390,"column":3}},"line":388},"15":{"name":"(anonymous_15)","decl":{"start":{"line":399,"column":2},"end":{"line":399,"column":3}},"loc":{"start":{"line":399,"column":71},"end":{"line":401,"column":3}},"line":399},"16":{"name":"(anonymous_16)","decl":{"start":{"line":410,"column":2},"end":{"line":410,"column":3}},"loc":{"start":{"line":410,"column":72},"end":{"line":412,"column":3}},"line":410},"17":{"name":"(anonymous_17)","decl":{"start":{"line":418,"column":2},"end":{"line":418,"column":3}},"loc":{"start":{"line":418,"column":19},"end":{"line":420,"column":3}},"line":418},"18":{"name":"(anonymous_18)","decl":{"start":{"line":427,"column":2},"end":{"line":427,"column":3}},"loc":{"start":{"line":427,"column":38},"end":{"line":429,"column":3}},"line":427},"19":{"name":"(anonymous_19)","decl":{"start":{"line":435,"column":2},"end":{"line":435,"column":3}},"loc":{"start":{"line":435,"column":26},"end":{"line":437,"column":3}},"line":435}},"branchMap":{"0":{"loc":{"start":{"line":14,"column":14},"end":{"line":14,"column":26}},"type":"default-arg","locations":[{"start":{"line":14,"column":24},"end":{"line":14,"column":26}}],"line":14},"1":{"loc":{"start":{"line":20,"column":39},"end":{"line":20,"column":65}},"type":"binary-expr","locations":[{"start":{"line":20,"column":39},"end":{"line":20,"column":59}},{"start":{"line":20,"column":63},"end":{"line":20,"column":65}}],"line":20},"2":{"loc":{"start":{"line":21,"column":42},"end":{"line":21,"column":69}},"type":"binary-expr","locations":[{"start":{"line":21,"column":42},"end":{"line":21,"column":63}},{"start":{"line":21,"column":67},"end":{"line":21,"column":69}}],"line":21},"3":{"loc":{"start":{"line":22,"column":51},"end":{"line":22,"column":78}},"type":"binary-expr","locations":[{"start":{"line":22,"column":51},"end":{"line":22,"column":72}},{"start":{"line":22,"column":76},"end":{"line":22,"column":78}}],"line":22},"4":{"loc":{"start":{"line":26,"column":28},"end":{"line":26,"column":61}},"type":"binary-expr","locations":[{"start":{"line":26,"column":28},"end":{"line":26,"column":52}},{"start":{"line":26,"column":56},"end":{"line":26,"column":61}}],"line":26},"5":{"loc":{"start":{"line":27,"column":29},"end":{"line":27,"column":62}},"type":"binary-expr","locations":[{"start":{"line":27,"column":29},"end":{"line":27,"column":54}},{"start":{"line":27,"column":58},"end":{"line":27,"column":62}}],"line":27},"6":{"loc":{"start":{"line":36,"column":27},"end":{"line":36,"column":39}},"type":"default-arg","locations":[{"start":{"line":36,"column":37},"end":{"line":36,"column":39}}],"line":36},"7":{"loc":{"start":{"line":59,"column":6},"end":{"line":65,"column":7}},"type":"if","locations":[{"start":{"line":59,"column":6},"end":{"line":65,"column":7}},{"start":{},"end":{}}],"line":59},"8":{"loc":{"start":{"line":61,"column":8},"end":{"line":64,"column":9}},"type":"if","locations":[{"start":{"line":61,"column":8},"end":{"line":64,"column":9}},{"start":{},"end":{}}],"line":61},"9":{"loc":{"start":{"line":68,"column":6},"end":{"line":98,"column":7}},"type":"if","locations":[{"start":{"line":68,"column":6},"end":{"line":98,"column":7}},{"start":{},"end":{}}],"line":68},"10":{"loc":{"start":{"line":68,"column":10},"end":{"line":68,"column":75}},"type":"binary-expr","locations":[{"start":{"line":68,"column":10},"end":{"line":68,"column":34}},{"start":{"line":68,"column":38},"end":{"line":68,"column":51}},{"start":{"line":68,"column":55},"end":{"line":68,"column":75}}],"line":68},"11":{"loc":{"start":{"line":75,"column":8},"end":{"line":82,"column":9}},"type":"if","locations":[{"start":{"line":75,"column":8},"end":{"line":82,"column":9}},{"start":{},"end":{}}],"line":75},"12":{"loc":{"start":{"line":78,"column":10},"end":{"line":81,"column":11}},"type":"if","locations":[{"start":{"line":78,"column":10},"end":{"line":81,"column":11}},{"start":{},"end":{}}],"line":78},"13":{"loc":{"start":{"line":91,"column":8},"end":{"line":97,"column":9}},"type":"if","locations":[{"start":{"line":91,"column":8},"end":{"line":97,"column":9}},{"start":{},"end":{}}],"line":91},"14":{"loc":{"start":{"line":93,"column":10},"end":{"line":96,"column":11}},"type":"if","locations":[{"start":{"line":93,"column":10},"end":{"line":96,"column":11}},{"start":{},"end":{}}],"line":93},"15":{"loc":{"start":{"line":105,"column":34},"end":{"line":105,"column":61}},"type":"binary-expr","locations":[{"start":{"line":105,"column":34},"end":{"line":105,"column":48}},{"start":{"line":105,"column":52},"end":{"line":105,"column":61}}],"line":105},"16":{"loc":{"start":{"line":124,"column":6},"end":{"line":138,"column":7}},"type":"if","locations":[{"start":{"line":124,"column":6},"end":{"line":138,"column":7}},{"start":{},"end":{}}],"line":124},"17":{"loc":{"start":{"line":135,"column":8},"end":{"line":137,"column":9}},"type":"if","locations":[{"start":{"line":135,"column":8},"end":{"line":137,"column":9}},{"start":{},"end":{}}],"line":135},"18":{"loc":{"start":{"line":141,"column":6},"end":{"line":147,"column":7}},"type":"if","locations":[{"start":{"line":141,"column":6},"end":{"line":147,"column":7}},{"start":{},"end":{}}],"line":141},"19":{"loc":{"start":{"line":182,"column":21},"end":{"line":182,"column":33}},"type":"default-arg","locations":[{"start":{"line":182,"column":31},"end":{"line":182,"column":33}}],"line":182},"20":{"loc":{"start":{"line":185,"column":8},"end":{"line":185,"column":62}},"type":"cond-expr","locations":[{"start":{"line":185,"column":35},"end":{"line":185,"column":39}},{"start":{"line":185,"column":42},"end":{"line":185,"column":62}}],"line":185},"21":{"loc":{"start":{"line":189,"column":6},"end":{"line":199,"column":7}},"type":"if","locations":[{"start":{"line":189,"column":6},"end":{"line":199,"column":7}},{"start":{},"end":{}}],"line":189},"22":{"loc":{"start":{"line":197,"column":10},"end":{"line":197,"column":31}},"type":"binary-expr","locations":[{"start":{"line":197,"column":10},"end":{"line":197,"column":25}},{"start":{"line":197,"column":29},"end":{"line":197,"column":31}}],"line":197},"23":{"loc":{"start":{"line":203,"column":6},"end":{"line":212,"column":7}},"type":"if","locations":[{"start":{"line":203,"column":6},"end":{"line":212,"column":7}},{"start":{},"end":{}}],"line":203},"24":{"loc":{"start":{"line":210,"column":10},"end":{"line":210,"column":31}},"type":"binary-expr","locations":[{"start":{"line":210,"column":10},"end":{"line":210,"column":25}},{"start":{"line":210,"column":29},"end":{"line":210,"column":31}}],"line":210},"25":{"loc":{"start":{"line":227,"column":6},"end":{"line":233,"column":7}},"type":"if","locations":[{"start":{"line":227,"column":6},"end":{"line":233,"column":7}},{"start":{"line":230,"column":13},"end":{"line":233,"column":7}}],"line":227},"26":{"loc":{"start":{"line":235,"column":6},"end":{"line":246,"column":7}},"type":"if","locations":[{"start":{"line":235,"column":6},"end":{"line":246,"column":7}},{"start":{},"end":{}}],"line":235},"27":{"loc":{"start":{"line":238,"column":21},"end":{"line":238,"column":95}},"type":"cond-expr","locations":[{"start":{"line":238,"column":59},"end":{"line":238,"column":67}},{"start":{"line":238,"column":70},"end":{"line":238,"column":95}}],"line":238},"28":{"loc":{"start":{"line":241,"column":10},"end":{"line":243,"column":16}},"type":"cond-expr","locations":[{"start":{"line":242,"column":14},"end":{"line":242,"column":53}},{"start":{"line":243,"column":14},"end":{"line":243,"column":16}}],"line":241},"29":{"loc":{"start":{"line":241,"column":10},"end":{"line":241,"column":67}},"type":"binary-expr","locations":[{"start":{"line":241,"column":10},"end":{"line":241,"column":45}},{"start":{"line":241,"column":49},"end":{"line":241,"column":67}}],"line":241},"30":{"loc":{"start":{"line":250,"column":6},"end":{"line":252,"column":7}},"type":"if","locations":[{"start":{"line":250,"column":6},"end":{"line":252,"column":7}},{"start":{},"end":{}}],"line":250},"31":{"loc":{"start":{"line":265,"column":4},"end":{"line":270,"column":5}},"type":"if","locations":[{"start":{"line":265,"column":4},"end":{"line":270,"column":5}},{"start":{},"end":{}}],"line":265},"32":{"loc":{"start":{"line":281,"column":43},"end":{"line":281,"column":55}},"type":"default-arg","locations":[{"start":{"line":281,"column":53},"end":{"line":281,"column":55}}],"line":281},"33":{"loc":{"start":{"line":282,"column":4},"end":{"line":284,"column":5}},"type":"if","locations":[{"start":{"line":282,"column":4},"end":{"line":284,"column":5}},{"start":{},"end":{}}],"line":282},"34":{"loc":{"start":{"line":313,"column":4},"end":{"line":315,"column":5}},"type":"if","locations":[{"start":{"line":313,"column":4},"end":{"line":315,"column":5}},{"start":{},"end":{}}],"line":313},"35":{"loc":{"start":{"line":326,"column":4},"end":{"line":328,"column":5}},"type":"if","locations":[{"start":{"line":326,"column":4},"end":{"line":328,"column":5}},{"start":{},"end":{}}],"line":326},"36":{"loc":{"start":{"line":329,"column":4},"end":{"line":331,"column":5}},"type":"if","locations":[{"start":{"line":329,"column":4},"end":{"line":331,"column":5}},{"start":{},"end":{}}],"line":329},"37":{"loc":{"start":{"line":329,"column":8},"end":{"line":329,"column":49}},"type":"binary-expr","locations":[{"start":{"line":329,"column":8},"end":{"line":329,"column":32}},{"start":{"line":329,"column":36},"end":{"line":329,"column":49}}],"line":329},"38":{"loc":{"start":{"line":375,"column":30},"end":{"line":375,"column":42}},"type":"default-arg","locations":[{"start":{"line":375,"column":40},"end":{"line":375,"column":42}}],"line":375},"39":{"loc":{"start":{"line":399,"column":24},"end":{"line":399,"column":55}},"type":"default-arg","locations":[{"start":{"line":399,"column":39},"end":{"line":399,"column":55}}],"line":399},"40":{"loc":{"start":{"line":399,"column":57},"end":{"line":399,"column":69}},"type":"default-arg","locations":[{"start":{"line":399,"column":67},"end":{"line":399,"column":69}}],"line":399},"41":{"loc":{"start":{"line":410,"column":25},"end":{"line":410,"column":56}},"type":"default-arg","locations":[{"start":{"line":410,"column":40},"end":{"line":410,"column":56}}],"line":410},"42":{"loc":{"start":{"line":410,"column":58},"end":{"line":410,"column":70}},"type":"default-arg","locations":[{"start":{"line":410,"column":68},"end":{"line":410,"column":70}}],"line":410}},"s":{"0":5,"1":5,"2":5,"3":5,"4":5,"5":5,"6":5,"7":45,"8":45,"9":45,"10":45,"11":45,"12":45,"13":45,"14":45,"15":45,"16":45,"17":46,"18":46,"19":46,"20":46,"21":46,"22":46,"23":46,"24":2,"25":2,"26":0,"27":0,"28":46,"29":13,"30":13,"31":13,"32":1,"33":1,"34":1,"35":0,"36":0,"37":13,"38":13,"39":13,"40":2,"41":2,"42":0,"43":0,"44":46,"45":46,"46":45,"47":1,"48":1,"49":1,"50":1,"51":46,"52":46,"53":4,"54":4,"55":4,"56":0,"57":46,"58":27,"59":46,"60":0,"61":0,"62":0,"63":6,"64":6,"65":6,"66":0,"67":6,"68":0,"69":0,"70":0,"71":4,"72":4,"73":3,"74":1,"75":4,"76":0,"77":0,"78":0,"79":4,"80":0,"81":0,"82":0,"83":2,"84":2,"85":0,"86":2,"87":0,"88":0,"89":4,"90":46,"91":46,"92":46,"93":46,"94":46,"95":0,"96":46,"97":46,"98":32,"99":14,"100":13,"101":1,"102":46,"103":0,"104":1,"105":0,"106":2,"107":0,"108":2,"109":1,"110":0,"111":0,"112":0,"113":5},"f":{"0":45,"1":46,"2":6,"3":4,"4":2,"5":0,"6":4,"7":46,"8":46,"9":46,"10":0,"11":1,"12":0,"13":2,"14":0,"15":2,"16":1,"17":0,"18":0,"19":0},"b":{"0":[0],"1":[45,45],"2":[45,45],"3":[45,45],"4":[45,45],"5":[45,45],"6":[13],"7":[2,44],"8":[0,2],"9":[13,33],"10":[46,14,13],"11":[1,12],"12":[0,1],"13":[2,11],"14":[0,2],"15":[46,17],"16":[4,42],"17":[0,4],"18":[27,19],"19":[6],"20":[6,0],"21":[0,6],"22":[0,0],"23":[0,0],"24":[0,0],"25":[3,1],"26":[0,4],"27":[0,0],"28":[0,0],"29":[0,0],"30":[0,0],"31":[0,2],"32":[0],"33":[0,0],"34":[0,46],"35":[32,14],"36":[13,1],"37":[14,14],"38":[2],"39":[1],"40":[2],"41":[0],"42":[1]},"_coverageSchema":"1a1c01bbd47fc00a2c39e90264f33305004495a9","hash":"80360062b6a8df30f2f89e02ef53aeadf345ae68"}
,"/home/braedonpop/Desktop/projects/capstone/MCP-Securtiy/src/components/proxy-sanitizer.js": {"path":"/home/braedonpop/Desktop/projects/capstone/MCP-Securtiy/src/components/proxy-sanitizer.js","statementMap":{"0":{"start":{"line":1,"column":29},"end":{"line":1,"column":63}},"1":{"start":{"line":2,"column":16},"end":{"line":2,"column":34}},"2":{"start":{"line":5,"column":15},"end":{"line":9,"column":2}},"3":{"start":{"line":17,"column":4},"end":{"line":17,"column":47}},"4":{"start":{"line":28,"column":4},"end":{"line":28,"column":93}},"5":{"start":{"line":29,"column":22},"end":{"line":29,"column":65}},"6":{"start":{"line":30,"column":4},"end":{"line":30,"column":98}},"7":{"start":{"line":31,"column":4},"end":{"line":31,"column":21}},"8":{"start":{"line":42,"column":4},"end":{"line":42,"column":93}},"9":{"start":{"line":44,"column":22},"end":{"line":44,"column":34}},"10":{"start":{"line":45,"column":26},"end":{"line":45,"column":65}},"11":{"start":{"line":47,"column":24},"end":{"line":47,"column":56}},"12":{"start":{"line":49,"column":28},"end":{"line":49,"column":69}},"13":{"start":{"line":50,"column":4},"end":{"line":50,"column":41}},"14":{"start":{"line":51,"column":4},"end":{"line":51,"column":39}},"15":{"start":{"line":61,"column":4},"end":{"line":61,"column":32}},"16":{"start":{"line":65,"column":0},"end":{"line":65,"column":32}}},"fnMap":{"0":{"name":"(anonymous_0)","decl":{"start":{"line":16,"column":2},"end":{"line":16,"column":3}},"loc":{"start":{"line":16,"column":16},"end":{"line":18,"column":3}},"line":16},"1":{"name":"(anonymous_1)","decl":{"start":{"line":27,"column":2},"end":{"line":27,"column":3}},"loc":{"start":{"line":27,"column":37},"end":{"line":32,"column":3}},"line":27},"2":{"name":"(anonymous_2)","decl":{"start":{"line":41,"column":2},"end":{"line":41,"column":3}},"loc":{"start":{"line":41,"column":48},"end":{"line":52,"column":3}},"line":41},"3":{"name":"(anonymous_3)","decl":{"start":{"line":59,"column":2},"end":{"line":59,"column":3}},"loc":{"start":{"line":59,"column":21},"end":{"line":62,"column":3}},"line":59}},"branchMap":{"0":{"loc":{"start":{"line":27,"column":23},"end":{"line":27,"column":35}},"type":"default-arg","locations":[{"start":{"line":27,"column":33},"end":{"line":27,"column":35}}],"line":27},"1":{"loc":{"start":{"line":41,"column":34},"end":{"line":41,"column":46}},"type":"default-arg","locations":[{"start":{"line":41,"column":44},"end":{"line":41,"column":46}}],"line":41}},"s":{"0":2,"1":2,"2":2,"3":2,"4":10,"5":10,"6":10,"7":10,"8":3,"9":3,"10":3,"11":3,"12":3,"13":3,"14":3,"15":3,"16":2},"f":{"0":2,"1":10,"2":3,"3":3},"b":{"0":[0],"1":[0]},"_coverageSchema":"1a1c01bbd47fc00a2c39e90264f33305004495a9","hash":"749db63a46159b4fd0c1eb0110ac658bb93caddb"}
,"/home/braedonpop/Desktop/projects/capstone/MCP-Securtiy/src/components/sanitization-pipeline.js": {"path":"/home/braedonpop/Desktop/projects/capstone/MCP-Securtiy/src/components/sanitization-pipeline.js","statementMap":{"0":{"start":{"line":1,"column":29},"end":{"line":1,"column":87}},"1":{"start":{"line":2,"column":24},"end":{"line":2,"column":77}},"2":{"start":{"line":3,"column":29},"end":{"line":3,"column":87}},"3":{"start":{"line":4,"column":25},"end":{"line":4,"column":79}},"4":{"start":{"line":5,"column":31},"end":{"line":5,"column":66}},"5":{"start":{"line":6,"column":16},"end":{"line":6,"column":34}},"6":{"start":{"line":9,"column":15},"end":{"line":13,"column":2}},"7":{"start":{"line":21,"column":4},"end":{"line":26,"column":6}},"8":{"start":{"line":29,"column":4},"end":{"line":29,"column":89}},"9":{"start":{"line":30,"column":4},"end":{"line":30,"column":63}},"10":{"start":{"line":43,"column":91},"end":{"line":43,"column":98}},"11":{"start":{"line":46,"column":4},"end":{"line":69,"column":5}},"12":{"start":{"line":48,"column":6},"end":{"line":51,"column":9}},"13":{"start":{"line":54,"column":6},"end":{"line":66,"column":7}},"14":{"start":{"line":55,"column":33},"end":{"line":58,"column":10}},"15":{"start":{"line":60,"column":8},"end":{"line":65,"column":9}},"16":{"start":{"line":61,"column":10},"end":{"line":64,"column":13}},"17":{"start":{"line":68,"column":6},"end":{"line":68,"column":18}},"18":{"start":{"line":72,"column":4},"end":{"line":72,"column":100}},"19":{"start":{"line":74,"column":17},"end":{"line":74,"column":21}},"20":{"start":{"line":77,"column":4},"end":{"line":91,"column":5}},"21":{"start":{"line":78,"column":28},"end":{"line":81,"column":8}},"22":{"start":{"line":83,"column":6},"end":{"line":90,"column":7}},"23":{"start":{"line":84,"column":8},"end":{"line":87,"column":11}},"24":{"start":{"line":94,"column":4},"end":{"line":96,"column":5}},"25":{"start":{"line":95,"column":6},"end":{"line":95,"column":37}},"26":{"start":{"line":99,"column":4},"end":{"line":111,"column":5}},"27":{"start":{"line":100,"column":29},"end":{"line":103,"column":8}},"28":{"start":{"line":105,"column":6},"end":{"line":110,"column":7}},"29":{"start":{"line":106,"column":8},"end":{"line":109,"column":11}},"30":{"start":{"line":114,"column":4},"end":{"line":114,"column":18}},"31":{"start":{"line":118,"column":0},"end":{"line":118,"column":38}}},"fnMap":{"0":{"name":"(anonymous_0)","decl":{"start":{"line":20,"column":2},"end":{"line":20,"column":3}},"loc":{"start":{"line":20,"column":28},"end":{"line":31,"column":3}},"line":20},"1":{"name":"(anonymous_1)","decl":{"start":{"line":42,"column":2},"end":{"line":42,"column":3}},"loc":{"start":{"line":42,"column":37},"end":{"line":115,"column":3}},"line":42}},"branchMap":{"0":{"loc":{"start":{"line":20,"column":14},"end":{"line":20,"column":26}},"type":"default-arg","locations":[{"start":{"line":20,"column":24},"end":{"line":20,"column":26}}],"line":20},"1":{"loc":{"start":{"line":29,"column":57},"end":{"line":29,"column":87}},"type":"binary-expr","locations":[{"start":{"line":29,"column":57},"end":{"line":29,"column":81}},{"start":{"line":29,"column":85},"end":{"line":29,"column":87}}],"line":29},"2":{"loc":{"start":{"line":42,"column":23},"end":{"line":42,"column":35}},"type":"default-arg","locations":[{"start":{"line":42,"column":33},"end":{"line":42,"column":35}}],"line":42},"3":{"loc":{"start":{"line":43,"column":12},"end":{"line":43,"column":38}},"type":"default-arg","locations":[{"start":{"line":43,"column":29},"end":{"line":43,"column":38}}],"line":43},"4":{"loc":{"start":{"line":43,"column":40},"end":{"line":43,"column":62}},"type":"default-arg","locations":[{"start":{"line":43,"column":57},"end":{"line":43,"column":62}}],"line":43},"5":{"loc":{"start":{"line":43,"column":64},"end":{"line":43,"column":86}},"type":"default-arg","locations":[{"start":{"line":43,"column":84},"end":{"line":43,"column":86}}],"line":43},"6":{"loc":{"start":{"line":46,"column":4},"end":{"line":69,"column":5}},"type":"if","locations":[{"start":{"line":46,"column":4},"end":{"line":69,"column":5}},{"start":{},"end":{}}],"line":46},"7":{"loc":{"start":{"line":54,"column":6},"end":{"line":66,"column":7}},"type":"if","locations":[{"start":{"line":54,"column":6},"end":{"line":66,"column":7}},{"start":{},"end":{}}],"line":54},"8":{"loc":{"start":{"line":54,"column":10},"end":{"line":54,"column":50}},"type":"binary-expr","locations":[{"start":{"line":54,"column":10},"end":{"line":54,"column":31}},{"start":{"line":54,"column":35},"end":{"line":54,"column":50}}],"line":54},"9":{"loc":{"start":{"line":60,"column":8},"end":{"line":65,"column":9}},"type":"if","locations":[{"start":{"line":60,"column":8},"end":{"line":65,"column":9}},{"start":{},"end":{}}],"line":60},"10":{"loc":{"start":{"line":77,"column":4},"end":{"line":91,"column":5}},"type":"if","locations":[{"start":{"line":77,"column":4},"end":{"line":91,"column":5}},{"start":{},"end":{}}],"line":77},"11":{"loc":{"start":{"line":77,"column":8},"end":{"line":77,"column":48}},"type":"binary-expr","locations":[{"start":{"line":77,"column":8},"end":{"line":77,"column":29}},{"start":{"line":77,"column":33},"end":{"line":77,"column":48}}],"line":77},"12":{"loc":{"start":{"line":83,"column":6},"end":{"line":90,"column":7}},"type":"if","locations":[{"start":{"line":83,"column":6},"end":{"line":90,"column":7}},{"start":{},"end":{}}],"line":83},"13":{"loc":{"start":{"line":99,"column":4},"end":{"line":111,"column":5}},"type":"if","locations":[{"start":{"line":99,"column":4},"end":{"line":111,"column":5}},{"start":{},"end":{}}],"line":99},"14":{"loc":{"start":{"line":99,"column":8},"end":{"line":99,"column":48}},"type":"binary-expr","locations":[{"start":{"line":99,"column":8},"end":{"line":99,"column":29}},{"start":{"line":99,"column":33},"end":{"line":99,"column":48}}],"line":99},"15":{"loc":{"start":{"line":105,"column":6},"end":{"line":110,"column":7}},"type":"if","locations":[{"start":{"line":105,"column":6},"end":{"line":110,"column":7}},{"start":{},"end":{}}],"line":105}},"s":{"0":4,"1":4,"2":4,"3":4,"4":4,"5":4,"6":4,"7":21,"8":21,"9":21,"10":17,"11":17,"12":5,"13":5,"14":5,"15":5,"16":0,"17":5,"18":12,"19":12,"20":12,"21":12,"22":12,"23":0,"24":12,"25":48,"26":12,"27":12,"28":12,"29":0,"30":12,"31":4},"f":{"0":21,"1":17},"b":{"0":[8],"1":[21,8],"2":[1],"3":[1],"4":[17],"5":[16],"6":[5,12],"7":[5,0],"8":[5,5],"9":[0,5],"10":[12,0],"11":[12,12],"12":[0,12],"13":[12,0],"14":[12,12],"15":[0,12]},"_coverageSchema":"1a1c01bbd47fc00a2c39e90264f33305004495a9","hash":"0daea9746db0b2401f09b1c808c1e7c434d42841"}
,"/home/braedonpop/Desktop/projects/capstone/MCP-Securtiy/src/components/SanitizationPipeline/escape-neutralization.js": {"path":"/home/braedonpop/Desktop/projects/capstone/MCP-Securtiy/src/components/SanitizationPipeline/escape-neutralization.js","statementMap":{"0":{"start":{"line":13,"column":28},"end":{"line":13,"column":54}},"1":{"start":{"line":14,"column":4},"end":{"line":14,"column":48}},"2":{"start":{"line":18,"column":0},"end":{"line":18,"column":38}}},"fnMap":{"0":{"name":"(anonymous_0)","decl":{"start":{"line":11,"column":2},"end":{"line":11,"column":3}},"loc":{"start":{"line":11,"column":17},"end":{"line":15,"column":3}},"line":11}},"branchMap":{},"s":{"0":21,"1":21,"2":5},"f":{"0":21},"b":{},"_coverageSchema":"1a1c01bbd47fc00a2c39e90264f33305004495a9","hash":"4d5bc568fa04b949958f8d5cc4d7025e2b44a4ec"}
,"/home/braedonpop/Desktop/projects/capstone/MCP-Securtiy/src/components/SanitizationPipeline/pattern-redaction.js": {"path":"/home/braedonpop/Desktop/projects/capstone/MCP-Securtiy/src/components/SanitizationPipeline/pattern-redaction.js","statementMap":{"0":{"start":{"line":14,"column":4},"end":{"line":14,"column":16}},"1":{"start":{"line":18,"column":0},"end":{"line":18,"column":34}}},"fnMap":{"0":{"name":"(anonymous_0)","decl":{"start":{"line":11,"column":2},"end":{"line":11,"column":3}},"loc":{"start":{"line":11,"column":17},"end":{"line":15,"column":3}},"line":11}},"branchMap":{},"s":{"0":12,"1":4},"f":{"0":12},"b":{},"_coverageSchema":"1a1c01bbd47fc00a2c39e90264f33305004495a9","hash":"1230a7f32bc86d4f6d0e6d7f46ff45e1aee68536"}
,"/home/braedonpop/Desktop/projects/capstone/MCP-Securtiy/src/components/SanitizationPipeline/symbol-stripping.js": {"path":"/home/braedonpop/Desktop/projects/capstone/MCP-Securtiy/src/components/SanitizationPipeline/symbol-stripping.js","statementMap":{"0":{"start":{"line":13,"column":27},"end":{"line":13,"column":77}},"1":{"start":{"line":16,"column":6},"end":{"line":16,"column":380}},"2":{"start":{"line":18,"column":18},"end":{"line":18,"column":71}},"3":{"start":{"line":19,"column":4},"end":{"line":19,"column":38}},"4":{"start":{"line":23,"column":0},"end":{"line":23,"column":33}}},"fnMap":{"0":{"name":"(anonymous_0)","decl":{"start":{"line":11,"column":2},"end":{"line":11,"column":3}},"loc":{"start":{"line":11,"column":17},"end":{"line":20,"column":3}},"line":11}},"branchMap":{},"s":{"0":24,"1":24,"2":24,"3":24,"4":5},"f":{"0":24},"b":{},"_coverageSchema":"1a1c01bbd47fc00a2c39e90264f33305004495a9","hash":"f3d855927174f9d0770c2fd448cbddc90fa4f71b"}
,"/home/braedonpop/Desktop/projects/capstone/MCP-Securtiy/src/components/SanitizationPipeline/unicode-normalization.js": {"path":"/home/braedonpop/Desktop/projects/capstone/MCP-Securtiy/src/components/SanitizationPipeline/unicode-normalization.js","statementMap":{"0":{"start":{"line":12,"column":4},"end":{"line":12,"column":33}},"1":{"start":{"line":16,"column":0},"end":{"line":16,"column":38}}},"fnMap":{"0":{"name":"(anonymous_0)","decl":{"start":{"line":11,"column":2},"end":{"line":11,"column":3}},"loc":{"start":{"line":11,"column":17},"end":{"line":13,"column":3}},"line":11}},"branchMap":{},"s":{"0":12,"1":4},"f":{"0":12},"b":{},"_coverageSchema":"1a1c01bbd47fc00a2c39e90264f33305004495a9","hash":"99e66941de8195267e19e6911a1324d83975d773"}
,"/home/braedonpop/Desktop/projects/capstone/MCP-Securtiy/src/components/data-integrity/AtomicOperations.js": {"path":"/home/braedonpop/Desktop/projects/capstone/MCP-Securtiy/src/components/data-integrity/AtomicOperations.js","statementMap":{"0":{"start":{"line":7,"column":4},"end":{"line":7,"column":67}},"1":{"start":{"line":8,"column":4},"end":{"line":8,"column":46}},"2":{"start":{"line":9,"column":4},"end":{"line":9,"column":67}},"3":{"start":{"line":19,"column":26},"end":{"line":19,"column":54}},"4":{"start":{"line":20,"column":22},"end":{"line":20,"column":32}},"5":{"start":{"line":22,"column":4},"end":{"line":61,"column":5}},"6":{"start":{"line":24,"column":6},"end":{"line":24,"column":58}},"7":{"start":{"line":27,"column":21},"end":{"line":31,"column":8}},"8":{"start":{"line":29,"column":22},"end":{"line":29,"column":59}},"9":{"start":{"line":30,"column":30},"end":{"line":30,"column":77}},"10":{"start":{"line":34,"column":6},"end":{"line":51,"column":7}},"11":{"start":{"line":35,"column":8},"end":{"line":35,"column":74}},"12":{"start":{"line":36,"column":8},"end":{"line":41,"column":10}},"13":{"start":{"line":45,"column":28},"end":{"line":49,"column":9}},"14":{"start":{"line":50,"column":8},"end":{"line":50,"column":27}},"15":{"start":{"line":54,"column":6},"end":{"line":54,"column":67}},"16":{"start":{"line":55,"column":6},"end":{"line":60,"column":8}},"17":{"start":{"line":72,"column":4},"end":{"line":75,"column":7}},"18":{"start":{"line":78,"column":4},"end":{"line":78,"column":67}},"19":{"start":{"line":79,"column":4},"end":{"line":83,"column":7}},"20":{"start":{"line":91,"column":24},"end":{"line":91,"column":67}},"21":{"start":{"line":92,"column":4},"end":{"line":94,"column":5}},"22":{"start":{"line":93,"column":6},"end":{"line":93,"column":64}},"23":{"start":{"line":96,"column":4},"end":{"line":98,"column":5}},"24":{"start":{"line":97,"column":6},"end":{"line":97,"column":68}},"25":{"start":{"line":101,"column":4},"end":{"line":101,"column":59}},"26":{"start":{"line":103,"column":4},"end":{"line":103,"column":37}},"27":{"start":{"line":104,"column":4},"end":{"line":104,"column":37}},"28":{"start":{"line":113,"column":24},"end":{"line":113,"column":67}},"29":{"start":{"line":114,"column":4},"end":{"line":116,"column":5}},"30":{"start":{"line":115,"column":6},"end":{"line":115,"column":64}},"31":{"start":{"line":118,"column":4},"end":{"line":121,"column":5}},"32":{"start":{"line":119,"column":6},"end":{"line":119,"column":76}},"33":{"start":{"line":120,"column":6},"end":{"line":120,"column":13}},"34":{"start":{"line":123,"column":4},"end":{"line":126,"column":5}},"35":{"start":{"line":124,"column":6},"end":{"line":124,"column":96}},"36":{"start":{"line":125,"column":6},"end":{"line":125,"column":13}},"37":{"start":{"line":129,"column":4},"end":{"line":129,"column":73}},"38":{"start":{"line":131,"column":4},"end":{"line":131,"column":39}},"39":{"start":{"line":132,"column":4},"end":{"line":132,"column":37}},"40":{"start":{"line":133,"column":4},"end":{"line":133,"column":40}},"41":{"start":{"line":143,"column":54},"end":{"line":143,"column":61}},"42":{"start":{"line":145,"column":4},"end":{"line":185,"column":7}},"43":{"start":{"line":146,"column":6},"end":{"line":184,"column":7}},"44":{"start":{"line":147,"column":24},"end":{"line":151,"column":9}},"45":{"start":{"line":154,"column":8},"end":{"line":177,"column":9}},"46":{"start":{"line":154,"column":21},"end":{"line":154,"column":22}},"47":{"start":{"line":155,"column":24},"end":{"line":155,"column":57}},"48":{"start":{"line":158,"column":10},"end":{"line":165,"column":11}},"49":{"start":{"line":159,"column":12},"end":{"line":164,"column":13}},"50":{"start":{"line":160,"column":14},"end":{"line":163,"column":15}},"51":{"start":{"line":161,"column":16},"end":{"line":161,"column":33}},"52":{"start":{"line":162,"column":16},"end":{"line":162,"column":25}},"53":{"start":{"line":168,"column":31},"end":{"line":168,"column":73}},"54":{"start":{"line":169,"column":10},"end":{"line":169,"column":48}},"55":{"start":{"line":170,"column":10},"end":{"line":170,"column":48}},"56":{"start":{"line":173,"column":10},"end":{"line":176,"column":11}},"57":{"start":{"line":174,"column":12},"end":{"line":174,"column":51}},"58":{"start":{"line":175,"column":12},"end":{"line":175,"column":86}},"59":{"start":{"line":179,"column":8},"end":{"line":179,"column":23}},"60":{"start":{"line":180,"column":8},"end":{"line":180,"column":50}},"61":{"start":{"line":182,"column":8},"end":{"line":182,"column":38}},"62":{"start":{"line":183,"column":8},"end":{"line":183,"column":70}},"63":{"start":{"line":197,"column":4},"end":{"line":197,"column":90}},"64":{"start":{"line":200,"column":19},"end":{"line":200,"column":20}},"65":{"start":{"line":201,"column":19},"end":{"line":201,"column":31}},"66":{"start":{"line":203,"column":4},"end":{"line":203,"column":30}},"67":{"start":{"line":213,"column":4},"end":{"line":213,"column":73}},"68":{"start":{"line":223,"column":26},"end":{"line":223,"column":59}},"69":{"start":{"line":225,"column":4},"end":{"line":256,"column":7}},"70":{"start":{"line":226,"column":6},"end":{"line":255,"column":7}},"71":{"start":{"line":228,"column":8},"end":{"line":228,"column":66}},"72":{"start":{"line":231,"column":27},"end":{"line":231,"column":82}},"73":{"start":{"line":232,"column":8},"end":{"line":235,"column":9}},"74":{"start":{"line":233,"column":10},"end":{"line":233,"column":48}},"75":{"start":{"line":234,"column":10},"end":{"line":234,"column":28}},"76":{"start":{"line":238,"column":33},"end":{"line":238,"column":81}},"77":{"start":{"line":239,"column":8},"end":{"line":242,"column":9}},"78":{"start":{"line":240,"column":10},"end":{"line":240,"column":62}},"79":{"start":{"line":241,"column":10},"end":{"line":241,"column":91}},"80":{"start":{"line":245,"column":8},"end":{"line":245,"column":56}},"81":{"start":{"line":247,"column":8},"end":{"line":247,"column":23}},"82":{"start":{"line":248,"column":8},"end":{"line":251,"column":10}},"83":{"start":{"line":253,"column":8},"end":{"line":253,"column":38}},"84":{"start":{"line":254,"column":8},"end":{"line":254,"column":56}},"85":{"start":{"line":266,"column":4},"end":{"line":266,"column":85}},"86":{"start":{"line":276,"column":4},"end":{"line":276,"column":63}},"87":{"start":{"line":277,"column":4},"end":{"line":277,"column":27}},"88":{"start":{"line":287,"column":4},"end":{"line":287,"column":64}},"89":{"start":{"line":295,"column":4},"end":{"line":295,"column":74}},"90":{"start":{"line":304,"column":4},"end":{"line":304,"column":63}},"91":{"start":{"line":312,"column":4},"end":{"line":312,"column":58}},"92":{"start":{"line":316,"column":0},"end":{"line":316,"column":34}}},"fnMap":{"0":{"name":"(anonymous_0)","decl":{"start":{"line":6,"column":2},"end":{"line":6,"column":3}},"loc":{"start":{"line":6,"column":28},"end":{"line":10,"column":3}},"line":6},"1":{"name":"(anonymous_1)","decl":{"start":{"line":18,"column":2},"end":{"line":18,"column":3}},"loc":{"start":{"line":18,"column":54},"end":{"line":62,"column":3}},"line":18},"2":{"name":"(anonymous_2)","decl":{"start":{"line":29,"column":16},"end":{"line":29,"column":17}},"loc":{"start":{"line":29,"column":22},"end":{"line":29,"column":59}},"line":29},"3":{"name":"(anonymous_3)","decl":{"start":{"line":30,"column":18},"end":{"line":30,"column":19}},"loc":{"start":{"line":30,"column":30},"end":{"line":30,"column":77}},"line":30},"4":{"name":"(anonymous_4)","decl":{"start":{"line":69,"column":2},"end":{"line":69,"column":3}},"loc":{"start":{"line":69,"column":54},"end":{"line":84,"column":3}},"line":69},"5":{"name":"(anonymous_5)","decl":{"start":{"line":90,"column":2},"end":{"line":90,"column":3}},"loc":{"start":{"line":90,"column":41},"end":{"line":105,"column":3}},"line":90},"6":{"name":"(anonymous_6)","decl":{"start":{"line":112,"column":2},"end":{"line":112,"column":3}},"loc":{"start":{"line":112,"column":56},"end":{"line":134,"column":3}},"line":112},"7":{"name":"(anonymous_7)","decl":{"start":{"line":142,"column":2},"end":{"line":142,"column":3}},"loc":{"start":{"line":142,"column":44},"end":{"line":186,"column":3}},"line":142},"8":{"name":"(anonymous_8)","decl":{"start":{"line":145,"column":37},"end":{"line":145,"column":38}},"loc":{"start":{"line":145,"column":84},"end":{"line":185,"column":5}},"line":145},"9":{"name":"(anonymous_9)","decl":{"start":{"line":194,"column":2},"end":{"line":194,"column":3}},"loc":{"start":{"line":194,"column":40},"end":{"line":204,"column":3}},"line":194},"10":{"name":"(anonymous_10)","decl":{"start":{"line":211,"column":2},"end":{"line":211,"column":3}},"loc":{"start":{"line":211,"column":25},"end":{"line":214,"column":3}},"line":211},"11":{"name":"(anonymous_11)","decl":{"start":{"line":222,"column":2},"end":{"line":222,"column":3}},"loc":{"start":{"line":222,"column":47},"end":{"line":257,"column":3}},"line":222},"12":{"name":"(anonymous_12)","decl":{"start":{"line":225,"column":37},"end":{"line":225,"column":38}},"loc":{"start":{"line":225,"column":69},"end":{"line":256,"column":5}},"line":225},"13":{"name":"(anonymous_13)","decl":{"start":{"line":264,"column":2},"end":{"line":264,"column":3}},"loc":{"start":{"line":264,"column":61},"end":{"line":267,"column":3}},"line":264},"14":{"name":"(anonymous_14)","decl":{"start":{"line":274,"column":2},"end":{"line":274,"column":3}},"loc":{"start":{"line":274,"column":46},"end":{"line":278,"column":3}},"line":274},"15":{"name":"(anonymous_15)","decl":{"start":{"line":285,"column":2},"end":{"line":285,"column":3}},"loc":{"start":{"line":285,"column":39},"end":{"line":288,"column":3}},"line":285},"16":{"name":"(anonymous_16)","decl":{"start":{"line":294,"column":2},"end":{"line":294,"column":3}},"loc":{"start":{"line":294,"column":26},"end":{"line":296,"column":3}},"line":294},"17":{"name":"(anonymous_17)","decl":{"start":{"line":303,"column":2},"end":{"line":303,"column":3}},"loc":{"start":{"line":303,"column":38},"end":{"line":305,"column":3}},"line":303},"18":{"name":"(anonymous_18)","decl":{"start":{"line":311,"column":2},"end":{"line":311,"column":3}},"loc":{"start":{"line":311,"column":26},"end":{"line":313,"column":3}},"line":311}},"branchMap":{"0":{"loc":{"start":{"line":6,"column":14},"end":{"line":6,"column":26}},"type":"default-arg","locations":[{"start":{"line":6,"column":24},"end":{"line":6,"column":26}}],"line":6},"1":{"loc":{"start":{"line":7,"column":30},"end":{"line":7,"column":66}},"type":"binary-expr","locations":[{"start":{"line":7,"column":30},"end":{"line":7,"column":56}},{"start":{"line":7,"column":60},"end":{"line":7,"column":66}}],"line":7},"2":{"loc":{"start":{"line":8,"column":22},"end":{"line":8,"column":45}},"type":"binary-expr","locations":[{"start":{"line":8,"column":22},"end":{"line":8,"column":40}},{"start":{"line":8,"column":44},"end":{"line":8,"column":45}}],"line":8},"3":{"loc":{"start":{"line":9,"column":26},"end":{"line":9,"column":66}},"type":"binary-expr","locations":[{"start":{"line":9,"column":26},"end":{"line":9,"column":48}},{"start":{"line":9,"column":52},"end":{"line":9,"column":66}}],"line":9},"4":{"loc":{"start":{"line":18,"column":40},"end":{"line":18,"column":52}},"type":"default-arg","locations":[{"start":{"line":18,"column":50},"end":{"line":18,"column":52}}],"line":18},"5":{"loc":{"start":{"line":34,"column":6},"end":{"line":51,"column":7}},"type":"if","locations":[{"start":{"line":34,"column":6},"end":{"line":51,"column":7}},{"start":{"line":42,"column":13},"end":{"line":51,"column":7}}],"line":34},"6":{"loc":{"start":{"line":69,"column":40},"end":{"line":69,"column":52}},"type":"default-arg","locations":[{"start":{"line":69,"column":50},"end":{"line":69,"column":52}}],"line":69},"7":{"loc":{"start":{"line":78,"column":30},"end":{"line":78,"column":66}},"type":"binary-expr","locations":[{"start":{"line":78,"column":30},"end":{"line":78,"column":53}},{"start":{"line":78,"column":57},"end":{"line":78,"column":66}}],"line":78},"8":{"loc":{"start":{"line":92,"column":4},"end":{"line":94,"column":5}},"type":"if","locations":[{"start":{"line":92,"column":4},"end":{"line":94,"column":5}},{"start":{},"end":{}}],"line":92},"9":{"loc":{"start":{"line":96,"column":4},"end":{"line":98,"column":5}},"type":"if","locations":[{"start":{"line":96,"column":4},"end":{"line":98,"column":5}},{"start":{},"end":{}}],"line":96},"10":{"loc":{"start":{"line":112,"column":43},"end":{"line":112,"column":54}},"type":"default-arg","locations":[{"start":{"line":112,"column":52},"end":{"line":112,"column":54}}],"line":112},"11":{"loc":{"start":{"line":114,"column":4},"end":{"line":116,"column":5}},"type":"if","locations":[{"start":{"line":114,"column":4},"end":{"line":116,"column":5}},{"start":{},"end":{}}],"line":114},"12":{"loc":{"start":{"line":118,"column":4},"end":{"line":121,"column":5}},"type":"if","locations":[{"start":{"line":118,"column":4},"end":{"line":121,"column":5}},{"start":{},"end":{}}],"line":118},"13":{"loc":{"start":{"line":123,"column":4},"end":{"line":126,"column":5}},"type":"if","locations":[{"start":{"line":123,"column":4},"end":{"line":126,"column":5}},{"start":{},"end":{}}],"line":123},"14":{"loc":{"start":{"line":142,"column":30},"end":{"line":142,"column":42}},"type":"default-arg","locations":[{"start":{"line":142,"column":40},"end":{"line":142,"column":42}}],"line":142},"15":{"loc":{"start":{"line":143,"column":12},"end":{"line":143,"column":27}},"type":"default-arg","locations":[{"start":{"line":143,"column":24},"end":{"line":143,"column":27}}],"line":143},"16":{"loc":{"start":{"line":143,"column":29},"end":{"line":143,"column":49}},"type":"default-arg","locations":[{"start":{"line":143,"column":45},"end":{"line":143,"column":49}}],"line":143},"17":{"loc":{"start":{"line":158,"column":10},"end":{"line":165,"column":11}},"type":"if","locations":[{"start":{"line":158,"column":10},"end":{"line":165,"column":11}},{"start":{},"end":{}}],"line":158},"18":{"loc":{"start":{"line":160,"column":14},"end":{"line":163,"column":15}},"type":"if","locations":[{"start":{"line":160,"column":14},"end":{"line":163,"column":15}},{"start":{},"end":{}}],"line":160},"19":{"loc":{"start":{"line":173,"column":10},"end":{"line":176,"column":11}},"type":"if","locations":[{"start":{"line":173,"column":10},"end":{"line":176,"column":11}},{"start":{},"end":{}}],"line":173},"20":{"loc":{"start":{"line":213,"column":11},"end":{"line":213,"column":72}},"type":"binary-expr","locations":[{"start":{"line":213,"column":11},"end":{"line":213,"column":15}},{"start":{"line":213,"column":19},"end":{"line":213,"column":43}},{"start":{"line":213,"column":47},"end":{"line":213,"column":54}},{"start":{"line":213,"column":58},"end":{"line":213,"column":72}}],"line":213},"21":{"loc":{"start":{"line":232,"column":8},"end":{"line":235,"column":9}},"type":"if","locations":[{"start":{"line":232,"column":8},"end":{"line":235,"column":9}},{"start":{},"end":{}}],"line":232},"22":{"loc":{"start":{"line":239,"column":8},"end":{"line":242,"column":9}},"type":"if","locations":[{"start":{"line":239,"column":8},"end":{"line":242,"column":9}},{"start":{},"end":{}}],"line":239},"23":{"loc":{"start":{"line":304,"column":11},"end":{"line":304,"column":62}},"type":"binary-expr","locations":[{"start":{"line":304,"column":11},"end":{"line":304,"column":54}},{"start":{"line":304,"column":58},"end":{"line":304,"column":62}}],"line":304},"24":{"loc":{"start":{"line":312,"column":16},"end":{"line":312,"column":55}},"type":"binary-expr","locations":[{"start":{"line":312,"column":16},"end":{"line":312,"column":49}},{"start":{"line":312,"column":53},"end":{"line":312,"column":55}}],"line":312}},"s":{"0":45,"1":45,"2":45,"3":2,"4":2,"5":2,"6":2,"7":2,"8":2,"9":0,"10":2,"11":0,"12":0,"13":2,"14":2,"15":0,"16":0,"17":2,"18":2,"19":2,"20":2,"21":2,"22":0,"23":2,"24":0,"25":2,"26":2,"27":2,"28":0,"29":0,"30":0,"31":0,"32":0,"33":0,"34":0,"35":0,"36":0,"37":0,"38":0,"39":0,"40":0,"41":2,"42":2,"43":2,"44":2,"45":2,"46":2,"47":2,"48":2,"49":2,"50":102,"51":0,"52":0,"53":2,"54":2,"55":2,"56":2,"57":0,"58":0,"59":2,"60":2,"61":0,"62":0,"63":2,"64":2,"65":2,"66":2,"67":102,"68":0,"69":0,"70":0,"71":0,"72":0,"73":0,"74":0,"75":0,"76":0,"77":0,"78":0,"79":0,"80":0,"81":0,"82":0,"83":0,"84":0,"85":0,"86":0,"87":0,"88":0,"89":2,"90":0,"91":0,"92":5},"f":{"0":45,"1":2,"2":2,"3":0,"4":2,"5":2,"6":0,"7":2,"8":2,"9":2,"10":102,"11":0,"12":0,"13":0,"14":0,"15":0,"16":2,"17":0,"18":0},"b":{"0":[0],"1":[45,45],"2":[45,45],"3":[45,45],"4":[2],"5":[0,2],"6":[0],"7":[2,2],"8":[0,2],"9":[0,2],"10":[0],"11":[0,0],"12":[0,0],"13":[0,0],"14":[0],"15":[2],"16":[0],"17":[2,0],"18":[0,102],"19":[0,2],"20":[102,102,102,102],"21":[0,0],"22":[0,0],"23":[0,0],"24":[0,0]},"_coverageSchema":"1a1c01bbd47fc00a2c39e90264f33305004495a9","hash":"897e2d7705d3cb7b23f26599ecdf59d1339c1c8a"}
,"/home/braedonpop/Desktop/projects/capstone/MCP-Securtiy/src/components/data-integrity/AuditLogger.js": {"path":"/home/braedonpop/Desktop/projects/capstone/MCP-Securtiy/src/components/data-integrity/AuditLogger.js","statementMap":{"0":{"start":{"line":1,"column":16},"end":{"line":1,"column":34}},"1":{"start":{"line":9,"column":4},"end":{"line":9,"column":47}},"2":{"start":{"line":10,"column":4},"end":{"line":10,"column":65}},"3":{"start":{"line":11,"column":4},"end":{"line":11,"column":57}},"4":{"start":{"line":14,"column":4},"end":{"line":24,"column":7}},"5":{"start":{"line":27,"column":4},"end":{"line":33,"column":5}},"6":{"start":{"line":28,"column":6},"end":{"line":32,"column":8}},"7":{"start":{"line":36,"column":4},"end":{"line":36,"column":25}},"8":{"start":{"line":37,"column":4},"end":{"line":37,"column":53}},"9":{"start":{"line":47,"column":23},"end":{"line":57,"column":5}},"10":{"start":{"line":60,"column":4},"end":{"line":60,"column":37}},"11":{"start":{"line":61,"column":4},"end":{"line":63,"column":5}},"12":{"start":{"line":62,"column":6},"end":{"line":62,"column":30}},"13":{"start":{"line":66,"column":4},"end":{"line":66,"column":61}},"14":{"start":{"line":68,"column":4},"end":{"line":68,"column":25}},"15":{"start":{"line":77,"column":20},"end":{"line":82,"column":5}},"16":{"start":{"line":84,"column":4},"end":{"line":87,"column":7}},"17":{"start":{"line":97,"column":20},"end":{"line":102,"column":5}},"18":{"start":{"line":104,"column":4},"end":{"line":107,"column":7}},"19":{"start":{"line":117,"column":20},"end":{"line":122,"column":5}},"20":{"start":{"line":124,"column":4},"end":{"line":128,"column":7}},"21":{"start":{"line":137,"column":20},"end":{"line":143,"column":5}},"22":{"start":{"line":145,"column":4},"end":{"line":148,"column":7}},"23":{"start":{"line":158,"column":20},"end":{"line":163,"column":5}},"24":{"start":{"line":165,"column":4},"end":{"line":168,"column":7}},"25":{"start":{"line":177,"column":18},"end":{"line":177,"column":38}},"26":{"start":{"line":179,"column":4},"end":{"line":181,"column":5}},"27":{"start":{"line":180,"column":6},"end":{"line":180,"column":73}},"28":{"start":{"line":180,"column":38},"end":{"line":180,"column":71}},"29":{"start":{"line":183,"column":4},"end":{"line":185,"column":5}},"30":{"start":{"line":184,"column":6},"end":{"line":184,"column":92}},"31":{"start":{"line":184,"column":38},"end":{"line":184,"column":90}},"32":{"start":{"line":187,"column":4},"end":{"line":189,"column":5}},"33":{"start":{"line":188,"column":6},"end":{"line":188,"column":90}},"34":{"start":{"line":188,"column":38},"end":{"line":188,"column":88}},"35":{"start":{"line":191,"column":4},"end":{"line":195,"column":5}},"36":{"start":{"line":192,"column":6},"end":{"line":194,"column":7}},"37":{"start":{"line":193,"column":8},"end":{"line":193,"column":66}},"38":{"start":{"line":193,"column":40},"end":{"line":193,"column":64}},"39":{"start":{"line":197,"column":4},"end":{"line":197,"column":19}},"40":{"start":{"line":207,"column":4},"end":{"line":228,"column":5}},"41":{"start":{"line":208,"column":22},"end":{"line":208,"column":51}},"42":{"start":{"line":209,"column":25},"end":{"line":214,"column":7}},"43":{"start":{"line":218,"column":6},"end":{"line":222,"column":9}},"44":{"start":{"line":224,"column":6},"end":{"line":224,"column":24}},"45":{"start":{"line":226,"column":6},"end":{"line":226,"column":79}},"46":{"start":{"line":227,"column":6},"end":{"line":227,"column":19}},"47":{"start":{"line":236,"column":18},"end":{"line":241,"column":5}},"48":{"start":{"line":243,"column":4},"end":{"line":246,"column":5}},"49":{"start":{"line":244,"column":6},"end":{"line":244,"column":59}},"50":{"start":{"line":245,"column":6},"end":{"line":245,"column":61}},"51":{"start":{"line":248,"column":4},"end":{"line":255,"column":5}},"52":{"start":{"line":250,"column":6},"end":{"line":250,"column":87}},"53":{"start":{"line":253,"column":23},"end":{"line":253,"column":60}},"54":{"start":{"line":254,"column":6},"end":{"line":254,"column":69}},"55":{"start":{"line":257,"column":4},"end":{"line":257,"column":17}},"56":{"start":{"line":265,"column":4},"end":{"line":265,"column":76}},"57":{"start":{"line":273,"column":4},"end":{"line":273,"column":26}},"58":{"start":{"line":274,"column":4},"end":{"line":274,"column":30}},"59":{"start":{"line":278,"column":0},"end":{"line":278,"column":29}}},"fnMap":{"0":{"name":"(anonymous_0)","decl":{"start":{"line":8,"column":2},"end":{"line":8,"column":3}},"loc":{"start":{"line":8,"column":28},"end":{"line":38,"column":3}},"line":8},"1":{"name":"(anonymous_1)","decl":{"start":{"line":46,"column":2},"end":{"line":46,"column":3}},"loc":{"start":{"line":46,"column":49},"end":{"line":69,"column":3}},"line":46},"2":{"name":"(anonymous_2)","decl":{"start":{"line":76,"column":2},"end":{"line":76,"column":3}},"loc":{"start":{"line":76,"column":48},"end":{"line":88,"column":3}},"line":76},"3":{"name":"(anonymous_3)","decl":{"start":{"line":96,"column":2},"end":{"line":96,"column":3}},"loc":{"start":{"line":96,"column":54},"end":{"line":108,"column":3}},"line":96},"4":{"name":"(anonymous_4)","decl":{"start":{"line":116,"column":2},"end":{"line":116,"column":3}},"loc":{"start":{"line":116,"column":57},"end":{"line":129,"column":3}},"line":116},"5":{"name":"(anonymous_5)","decl":{"start":{"line":136,"column":2},"end":{"line":136,"column":3}},"loc":{"start":{"line":136,"column":46},"end":{"line":149,"column":3}},"line":136},"6":{"name":"(anonymous_6)","decl":{"start":{"line":157,"column":2},"end":{"line":157,"column":3}},"loc":{"start":{"line":157,"column":66},"end":{"line":169,"column":3}},"line":157},"7":{"name":"(anonymous_7)","decl":{"start":{"line":176,"column":2},"end":{"line":176,"column":3}},"loc":{"start":{"line":176,"column":32},"end":{"line":198,"column":3}},"line":176},"8":{"name":"(anonymous_8)","decl":{"start":{"line":180,"column":31},"end":{"line":180,"column":32}},"loc":{"start":{"line":180,"column":38},"end":{"line":180,"column":71}},"line":180},"9":{"name":"(anonymous_9)","decl":{"start":{"line":184,"column":31},"end":{"line":184,"column":32}},"loc":{"start":{"line":184,"column":38},"end":{"line":184,"column":90}},"line":184},"10":{"name":"(anonymous_10)","decl":{"start":{"line":188,"column":31},"end":{"line":188,"column":32}},"loc":{"start":{"line":188,"column":38},"end":{"line":188,"column":88}},"line":188},"11":{"name":"(anonymous_11)","decl":{"start":{"line":193,"column":33},"end":{"line":193,"column":34}},"loc":{"start":{"line":193,"column":40},"end":{"line":193,"column":64}},"line":193},"12":{"name":"(anonymous_12)","decl":{"start":{"line":206,"column":2},"end":{"line":206,"column":3}},"loc":{"start":{"line":206,"column":43},"end":{"line":229,"column":3}},"line":206},"13":{"name":"(anonymous_13)","decl":{"start":{"line":235,"column":2},"end":{"line":235,"column":3}},"loc":{"start":{"line":235,"column":18},"end":{"line":258,"column":3}},"line":235},"14":{"name":"(anonymous_14)","decl":{"start":{"line":264,"column":2},"end":{"line":264,"column":3}},"loc":{"start":{"line":264,"column":20},"end":{"line":266,"column":3}},"line":264},"15":{"name":"(anonymous_15)","decl":{"start":{"line":272,"column":2},"end":{"line":272,"column":3}},"loc":{"start":{"line":272,"column":21},"end":{"line":275,"column":3}},"line":272}},"branchMap":{"0":{"loc":{"start":{"line":8,"column":14},"end":{"line":8,"column":26}},"type":"default-arg","locations":[{"start":{"line":8,"column":24},"end":{"line":8,"column":26}}],"line":8},"1":{"loc":{"start":{"line":9,"column":20},"end":{"line":9,"column":46}},"type":"binary-expr","locations":[{"start":{"line":9,"column":20},"end":{"line":9,"column":36}},{"start":{"line":9,"column":40},"end":{"line":9,"column":46}}],"line":9},"2":{"loc":{"start":{"line":10,"column":19},"end":{"line":10,"column":64}},"type":"binary-expr","locations":[{"start":{"line":10,"column":19},"end":{"line":10,"column":34}},{"start":{"line":10,"column":38},"end":{"line":10,"column":64}}],"line":10},"3":{"loc":{"start":{"line":27,"column":4},"end":{"line":33,"column":5}},"type":"if","locations":[{"start":{"line":27,"column":4},"end":{"line":33,"column":5}},{"start":{},"end":{}}],"line":27},"4":{"loc":{"start":{"line":37,"column":24},"end":{"line":37,"column":52}},"type":"binary-expr","locations":[{"start":{"line":37,"column":24},"end":{"line":37,"column":44}},{"start":{"line":37,"column":48},"end":{"line":37,"column":52}}],"line":37},"5":{"loc":{"start":{"line":46,"column":35},"end":{"line":46,"column":47}},"type":"default-arg","locations":[{"start":{"line":46,"column":45},"end":{"line":46,"column":47}}],"line":46},"6":{"loc":{"start":{"line":61,"column":4},"end":{"line":63,"column":5}},"type":"if","locations":[{"start":{"line":61,"column":4},"end":{"line":63,"column":5}},{"start":{},"end":{}}],"line":61},"7":{"loc":{"start":{"line":76,"column":34},"end":{"line":76,"column":46}},"type":"default-arg","locations":[{"start":{"line":76,"column":44},"end":{"line":76,"column":46}}],"line":76},"8":{"loc":{"start":{"line":79,"column":22},"end":{"line":79,"column":56}},"type":"binary-expr","locations":[{"start":{"line":79,"column":22},"end":{"line":79,"column":43}},{"start":{"line":79,"column":47},"end":{"line":79,"column":56}}],"line":79},"9":{"loc":{"start":{"line":80,"column":14},"end":{"line":80,"column":43}},"type":"binary-expr","locations":[{"start":{"line":80,"column":14},"end":{"line":80,"column":37}},{"start":{"line":80,"column":41},"end":{"line":80,"column":43}}],"line":80},"10":{"loc":{"start":{"line":81,"column":15},"end":{"line":81,"column":45}},"type":"binary-expr","locations":[{"start":{"line":81,"column":15},"end":{"line":81,"column":39}},{"start":{"line":81,"column":43},"end":{"line":81,"column":45}}],"line":81},"11":{"loc":{"start":{"line":86,"column":16},"end":{"line":86,"column":64}},"type":"cond-expr","locations":[{"start":{"line":86,"column":43},"end":{"line":86,"column":52}},{"start":{"line":86,"column":55},"end":{"line":86,"column":64}}],"line":86},"12":{"loc":{"start":{"line":96,"column":40},"end":{"line":96,"column":52}},"type":"default-arg","locations":[{"start":{"line":96,"column":50},"end":{"line":96,"column":52}}],"line":96},"13":{"loc":{"start":{"line":99,"column":17},"end":{"line":99,"column":50}},"type":"binary-expr","locations":[{"start":{"line":99,"column":17},"end":{"line":99,"column":38}},{"start":{"line":99,"column":42},"end":{"line":99,"column":50}}],"line":99},"14":{"loc":{"start":{"line":106,"column":16},"end":{"line":106,"column":50}},"type":"cond-expr","locations":[{"start":{"line":106,"column":34},"end":{"line":106,"column":40}},{"start":{"line":106,"column":43},"end":{"line":106,"column":50}}],"line":106},"15":{"loc":{"start":{"line":116,"column":43},"end":{"line":116,"column":55}},"type":"default-arg","locations":[{"start":{"line":116,"column":53},"end":{"line":116,"column":55}}],"line":116},"16":{"loc":{"start":{"line":136,"column":32},"end":{"line":136,"column":44}},"type":"default-arg","locations":[{"start":{"line":136,"column":42},"end":{"line":136,"column":44}}],"line":136},"17":{"loc":{"start":{"line":157,"column":52},"end":{"line":157,"column":64}},"type":"default-arg","locations":[{"start":{"line":157,"column":62},"end":{"line":157,"column":64}}],"line":157},"18":{"loc":{"start":{"line":162,"column":23},"end":{"line":162,"column":62}},"type":"binary-expr","locations":[{"start":{"line":162,"column":23},"end":{"line":162,"column":57}},{"start":{"line":162,"column":61},"end":{"line":162,"column":62}}],"line":162},"19":{"loc":{"start":{"line":167,"column":16},"end":{"line":167,"column":59}},"type":"cond-expr","locations":[{"start":{"line":167,"column":43},"end":{"line":167,"column":50}},{"start":{"line":167,"column":53},"end":{"line":167,"column":59}}],"line":167},"20":{"loc":{"start":{"line":176,"column":18},"end":{"line":176,"column":30}},"type":"default-arg","locations":[{"start":{"line":176,"column":28},"end":{"line":176,"column":30}}],"line":176},"21":{"loc":{"start":{"line":179,"column":4},"end":{"line":181,"column":5}},"type":"if","locations":[{"start":{"line":179,"column":4},"end":{"line":181,"column":5}},{"start":{},"end":{}}],"line":179},"22":{"loc":{"start":{"line":183,"column":4},"end":{"line":185,"column":5}},"type":"if","locations":[{"start":{"line":183,"column":4},"end":{"line":185,"column":5}},{"start":{},"end":{}}],"line":183},"23":{"loc":{"start":{"line":187,"column":4},"end":{"line":189,"column":5}},"type":"if","locations":[{"start":{"line":187,"column":4},"end":{"line":189,"column":5}},{"start":{},"end":{}}],"line":187},"24":{"loc":{"start":{"line":191,"column":4},"end":{"line":195,"column":5}},"type":"if","locations":[{"start":{"line":191,"column":4},"end":{"line":195,"column":5}},{"start":{},"end":{}}],"line":191},"25":{"loc":{"start":{"line":206,"column":29},"end":{"line":206,"column":41}},"type":"default-arg","locations":[{"start":{"line":206,"column":39},"end":{"line":206,"column":41}}],"line":206},"26":{"loc":{"start":{"line":243,"column":4},"end":{"line":246,"column":5}},"type":"if","locations":[{"start":{"line":243,"column":4},"end":{"line":246,"column":5}},{"start":{},"end":{}}],"line":243},"27":{"loc":{"start":{"line":250,"column":43},"end":{"line":250,"column":81}},"type":"binary-expr","locations":[{"start":{"line":250,"column":43},"end":{"line":250,"column":76}},{"start":{"line":250,"column":80},"end":{"line":250,"column":81}}],"line":250},"28":{"loc":{"start":{"line":253,"column":23},"end":{"line":253,"column":60}},"type":"binary-expr","locations":[{"start":{"line":253,"column":23},"end":{"line":253,"column":45}},{"start":{"line":253,"column":49},"end":{"line":253,"column":60}}],"line":253},"29":{"loc":{"start":{"line":254,"column":34},"end":{"line":254,"column":63}},"type":"binary-expr","locations":[{"start":{"line":254,"column":34},"end":{"line":254,"column":58}},{"start":{"line":254,"column":62},"end":{"line":254,"column":63}}],"line":254}},"s":{"0":5,"1":51,"2":51,"3":51,"4":51,"5":51,"6":45,"7":51,"8":51,"9":38,"10":38,"11":38,"12":0,"13":38,"14":38,"15":28,"16":28,"17":0,"18":0,"19":1,"20":1,"21":0,"22":0,"23":0,"24":0,"25":5,"26":5,"27":1,"28":3,"29":5,"30":1,"31":2,"32":5,"33":0,"34":0,"35":5,"36":0,"37":0,"38":0,"39":5,"40":0,"41":0,"42":0,"43":0,"44":0,"45":0,"46":0,"47":5,"48":5,"49":1,"50":1,"51":5,"52":3,"53":3,"54":3,"55":5,"56":38,"57":0,"58":0,"59":5},"f":{"0":51,"1":38,"2":28,"3":0,"4":1,"5":0,"6":0,"7":5,"8":3,"9":2,"10":0,"11":0,"12":0,"13":5,"14":38,"15":0},"b":{"0":[0],"1":[51,51],"2":[51,51],"3":[45,6],"4":[51,45],"5":[7],"6":[0,38],"7":[0],"8":[28,27],"9":[28,0],"10":[28,28],"11":[27,1],"12":[0],"13":[0,0],"14":[0,0],"15":[0],"16":[0],"17":[0],"18":[0,0],"19":[0,0],"20":[3],"21":[1,4],"22":[1,4],"23":[0,5],"24":[0,5],"25":[0],"26":[1,4],"27":[3,3],"28":[3,3],"29":[3,1]},"_coverageSchema":"1a1c01bbd47fc00a2c39e90264f33305004495a9","hash":"8c47ab3d1f6c2f384dbd0ccdf951423a93ae4925"}
,"/home/braedonpop/Desktop/projects/capstone/MCP-Securtiy/src/components/data-integrity/CryptographicHasher.js": {"path":"/home/braedonpop/Desktop/projects/capstone/MCP-Securtiy/src/components/data-integrity/CryptographicHasher.js","statementMap":{"0":{"start":{"line":1,"column":15},"end":{"line":1,"column":32}},"1":{"start":{"line":9,"column":4},"end":{"line":9,"column":30}},"2":{"start":{"line":10,"column":4},"end":{"line":10,"column":26}},"3":{"start":{"line":20,"column":4},"end":{"line":26,"column":5}},"4":{"start":{"line":21,"column":19},"end":{"line":21,"column":52}},"5":{"start":{"line":22,"column":6},"end":{"line":22,"column":31}},"6":{"start":{"line":23,"column":6},"end":{"line":23,"column":40}},"7":{"start":{"line":25,"column":6},"end":{"line":25,"column":66}},"8":{"start":{"line":37,"column":4},"end":{"line":46,"column":5}},"9":{"start":{"line":38,"column":27},"end":{"line":38,"column":56}},"10":{"start":{"line":39,"column":6},"end":{"line":42,"column":8}},"11":{"start":{"line":45,"column":6},"end":{"line":45,"column":19}},"12":{"start":{"line":55,"column":4},"end":{"line":87,"column":5}},"13":{"start":{"line":57,"column":25},"end":{"line":57,"column":79}},"14":{"start":{"line":58,"column":23},"end":{"line":58,"column":52}},"15":{"start":{"line":61,"column":25},"end":{"line":61,"column":29}},"16":{"start":{"line":62,"column":6},"end":{"line":69,"column":7}},"17":{"start":{"line":63,"column":25},"end":{"line":67,"column":9}},"18":{"start":{"line":68,"column":8},"end":{"line":68,"column":67}},"19":{"start":{"line":72,"column":27},"end":{"line":75,"column":7}},"20":{"start":{"line":76,"column":27},"end":{"line":76,"column":74}},"21":{"start":{"line":78,"column":6},"end":{"line":84,"column":8}},"22":{"start":{"line":86,"column":6},"end":{"line":86,"column":71}},"23":{"start":{"line":98,"column":22},"end":{"line":98,"column":54}},"24":{"start":{"line":99,"column":28},"end":{"line":99,"column":66}},"25":{"start":{"line":101,"column":4},"end":{"line":117,"column":6}},"26":{"start":{"line":127,"column":4},"end":{"line":172,"column":5}},"27":{"start":{"line":132,"column":8},"end":{"line":132,"column":83}},"28":{"start":{"line":137,"column":24},"end":{"line":137,"column":29}},"29":{"start":{"line":138,"column":6},"end":{"line":144,"column":7}},"30":{"start":{"line":139,"column":8},"end":{"line":139,"column":83}},"31":{"start":{"line":140,"column":13},"end":{"line":144,"column":7}},"32":{"start":{"line":141,"column":8},"end":{"line":141,"column":77}},"33":{"start":{"line":143,"column":8},"end":{"line":143,"column":27}},"34":{"start":{"line":147,"column":28},"end":{"line":147,"column":32}},"35":{"start":{"line":148,"column":6},"end":{"line":154,"column":7}},"36":{"start":{"line":150,"column":33},"end":{"line":152,"column":9}},"37":{"start":{"line":153,"column":8},"end":{"line":153,"column":74}},"38":{"start":{"line":156,"column":22},"end":{"line":156,"column":52}},"39":{"start":{"line":158,"column":6},"end":{"line":165,"column":8}},"40":{"start":{"line":167,"column":6},"end":{"line":171,"column":8}},"41":{"start":{"line":181,"column":4},"end":{"line":181,"column":62}},"42":{"start":{"line":189,"column":4},"end":{"line":191,"column":5}},"43":{"start":{"line":190,"column":6},"end":{"line":190,"column":66}},"44":{"start":{"line":192,"column":4},"end":{"line":192,"column":31}},"45":{"start":{"line":196,"column":0},"end":{"line":196,"column":37}}},"fnMap":{"0":{"name":"(anonymous_0)","decl":{"start":{"line":8,"column":2},"end":{"line":8,"column":3}},"loc":{"start":{"line":8,"column":16},"end":{"line":11,"column":3}},"line":8},"1":{"name":"(anonymous_1)","decl":{"start":{"line":19,"column":2},"end":{"line":19,"column":3}},"loc":{"start":{"line":19,"column":32},"end":{"line":27,"column":3}},"line":19},"2":{"name":"(anonymous_2)","decl":{"start":{"line":36,"column":2},"end":{"line":36,"column":3}},"loc":{"start":{"line":36,"column":44},"end":{"line":47,"column":3}},"line":36},"3":{"name":"(anonymous_3)","decl":{"start":{"line":54,"column":2},"end":{"line":54,"column":3}},"loc":{"start":{"line":54,"column":27},"end":{"line":88,"column":3}},"line":54},"4":{"name":"(anonymous_4)","decl":{"start":{"line":97,"column":2},"end":{"line":97,"column":3}},"loc":{"start":{"line":97,"column":61},"end":{"line":118,"column":3}},"line":97},"5":{"name":"(anonymous_5)","decl":{"start":{"line":126,"column":2},"end":{"line":126,"column":3}},"loc":{"start":{"line":126,"column":48},"end":{"line":173,"column":3}},"line":126},"6":{"name":"(anonymous_6)","decl":{"start":{"line":180,"column":2},"end":{"line":180,"column":3}},"loc":{"start":{"line":180,"column":28},"end":{"line":182,"column":3}},"line":180},"7":{"name":"(anonymous_7)","decl":{"start":{"line":188,"column":2},"end":{"line":188,"column":3}},"loc":{"start":{"line":188,"column":26},"end":{"line":193,"column":3}},"line":188}},"branchMap":{"0":{"loc":{"start":{"line":19,"column":21},"end":{"line":19,"column":30}},"type":"default-arg","locations":[{"start":{"line":19,"column":28},"end":{"line":19,"column":30}}],"line":19},"1":{"loc":{"start":{"line":36,"column":33},"end":{"line":36,"column":42}},"type":"default-arg","locations":[{"start":{"line":36,"column":40},"end":{"line":36,"column":42}}],"line":36},"2":{"loc":{"start":{"line":57,"column":25},"end":{"line":57,"column":79}},"type":"cond-expr","locations":[{"start":{"line":57,"column":52},"end":{"line":57,"column":56}},{"start":{"line":57,"column":59},"end":{"line":57,"column":79}}],"line":57},"3":{"loc":{"start":{"line":62,"column":6},"end":{"line":69,"column":7}},"type":"if","locations":[{"start":{"line":62,"column":6},"end":{"line":69,"column":7}},{"start":{},"end":{}}],"line":62},"4":{"loc":{"start":{"line":62,"column":10},"end":{"line":62,"column":60}},"type":"binary-expr","locations":[{"start":{"line":62,"column":10},"end":{"line":62,"column":24}},{"start":{"line":62,"column":28},"end":{"line":62,"column":42}},{"start":{"line":62,"column":46},"end":{"line":62,"column":60}}],"line":62},"5":{"loc":{"start":{"line":74,"column":18},"end":{"line":74,"column":62}},"type":"cond-expr","locations":[{"start":{"line":74,"column":33},"end":{"line":74,"column":55}},{"start":{"line":74,"column":58},"end":{"line":74,"column":62}}],"line":74},"6":{"loc":{"start":{"line":97,"column":46},"end":{"line":97,"column":59}},"type":"default-arg","locations":[{"start":{"line":97,"column":57},"end":{"line":97,"column":59}}],"line":97},"7":{"loc":{"start":{"line":111,"column":10},"end":{"line":111,"column":87}},"type":"cond-expr","locations":[{"start":{"line":111,"column":40},"end":{"line":111,"column":54}},{"start":{"line":111,"column":57},"end":{"line":111,"column":87}}],"line":111},"8":{"loc":{"start":{"line":113,"column":10},"end":{"line":115,"column":50}},"type":"cond-expr","locations":[{"start":{"line":114,"column":14},"end":{"line":114,"column":34}},{"start":{"line":115,"column":14},"end":{"line":115,"column":50}}],"line":113},"9":{"loc":{"start":{"line":132,"column":8},"end":{"line":132,"column":83}},"type":"cond-expr","locations":[{"start":{"line":132,"column":42},"end":{"line":132,"column":53}},{"start":{"line":132,"column":56},"end":{"line":132,"column":83}}],"line":132},"10":{"loc":{"start":{"line":138,"column":6},"end":{"line":144,"column":7}},"type":"if","locations":[{"start":{"line":138,"column":6},"end":{"line":144,"column":7}},{"start":{"line":140,"column":13},"end":{"line":144,"column":7}}],"line":138},"11":{"loc":{"start":{"line":140,"column":13},"end":{"line":144,"column":7}},"type":"if","locations":[{"start":{"line":140,"column":13},"end":{"line":144,"column":7}},{"start":{"line":142,"column":13},"end":{"line":144,"column":7}}],"line":140},"12":{"loc":{"start":{"line":148,"column":6},"end":{"line":154,"column":7}},"type":"if","locations":[{"start":{"line":148,"column":6},"end":{"line":154,"column":7}},{"start":{},"end":{}}],"line":148},"13":{"loc":{"start":{"line":156,"column":22},"end":{"line":156,"column":52}},"type":"binary-expr","locations":[{"start":{"line":156,"column":22},"end":{"line":156,"column":33}},{"start":{"line":156,"column":37},"end":{"line":156,"column":52}}],"line":156},"14":{"loc":{"start":{"line":163,"column":21},"end":{"line":163,"column":62}},"type":"binary-expr","locations":[{"start":{"line":163,"column":21},"end":{"line":163,"column":44}},{"start":{"line":163,"column":48},"end":{"line":163,"column":62}}],"line":163},"15":{"loc":{"start":{"line":180,"column":15},"end":{"line":180,"column":26}},"type":"default-arg","locations":[{"start":{"line":180,"column":24},"end":{"line":180,"column":26}}],"line":180},"16":{"loc":{"start":{"line":189,"column":4},"end":{"line":191,"column":5}},"type":"if","locations":[{"start":{"line":189,"column":4},"end":{"line":191,"column":5}},{"start":{},"end":{}}],"line":189}},"s":{"0":5,"1":53,"2":53,"3":343,"4":343,"5":343,"6":343,"7":0,"8":8,"9":8,"10":8,"11":1,"12":99,"13":99,"14":99,"15":99,"16":99,"17":24,"18":24,"19":98,"20":98,"21":98,"22":1,"23":50,"24":49,"25":49,"26":3,"27":3,"28":3,"29":3,"30":3,"31":0,"32":0,"33":0,"34":3,"35":3,"36":3,"37":3,"38":3,"39":3,"40":0,"41":0,"42":0,"43":0,"44":0,"45":5},"f":{"0":53,"1":343,"2":8,"3":99,"4":50,"5":3,"6":0,"7":0},"b":{"0":[333],"1":[8],"2":[72,27],"3":[24,74],"4":[99,74,74],"5":[24,74],"6":[2],"7":[36,13],"8":[36,13],"9":[3,0],"10":[3,0],"11":[0,0],"12":[3,0],"13":[3,2],"14":[3,0],"15":[0],"16":[0,0]},"_coverageSchema":"1a1c01bbd47fc00a2c39e90264f33305004495a9","hash":"8be3ca4f9351cf0e6511c5e8ed38275db090f3bf"}
,"/home/braedonpop/Desktop/projects/capstone/MCP-Securtiy/src/components/data-integrity/ErrorRouter.js": {"path":"/home/braedonpop/Desktop/projects/capstone/MCP-Securtiy/src/components/data-integrity/ErrorRouter.js","statementMap":{"0":{"start":{"line":8,"column":4},"end":{"line":39,"column":6}},"1":{"start":{"line":42,"column":4},"end":{"line":42,"column":28}},"2":{"start":{"line":43,"column":4},"end":{"line":43,"column":35}},"3":{"start":{"line":52,"column":4},"end":{"line":83,"column":5}},"4":{"start":{"line":53,"column":23},"end":{"line":53,"column":56}},"5":{"start":{"line":54,"column":26},"end":{"line":54,"column":56}},"6":{"start":{"line":56,"column":6},"end":{"line":62,"column":7}},"7":{"start":{"line":57,"column":8},"end":{"line":61,"column":10}},"8":{"start":{"line":64,"column":22},"end":{"line":64,"column":69}},"9":{"start":{"line":67,"column":6},"end":{"line":67,"column":38}},"10":{"start":{"line":69,"column":6},"end":{"line":76,"column":8}},"11":{"start":{"line":78,"column":6},"end":{"line":82,"column":8}},"12":{"start":{"line":92,"column":35},"end":{"line":92,"column":46}},"13":{"start":{"line":95,"column":4},"end":{"line":97,"column":5}},"14":{"start":{"line":96,"column":6},"end":{"line":96,"column":23}},"15":{"start":{"line":100,"column":4},"end":{"line":120,"column":5}},"16":{"start":{"line":101,"column":6},"end":{"line":104,"column":7}},"17":{"start":{"line":103,"column":8},"end":{"line":103,"column":24}},"18":{"start":{"line":106,"column":6},"end":{"line":109,"column":7}},"19":{"start":{"line":108,"column":8},"end":{"line":108,"column":29}},"20":{"start":{"line":111,"column":6},"end":{"line":114,"column":7}},"21":{"start":{"line":113,"column":8},"end":{"line":113,"column":28}},"22":{"start":{"line":116,"column":6},"end":{"line":119,"column":7}},"23":{"start":{"line":118,"column":8},"end":{"line":118,"column":31}},"24":{"start":{"line":123,"column":4},"end":{"line":123,"column":20}},"25":{"start":{"line":133,"column":22},"end":{"line":133,"column":39}},"26":{"start":{"line":134,"column":23},"end":{"line":143,"column":5}},"27":{"start":{"line":146,"column":4},"end":{"line":148,"column":5}},"28":{"start":{"line":147,"column":6},"end":{"line":147,"column":37}},"29":{"start":{"line":151,"column":4},"end":{"line":151,"column":48}},"30":{"start":{"line":153,"column":4},"end":{"line":153,"column":25}},"31":{"start":{"line":163,"column":56},"end":{"line":163,"column":63}},"32":{"start":{"line":165,"column":4},"end":{"line":167,"column":5}},"33":{"start":{"line":166,"column":6},"end":{"line":166,"column":16}},"34":{"start":{"line":169,"column":17},"end":{"line":174,"column":7}},"35":{"start":{"line":173,"column":10},"end":{"line":173,"column":91}},"36":{"start":{"line":177,"column":26},"end":{"line":177,"column":61}},"37":{"start":{"line":178,"column":4},"end":{"line":180,"column":6}},"38":{"start":{"line":179,"column":16},"end":{"line":179,"column":93}},"39":{"start":{"line":182,"column":4},"end":{"line":182,"column":34}},"40":{"start":{"line":192,"column":4},"end":{"line":200,"column":5}},"41":{"start":{"line":193,"column":25},"end":{"line":193,"column":73}},"42":{"start":{"line":193,"column":52},"end":{"line":193,"column":72}},"43":{"start":{"line":194,"column":6},"end":{"line":199,"column":7}},"44":{"start":{"line":195,"column":8},"end":{"line":195,"column":46}},"45":{"start":{"line":196,"column":8},"end":{"line":196,"column":64}},"46":{"start":{"line":197,"column":8},"end":{"line":197,"column":50}},"47":{"start":{"line":198,"column":8},"end":{"line":198,"
[...]
ne":82,"column":6},"end":{"line":86,"column":8}},"18":{"start":{"line":97,"column":20},"end":{"line":97,"column":22}},"19":{"start":{"line":98,"column":19},"end":{"line":98,"column":23}},"20":{"start":{"line":100,"column":4},"end":{"line":106,"column":5}},"21":{"start":{"line":101,"column":21},"end":{"line":101,"column":55}},"22":{"start":{"line":102,"column":6},"end":{"line":102,"column":30}},"23":{"start":{"line":103,"column":6},"end":{"line":105,"column":7}},"24":{"start":{"line":104,"column":8},"end":{"line":104,"column":25}},"25":{"start":{"line":108,"column":4},"end":{"line":116,"column":6}},"26":{"start":{"line":113,"column":58},"end":{"line":113,"column":67}},"27":{"start":{"line":114,"column":60},"end":{"line":114,"column":70}},"28":{"start":{"line":125,"column":4},"end":{"line":127,"column":5}},"29":{"start":{"line":126,"column":6},"end":{"line":126,"column":60}},"30":{"start":{"line":128,"column":4},"end":{"line":128,"column":32}},"31":{"start":{"line":137,"column":4},"end":{"line":137,"column":30}},"32":{"start":{"line":141,"column":0},"end":{"line":141,"column":33}}},"fnMap":{"0":{"name":"(anonymous_0)","decl":{"start":{"line":7,"column":2},"end":{"line":7,"column":3}},"loc":{"start":{"line":7,"column":16},"end":{"line":25,"column":3}},"line":7},"1":{"name":"(anonymous_1)","decl":{"start":{"line":33,"column":2},"end":{"line":33,"column":3}},"loc":{"start":{"line":33,"column":25},"end":{"line":88,"column":3}},"line":33},"2":{"name":"(anonymous_2)","decl":{"start":{"line":64,"column":43},"end":{"line":64,"column":44}},"loc":{"start":{"line":64,"column":55},"end":{"line":64,"column":69}},"line":64},"3":{"name":"(anonymous_3)","decl":{"start":{"line":96,"column":2},"end":{"line":96,"column":3}},"loc":{"start":{"line":96,"column":37},"end":{"line":117,"column":3}},"line":96},"4":{"name":"(anonymous_4)","decl":{"start":{"line":113,"column":51},"end":{"line":113,"column":52}},"loc":{"start":{"line":113,"column":58},"end":{"line":113,"column":67}},"line":113},"5":{"name":"(anonymous_5)","decl":{"start":{"line":114,"column":53},"end":{"line":114,"column":54}},"loc":{"start":{"line":114,"column":60},"end":{"line":114,"column":70}},"line":114},"6":{"name":"(anonymous_6)","decl":{"start":{"line":124,"column":2},"end":{"line":124,"column":3}},"loc":{"start":{"line":124,"column":26},"end":{"line":129,"column":3}},"line":124},"7":{"name":"(anonymous_7)","decl":{"start":{"line":136,"column":2},"end":{"line":136,"column":3}},"loc":{"start":{"line":136,"column":18},"end":{"line":138,"column":3}},"line":136}},"branchMap":{"0":{"loc":{"start":{"line":37,"column":6},"end":{"line":57,"column":7}},"type":"if","locations":[{"start":{"line":37,"column":6},"end":{"line":57,"column":7}},{"start":{"line":40,"column":13},"end":{"line":57,"column":7}}],"line":37},"1":{"loc":{"start":{"line":40,"column":13},"end":{"line":57,"column":7}},"type":"if","locations":[{"start":{"line":40,"column":13},"end":{"line":57,"column":7}},{"start":{"line":49,"column":13},"end":{"line":57,"column":7}}],"line":40},"2":{"loc":{"start":{"line":42,"column":8},"end":{"line":48,"column":9}},"type":"if","locations":[{"start":{"line":42,"column":8},"end":{"line":48,"column":9}},{"start":{},"end":{}}],"line":42},"3":{"loc":{"start":{"line":49,"column":13},"end":{"line":57,"column":7}},"type":"if","locations":[{"start":{"line":49,"column":13},"end":{"line":57,"column":7}},{"start":{"line":51,"column":13},"end":{"line":57,"column":7}}],"line":49},"4":{"loc":{"start":{"line":61,"column":6},"end":{"line":71,"column":7}},"type":"if","locations":[{"start":{"line":61,"column":6},"end":{"line":71,"column":7}},{"start":{},"end":{}}],"line":61},"5":{"loc":{"start":{"line":66,"column":20},"end":{"line":66,"column":66}},"type":"cond-expr","locations":[{"start":{"line":66,"column":49},"end":{"line":66,"column":55}},{"start":{"line":66,"column":58},"end":{"line":66,"column":66}}],"line":66},"6":{"loc":{"start":{"line":77,"column":18},"end":{"line":77,"column":64}},"type":"cond-expr","locations":[{"start":{"line":77,"column":47},"end":{"line":77,"column":53}},{"start":{"line":77,"column":56},"end":{"line":77,"column":64}}],"line":77},"7":{"loc":{"start":{"line":103,"column":6},"end":{"line":105,"column":7}},"type":"if","locations":[{"start":{"line":103,"column":6},"end":{"line":105,"column":7}},{"start":{},"end":{}}],"line":103},"8":{"loc":{"start":{"line":125,"column":4},"end":{"line":127,"column":5}},"type":"if","locations":[{"start":{"line":125,"column":4},"end":{"line":127,"column":5}},{"start":{},"end":{}}],"line":125}},"s":{"0":5,"1":54,"2":58,"3":58,"4":40,"5":18,"6":17,"7":17,"8":0,"9":1,"10":0,"11":1,"12":57,"13":57,"14":6,"15":6,"16":51,"17":0,"18":2,"19":2,"20":2,"21":6,"22":6,"23":6,"24":2,"25":2,"26":6,"27":6,"28":1,"29":1,"30":0,"31":0,"32":5},"f":{"0":54,"1":58,"2":6,"3":2,"4":6,"5":6,"6":1,"7":0},"b":{"0":[40,18],"1":[17,1],"2":[0,17],"3":[0,1],"4":[6,51],"5":[6,0],"6":[11,40],"7":[2,4],"8":[1,0]},"_coverageSchema":"1a1c01bbd47fc00a2c39e90264f33305004495a9","hash":"057b6180c026cf25bdc347819a866b2cc9c9969b"}
,"/home/braedonpop/Desktop/projects/capstone/MCP-Securtiy/src/middleware/destination-tracking.js": {"path":"/home/braedonpop/Desktop/projects/capstone/MCP-Securtiy/src/middleware/destination-tracking.js","statementMap":{"0":{"start":{"line":13,"column":16},"end":{"line":13,"column":34}},"1":{"start":{"line":16,"column":15},"end":{"line":20,"column":2}},"2":{"start":{"line":38,"column":2},"end":{"line":64,"column":3}},"3":{"start":{"line":39,"column":21},"end":{"line":39,"column":40}},"4":{"start":{"line":42,"column":4},"end":{"line":42,"column":39}},"5":{"start":{"line":45,"column":4},"end":{"line":51,"column":7}},"6":{"start":{"line":53,"column":4},"end":{"line":53,"column":11}},"7":{"start":{"line":55,"column":4},"end":{"line":55,"column":89}},"8":{"start":{"line":57,"column":4},"end":{"line":62,"column":6}},"9":{"start":{"line":63,"column":4},"end":{"line":63,"column":11}},"10":{"start":{"line":73,"column":21},"end":{"line":73,"column":23}},"11":{"start":{"line":74,"column":19},"end":{"line":74,"column":20}},"12":{"start":{"line":77,"column":28},"end":{"line":77,"column":52}},"13":{"start":{"line":78,"column":2},"end":{"line":89,"column":3}},"14":{"start":{"line":79,"column":4},"end":{"line":88,"column":5}},"15":{"start":{"line":80,"column":6},"end":{"line":80,"column":67}},"16":{"start":{"line":81,"column":6},"end":{"line":81,"column":24}},"17":{"start":{"line":82,"column":11},"end":{"line":88,"column":5}},"18":{"start":{"line":86,"column":6},"end":{"line":86,"column":67}},"19":{"start":{"line":87,"column":6},"end":{"line":87,"column":24}},"20":{"start":{"line":92,"column":26},"end":{"line":92,"column":85}},"21":{"start":{"line":93,"column":21},"end":{"line":93,"column":82}},"22":{"start":{"line":93,"column":55},"end":{"line":93,"column":81}},"23":{"start":{"line":94,"column":2},"end":{"line":97,"column":3}},"24":{"start":{"line":95,"column":4},"end":{"line":95,"column":40}},"25":{"start":{"line":96,"column":4},"end":{"line":96,"column":22}},"26":{"start":{"line":100,"column":32},"end":{"line":100,"column":80}},"27":{"start":{"line":101,"column":27},"end":{"line":101,"column":94}},"28":{"start":{"line":101,"column":67},"end":{"line":101,"column":93}},"29":{"start":{"line":102,"column":2},"end":{"line":105,"column":3}},"30":{"start":{"line":103,"column":4},"end":{"line":103,"column":50}},"31":{"start":{"line":104,"column":4},"end":{"line":104,"column":22}},"32":{"start":{"line":108,"column":22},"end":{"line":108,"column":45}},"33":{"start":{"line":109,"column":2},"end":{"line":112,"column":3}},"34":{"start":{"line":110,"column":4},"end":{"line":110,"column":51}},"35":{"start":{"line":111,"column":4},"end":{"line":111,"column":22}},"36":{"start":{"line":116,"column":23},"end":{"line":116,"column":27}},"37":{"start":{"line":118,"column":2},"end":{"line":125,"column":3}},"38":{"start":{"line":119,"column":4},"end":{"line":119,"column":27}},"39":{"start":{"line":120,"column":9},"end":{"line":125,"column":3}},"40":{"start":{"line":121,"column":4},"end":{"line":121,"column":31}},"41":{"start":{"line":123,"column":4},"end":{"line":123,"column":31}},"42":{"start":{"line":124,"column":4},"end":{"line":124,"column":44}},"43":{"start":{"line":128,"column":2},"end":{"line":128,"column":62}},"44":{"start":{"line":130,"column":2},"end":{"line":135,"column":4}},"45":{"start":{"line":138,"column":0},"end":{"line":138,"column":37}}},"fnMap":{"0":{"name":"destinationTracking","decl":{"start":{"line":37,"column":9},"end":{"line":37,"column":28}},"loc":{"start":{"line":37,"column":45},"end":{"line":65,"column":1}},"line":37},"1":{"name":"analyzeRequest","decl":{"start":{"line":72,"column":9},"end":{"line":72,"column":23}},"loc":{"start":{"line":72,"column":29},"end":{"line":136,"column":1}},"line":72},"2":{"name":"(anonymous_2)","decl":{"start":{"line":93,"column":42},"end":{"line":93,"column":43}},"loc":{"start":{"line":93,"column":55},"end":{"line":93,"column":81}},"line":93},"3":{"name":"(anonymous_3)","decl":{"start":{"line":101,"column":54},"end":{"line":101,"column":55}},"loc":{"start":{"line":101,"column":67},"end":{"line":101,"column":93}},"line":101}},"branchMap":{"0":{"loc":{"start":{"line":78,"column":2},"end":{"line":89,"column":3}},"type":"if","locations":[{"start":{"line":78,"column":2},"end":{"line":89,"column":3}},{"start":{},"end":{}}],"line":78},"1":{"loc":{"start":{"line":79,"column":4},"end":{"line":88,"column":5}},"type":"if","locations":[{"start":{"line":79,"column":4},"end":{"line":88,"column":5}},{"start":{"line":82,"column":11},"end":{"line":88,"column":5}}],"line":79},"2":{"loc":{"start":{"line":82,"column":11},"end":{"line":88,"column":5}},"type":"if","locations":[{"start":{"line":82,"column":11},"end":{"line":88,"column":5}},{"start":{},"end":{}}],"line":82},"3":{"loc":{"start":{"line":83,"column":6},"end":{"line":84,"column":48}},"type":"binary-expr","locations":[{"start":{"line":83,"column":6},"end":{"line":83,"column":48}},{"start":{"line":84,"column":6},"end":{"line":84,"column":48}}],"line":83},"4":{"loc":{"start":{"line":94,"column":2},"end":{"line":97,"column":3}},"type":"if","locations":[{"start":{"line":94,"column":2},"end":{"line":97,"column":3}},{"start":{},"end":{}}],"line":94},"5":{"loc":{"start":{"line":102,"column":2},"end":{"line":105,"column":3}},"type":"if","locations":[{"start":{"line":102,"column":2},"end":{"line":105,"column":3}},{"start":{},"end":{}}],"line":102},"6":{"loc":{"start":{"line":109,"column":2},"end":{"line":112,"column":3}},"type":"if","locations":[{"start":{"line":109,"column":2},"end":{"line":112,"column":3}},{"start":{},"end":{}}],"line":109},"7":{"loc":{"start":{"line":109,"column":6},"end":{"line":109,"column":96}},"type":"binary-expr","locations":[{"start":{"line":109,"column":6},"end":{"line":109,"column":17}},{"start":{"line":109,"column":22},"end":{"line":109,"column":51}},{"start":{"line":109,"column":55},"end":{"line":109,"column":95}}],"line":109},"8":{"loc":{"start":{"line":118,"column":2},"end":{"line":125,"column":3}},"type":"if","locations":[{"start":{"line":118,"column":2},"end":{"line":125,"column":3}},{"start":{"line":120,"column":9},"end":{"line":125,"column":3}}],"line":118},"9":{"loc":{"start":{"line":120,"column":9},"end":{"line":125,"column":3}},"type":"if","locations":[{"start":{"line":120,"column":9},"end":{"line":125,"column":3}},{"start":{"line":122,"column":9},"end":{"line":125,"column":3}}],"line":120}},"s":{"0":5,"1":5,"2":33,"3":33,"4":32,"5":32,"6":32,"7":1,"8":1,"9":1,"10":33,"11":33,"12":33,"13":32,"14":8,"15":5,"16":5,"17":3,"18":3,"19":3,"20":32,"21":32,"22":149,"23":32,"24":3,"25":3,"26":32,"27":32,"28":107,"29":32,"30":7,"31":7,"32":32,"33":32,"34":17,"35":17,"36":32,"37":32,"38":7,"39":25,"40":10,"41":15,"42":15,"43":32,"44":32,"45":5},"f":{"0":33,"1":33,"2":149,"3":107},"b":{"0":[8,24],"1":[5,3],"2":[3,0],"3":[3,2],"4":[3,29],"5":[7,25],"6":[17,15],"7":[32,26,24],"8":[7,25],"9":[10,15]},"_coverageSchema":"1a1c01bbd47fc00a2c39e90264f33305004495a9","hash":"7dd067e4c1956338de862e294f83749fbe9ba739"}
,"/home/braedonpop/Desktop/projects/capstone/MCP-Securtiy/src/routes/api.js": {"path":"/home/braedonpop/Desktop/projects/capstone/MCP-Securtiy/src/routes/api.js","statementMap":{"0":{"start":{"line":1,"column":16},"end":{"line":1,"column":34}},"1":{"start":{"line":2,"column":12},"end":{"line":2,"column":26}},"2":{"start":{"line":3,"column":15},"end":{"line":3,"column":32}},"3":{"start":{"line":4,"column":18},"end":{"line":4,"column":47}},"4":{"start":{"line":5,"column":16},"end":{"line":5,"column":34}},"5":{"start":{"line":6,"column":23},"end":{"line":6,"column":63}},"6":{"start":{"line":7,"column":28},"end":{"line":7,"column":73}},"7":{"start":{"line":9,"column":15},"end":{"line":9,"column":31}},"8":{"start":{"line":10,"column":23},"end":{"line":10,"column":43}},"9":{"start":{"line":13,"column":15},"end":{"line":17,"column":2}},"10":{"start":{"line":20,"column":16},"end":{"line":20,"column":38}},"11":{"start":{"line":21,"column":15},"end":{"line":34,"column":2}},"12":{"start":{"line":28,"column":4},"end":{"line":32,"column":5}},"13":{"start":{"line":29,"column":6},"end":{"line":29,"column":21}},"14":{"start":{"line":31,"column":6},"end":{"line":31,"column":50}},"15":{"start":{"line":37,"column":22},"end":{"line":41,"column":2}},"16":{"start":{"line":44,"column":23},"end":{"line":46,"column":2}},"17":{"start":{"line":48,"column":25},"end":{"line":51,"column":2}},"18":{"start":{"line":57,"column":0},"end":{"line":70,"column":3}},"19":{"start":{"line":58,"column":27},"end":{"line":58,"column":60}},"20":{"start":{"line":59,"column":2},"end":{"line":61,"column":3}},"21":{"start":{"line":60,"column":4},"end":{"line":60,"column":69}},"22":{"start":{"line":63,"column":2},"end":{"line":69,"column":3}},"23":{"start":{"line":64,"column":20},"end":{"line":64,"column":78}},"24":{"start":{"line":65,"column":26},"end":{"line":65,"column":76}},"25":{"start":{"line":66,"column":4},"end":{"line":66,"column":32}},"26":{"start":{"line":68,"column":4},"end":{"line":68,"column":59}},"27":{"start":{"line":76,"column":0},"end":{"line":89,"column":3}},"28":{"start":{"line":77,"column":27},"end":{"line":77,"column":62}},"29":{"start":{"line":78,"column":2},"end":{"line":80,"column":3}},"30":{"start":{"line":79,"column":4},"end":{"line":79,"column":69}},"31":{"start":{"line":82,"column":2},"end":{"line":88,"column":3}},"32":{"start":{"line":83,"column":20},"end":{"line":83,"column":78}},"33":{"start":{"line":84,"column":21},"end":{"line":84,"column":74}},"34":{"start":{"line":85,"column":4},"end":{"line":85,"column":23}},"35":{"start":{"line":87,"column":4},"end":{"line":87,"column":65}},"36":{"start":{"line":95,"column":0},"end":{"line":141,"column":2}},"37":{"start":{"line":101,"column":4},"end":{"line":113,"column":7}},"38":{"start":{"line":102,"column":6},"end":{"line":109,"column":7}},"39":{"start":{"line":103,"column":8},"end":{"line":105,"column":9}},"40":{"start":{"line":104,"column":10},"end":{"line":104,"column":90}},"41":{"start":{"line":106,"column":8},"end":{"line":106,"column":84}},"42":{"start":{"line":107,"column":13},"end":{"line":109,"column":7}},"43":{"start":{"line":108,"column":8},"end":{"line":108,"column":60}},"44":{"start":{"line":112,"column":6},"end":{"line":112,"column":13}},"45":{"start":{"line":116,"column":4},"end":{"line":139,"column":5}},"46":{"start":{"line":117,"column":6},"end":{"line":119,"column":7}},"47":{"start":{"line":118,"column":8},"end":{"line":118,"column":67}},"48":{"start":{"line":121,"column":19},"end":{"line":121,"column":27}},"49":{"start":{"line":124,"column":21},"end":{"line":124,"column":32}},"50":{"start":{"line":125,"column":6},"end":{"line":127,"column":7}},"51":{"start":{"line":126,"column":8},"end":{"line":126,"column":97}},"52":{"start":{"line":130,"column":6},"end":{"line":135,"column":9}},"53":{"start":{"line":137,"column":6},"end":{"line":137,"column":61}},"54":{"start":{"line":138,"column":6},"end":{"line":138,"column":60}},"55":{"start":{"line":143,"column":0},"end":{"line":143,"column":24}}},"fnMap":{"0":{"name":"(anonymous_0)","decl":{"start":{"line":26,"column":14},"end":{"line":26,"column":15}},"loc":{"start":{"line":26,"column":33},"end":{"line":33,"column":3}},"line":26},"1":{"name":"(anonymous_1)","decl":{"start":{"line":57,"column":46},"end":{"line":57,"column":47}},"loc":{"start":{"line":57,"column":66},"end":{"line":70,"column":1}},"line":57},"2":{"name":"(anonymous_2)","decl":{"start":{"line":76,"column":49},"end":{"line":76,"column":50}},"loc":{"start":{"line":76,"column":69},"end":{"line":89,"column":1}},"line":76},"3":{"name":"(anonymous_3)","decl":{"start":{"line":99,"column":2},"end":{"line":99,"column":3}},"loc":{"start":{"line":99,"column":22},"end":{"line":114,"column":3}},"line":99},"4":{"name":"(anonymous_4)","decl":{"start":{"line":101,"column":35},"end":{"line":101,"column":36}},"loc":{"start":{"line":101,"column":44},"end":{"line":113,"column":5}},"line":101},"5":{"name":"(anonymous_5)","decl":{"start":{"line":115,"column":2},"end":{"line":115,"column":3}},"loc":{"start":{"line":115,"column":22},"end":{"line":140,"column":3}},"line":115}},"branchMap":{"0":{"loc":{"start":{"line":28,"column":4},"end":{"line":32,"column":5}},"type":"if","locations":[{"start":{"line":28,"column":4},"end":{"line":32,"column":5}},{"start":{"line":30,"column":11},"end":{"line":32,"column":5}}],"line":28},"1":{"loc":{"start":{"line":28,"column":8},"end":{"line":28,"column":95}},"type":"binary-expr","locations":[{"start":{"line":28,"column":8},"end":{"line":28,"column":56}},{"start":{"line":28,"column":60},"end":{"line":28,"column":95}}],"line":28},"2":{"loc":{"start":{"line":59,"column":2},"end":{"line":61,"column":3}},"type":"if","locations":[{"start":{"line":59,"column":2},"end":{"line":61,"column":3}},{"start":{},"end":{}}],"line":59},"3":{"loc":{"start":{"line":78,"column":2},"end":{"line":80,"column":3}},"type":"if","locations":[{"start":{"line":78,"column":2},"end":{"line":80,"column":3}},{"start":{},"end":{}}],"line":78},"4":{"loc":{"start":{"line":102,"column":6},"end":{"line":109,"column":7}},"type":"if","locations":[{"start":{"line":102,"column":6},"end":{"line":109,"column":7}},{"start":{"line":107,"column":13},"end":{"line":109,"column":7}}],"line":102},"5":{"loc":{"start":{"line":103,"column":8},"end":{"line":105,"column":9}},"type":"if","locations":[{"start":{"line":103,"column":8},"end":{"line":105,"column":9}},{"start":{},"end":{}}],"line":103},"6":{"loc":{"start":{"line":107,"column":13},"end":{"line":109,"column":7}},"type":"if","locations":[{"start":{"line":107,"column":13},"end":{"line":109,"column":7}},{"start":{},"end":{}}],"line":107},"7":{"loc":{"start":{"line":117,"column":6},"end":{"line":119,"column":7}},"type":"if","locations":[{"start":{"line":117,"column":6},"end":{"line":119,"column":7}},{"start":{},"end":{}}],"line":117},"8":{"loc":{"start":{"line":125,"column":6},"end":{"line":127,"column":7}},"type":"if","locations":[{"start":{"line":125,"column":6},"end":{"line":127,"column":7}},{"start":{},"end":{}}],"line":125},"9":{"loc":{"start":{"line":125,"column":10},"end":{"line":125,"column":79}},"type":"binary-expr","locations":[{"start":{"line":125,"column":10},"end":{"line":125,"column":27}},{"start":{"line":125,"column":31},"end":{"line":125,"column":79}}],"line":125}},"s":{"0":3,"1":3,"2":3,"3":3,"4":3,"5":3,"6":3,"7":3,"8":3,"9":3,"10":3,"11":3,"12":5,"13":3,"14":2,"15":3,"16":3,"17":3,"18":3,"19":5,"20":5,"21":1,"22":4,"23":4,"24":4,"25":4,"26":0,"27":3,"28":6,"29":6,"30":1,"31":5,"32":5,"33":5,"34":5,"35":0,"36":3,"37":6,"38":6,"39":1,"40":1,"41":0,"42":5,"43":2,"44":3,"45":3,"46":3,"47":1,"48":2,"49":2,"50":2,"51":1,"52":1,"53":0,"54":0,"55":3},"f":{"0":5,"1":5,"2":6,"3":6,"4":6,"5":3},"b":{"0":[3,2],"1":[5,4],"2":[1,4],"3":[1,5],"4":[1,5],"5":[1,0],"6":[2,3],"7":[1,2],"8":[1,1],"9":[2,2]},"_coverageSchema":"1a1c01bbd47fc00a2c39e90264f33305004495a9","hash":"b3b4ed7f838de10557a5ce860983f326f4d5c00f"}
}
