{"/home/braedonpop/Desktop/projects/capstone/MCP-Securtiy/src/components/SanitizationPipeline/EscapeNeutralization.js": {"path":"/home/braedonpop/Desktop/projects/capstone/MCP-Securtiy/src/components/SanitizationPipeline/EscapeNeutralization.js","statementMap":{"0":{"start":{"line":13,"column":28},"end":{"line":13,"column":52}},"1":{"start":{"line":14,"column":4},"end":{"line":14,"column":45}},"2":{"start":{"line":18,"column":0},"end":{"line":18,"column":38}}},"fnMap":{"0":{"name":"(anonymous_0)","decl":{"start":{"line":11,"column":2},"end":{"line":11,"column":3}},"loc":{"start":{"line":11,"column":17},"end":{"line":15,"column":3}},"line":11}},"branchMap":{},"s":{"0":9,"1":9,"2":1},"f":{"0":9},"b":{},"_coverageSchema":"1a1c01bbd47fc00a2c39e90264f33305004495a9","hash":"b3680bfc8927080deeb87a94482d6e70097f4af1"}
,"/home/braedonpop/Desktop/projects/capstone/MCP-Securtiy/src/components/SanitizationPipeline/SymbolStripping.js": {"path":"/home/braedonpop/Desktop/projects/capstone/MCP-Securtiy/src/components/SanitizationPipeline/SymbolStripping.js","statementMap":{"0":{"start":{"line":13,"column":27},"end":{"line":13,"column":77}},"1":{"start":{"line":16,"column":6},"end":{"line":16,"column":256}},"2":{"start":{"line":18,"column":18},"end":{"line":18,"column":71}},"3":{"start":{"line":19,"column":4},"end":{"line":19,"column":35}},"4":{"start":{"line":23,"column":0},"end":{"line":23,"column":33}}},"fnMap":{"0":{"name":"(anonymous_0)","decl":{"start":{"line":11,"column":2},"end":{"line":11,"column":3}},"loc":{"start":{"line":11,"column":17},"end":{"line":20,"column":3}},"line":11}},"branchMap":{},"s":{"0":12,"1":12,"2":12,"3":12,"4":1},"f":{"0":12},"b":{},"_coverageSchema":"1a1c01bbd47fc00a2c39e90264f33305004495a9","hash":"628f948f03a48a0dbe89d549287b7fe032406c1b"}
}
