TN:
SF:src/components/DataIntegrityValidator.js
FN:14,(anonymous_0)
FN:36,(anonymous_1)
FN:182,(anonymous_2)
FN:223,(anonymous_3)
FN:262,(anonymous_4)
FN:281,(anonymous_5)
FN:291,(anonymous_6)
FN:307,(anonymous_7)
FN:325,(anonymous_8)
FN:339,(anonymous_9)
FN:348,(anonymous_10)
FN:357,(anonymous_11)
FN:365,(anonymous_12)
FN:375,(anonymous_13)
FN:388,(anonymous_14)
FN:399,(anonymous_15)
FN:410,(anonymous_16)
FN:418,(anonymous_17)
FN:427,(anonymous_18)
FN:435,(anonymous_19)
FNF:20
FNH:13
FNDA:45,(anonymous_0)
FNDA:46,(anonymous_1)
FNDA:6,(anonymous_2)
FNDA:4,(anonymous_3)
FNDA:2,(anonymous_4)
FNDA:0,(anonymous_5)
FNDA:4,(anonymous_6)
FNDA:46,(anonymous_7)
FNDA:46,(anonymous_8)
FNDA:46,(anonymous_9)
FNDA:0,(anonymous_10)
FNDA:1,(anonymous_11)
FNDA:0,(anonymous_12)
FNDA:2,(anonymous_13)
FNDA:0,(anonymous_14)
FNDA:2,(anonymous_15)
FNDA:1,(anonymous_16)
FNDA:0,(anonymous_17)
FNDA:0,(anonymous_18)
FNDA:0,(anonymous_19)
DA:1,5
DA:2,5
DA:3,5
DA:4,5
DA:5,5
DA:6,5
DA:7,5
DA:16,45
DA:17,45
DA:18,45
DA:19,45
DA:20,45
DA:21,45
DA:22,45
DA:25,45
DA:26,45
DA:27,45
DA:37,46
DA:38,46
DA:40,46
DA:42,46
DA:56,46
DA:57,46
DA:59,46
DA:60,2
DA:61,2
DA:62,0
DA:63,0
DA:68,46
DA:69,13
DA:73,13
DA:75,13
DA:76,1
DA:77,1
DA:78,1
DA:79,0
DA:80,0
DA:85,13
DA:89,13
DA:91,13
DA:92,2
DA:93,2
DA:94,0
DA:95,0
DA:101,46
DA:102,46
DA:107,45
DA:109,1
DA:110,1
DA:111,1
DA:113,1
DA:121,46
DA:124,46
DA:125,4
DA:133,4
DA:135,4
DA:136,0
DA:141,46
DA:142,27
DA:149,46
DA:152,0
DA:165,0
DA:172,0
DA:183,6
DA:184,6
DA:189,6
DA:190,0
DA:201,6
DA:203,0
DA:204,0
DA:213,0
DA:224,4
DA:227,4
DA:229,3
DA:232,1
DA:235,4
DA:236,0
DA:241,0
DA:245,0
DA:248,4
DA:250,0
DA:251,0
DA:253,0
DA:263,2
DA:265,2
DA:266,0
DA:272,2
DA:282,0
DA:283,0
DA:292,4
DA:308,46
DA:309,46
DA:310,46
DA:311,46
DA:313,46
DA:314,0
DA:317,46
DA:326,46
DA:327,32
DA:329,14
DA:330,13
DA:332,1
DA:340,46
DA:349,0
DA:358,1
DA:366,0
DA:376,2
DA:389,0
DA:400,2
DA:411,1
DA:419,0
DA:428,0
DA:436,0
DA:440,5
LF:114
LH:84
BRDA:14,0,0,0
BRDA:20,1,0,45
BRDA:20,1,1,45
BRDA:21,2,0,45
BRDA:21,2,1,45
BRDA:22,3,0,45
BRDA:22,3,1,45
BRDA:26,4,0,45
BRDA:26,4,1,45
BRDA:27,5,0,45
BRDA:27,5,1,45
BRDA:36,6,0,13
BRDA:59,7,0,2
BRDA:59,7,1,44
BRDA:61,8,0,0
BRDA:61,8,1,2
BRDA:68,9,0,13
BRDA:68,9,1,33
BRDA:68,10,0,46
BRDA:68,10,1,14
BRDA:68,10,2,13
BRDA:75,11,0,1
BRDA:75,11,1,12
BRDA:78,12,0,0
BRDA:78,12,1,1
BRDA:91,13,0,2
BRDA:91,13,1,11
BRDA:93,14,0,0
BRDA:93,14,1,2
BRDA:105,15,0,46
BRDA:105,15,1,17
BRDA:124,16,0,4
BRDA:124,16,1,42
BRDA:135,17,0,0
BRDA:135,17,1,4
BRDA:141,18,0,27
BRDA:141,18,1,19
BRDA:182,19,0,6
BRDA:185,20,0,6
BRDA:185,20,1,0
BRDA:189,21,0,0
BRDA:189,21,1,6
BRDA:197,22,0,0
BRDA:197,22,1,0
BRDA:203,23,0,0
BRDA:203,23,1,0
BRDA:210,24,0,0
BRDA:210,24,1,0
BRDA:227,25,0,3
BRDA:227,25,1,1
BRDA:235,26,0,0
BRDA:235,26,1,4
BRDA:238,27,0,0
BRDA:238,27,1,0
BRDA:241,28,0,0
BRDA:241,28,1,0
BRDA:241,29,0,0
BRDA:241,29,1,0
BRDA:250,30,0,0
BRDA:250,30,1,0
BRDA:265,31,0,0
BRDA:265,31,1,2
BRDA:281,32,0,0
BRDA:282,33,0,0
BRDA:282,33,1,0
BRDA:313,34,0,0
BRDA:313,34,1,46
BRDA:326,35,0,32
BRDA:326,35,1,14
BRDA:329,36,0,13
BRDA:329,36,1,1
BRDA:329,37,0,14
BRDA:329,37,1,14
BRDA:375,38,0,2
BRDA:399,39,0,1
BRDA:399,40,0,2
BRDA:410,41,0,0
BRDA:410,42,0,1
BRF:78
BRH:50
end_of_record
TN:
SF:src/components/proxy-sanitizer.js
FN:16,(anonymous_0)
FN:27,(anonymous_1)
FN:41,(anonymous_2)
FN:59,(anonymous_3)
FNF:4
FNH:4
FNDA:2,(anonymous_0)
FNDA:10,(anonymous_1)
FNDA:3,(anonymous_2)
FNDA:3,(anonymous_3)
DA:1,2
DA:2,2
DA:5,2
DA:17,2
DA:28,10
DA:29,10
DA:30,10
DA:31,10
DA:42,3
DA:44,3
DA:45,3
DA:47,3
DA:49,3
DA:50,3
DA:51,3
DA:61,3
DA:65,2
LF:17
LH:17
BRDA:27,0,0,0
BRDA:41,1,0,0
BRF:2
BRH:0
end_of_record
TN:
SF:src/components/sanitization-pipeline.js
FN:20,(anonymous_0)
FN:42,(anonymous_1)
FNF:2
FNH:2
FNDA:21,(anonymous_0)
FNDA:17,(anonymous_1)
DA:1,4
DA:2,4
DA:3,4
DA:4,4
DA:5,4
DA:6,4
DA:9,4
DA:21,21
DA:29,21
DA:30,21
DA:43,17
DA:46,17
DA:48,5
DA:54,5
DA:55,5
DA:60,5
DA:61,0
DA:68,5
DA:72,12
DA:74,12
DA:77,12
DA:78,12
DA:83,12
DA:84,0
DA:94,12
DA:95,48
DA:99,12
DA:100,12
DA:105,12
DA:106,0
DA:114,12
DA:118,4
LF:32
LH:29
BRDA:20,0,0,8
BRDA:29,1,0,21
BRDA:29,1,1,8
BRDA:42,2,0,1
BRDA:43,3,0,1
BRDA:43,4,0,17
BRDA:43,5,0,16
BRDA:46,6,0,5
BRDA:46,6,1,12
BRDA:54,7,0,5
BRDA:54,7,1,0
BRDA:54,8,0,5
BRDA:54,8,1,5
BRDA:60,9,0,0
BRDA:60,9,1,5
BRDA:77,10,0,12
BRDA:77,10,1,0
BRDA:77,11,0,12
BRDA:77,11,1,12
BRDA:83,12,0,0
BRDA:83,12,1,12
BRDA:99,13,0,12
BRDA:99,13,1,0
BRDA:99,14,0,12
BRDA:99,14,1,12
BRDA:105,15,0,0
BRDA:105,15,1,12
BRF:27
BRH:21
end_of_record
TN:
SF:src/components/SanitizationPipeline/escape-neutralization.js
FN:11,(anonymous_0)
FNF:1
FNH:1
FNDA:21,(anonymous_0)
DA:13,21
DA:14,21
DA:18,5
LF:3
LH:3
BRF:0
BRH:0
end_of_record
TN:
SF:src/components/SanitizationPipeline/pattern-redaction.js
FN:11,(anonymous_0)
FNF:1
FNH:1
FNDA:12,(anonymous_0)
DA:14,12
DA:18,4
LF:2
LH:2
BRF:0
BRH:0
end_of_record
TN:
SF:src/components/SanitizationPipeline/symbol-stripping.js
FN:11,(anonymous_0)
FNF:1
FNH:1
FNDA:24,(anonymous_0)
DA:13,24
DA:16,24
DA:18,24
DA:19,24
DA:23,5
LF:5
LH:5
BRF:0
BRH:0
end_of_record
TN:
SF:src/components/SanitizationPipeline/unicode-normalization.js
FN:11,(anonymous_0)
FNF:1
FNH:1
FNDA:12,(anonymous_0)
DA:12,12
DA:16,4
LF:2
LH:2
BRF:0
BRH:0
end_of_record
TN:
SF:src/components/data-integrity/AtomicOperations.js
FN:6,(anonymous_0)
FN:18,(anonymous_1)
FN:29,(anonymous_2)
FN:30,(anonymous_3)
FN:69,(anonymous_4)
FN:90,(anonymous_5)
FN:112,(anonymous_6)
FN:142,(anonymous_7)
FN:145,(anonymous_8)
FN:194,(anonymous_9)
FN:211,(anonymous_10)
FN:222,(anonymous_11)
FN:225,(anonymous_12)
FN:264,(anonymous_13)
FN:274,(anonymous_14)
FN:285,(anonymous_15)
FN:294,(anonymous_16)
FN:303,(anonymous_17)
FN:311,(anonymous_18)
FNF:19
FNH:10
FNDA:45,(anonymous_0)
FNDA:2,(anonymous_1)
FNDA:2,(anonymous_2)
FNDA:0,(anonymous_3)
FNDA:2,(anonymous_4)
FNDA:2,(anonymous_5)
FNDA:0,(anonymous_6)
FNDA:2,(anonymous_7)
FNDA:2,(anonymous_8)
FNDA:2,(anonymous_9)
FNDA:102,(anonymous_10)
FNDA:0,(anonymous_11)
FNDA:0,(anonymous_12)
FNDA:0,(anonymous_13)
FNDA:0,(anonymous_14)
FNDA:0,(anonymous_15)
FNDA:2,(anonymous_16)
FNDA:0,(anonymous_17)
FNDA:0,(anonymous_18)
DA:7,45
DA:8,45
DA:9,45
DA:19,2
DA:20,2
DA:22,2
DA:24,2
DA:27,2
DA:29,2
DA:30,0
DA:34,2
DA:35,0
DA:36,0
DA:45,2
DA:50,2
DA:54,0
DA:55,0
DA:72,2
DA:78,2
DA:79,2
DA:91,2
DA:92,2
DA:93,0
DA:96,2
DA:97,0
DA:101,2
DA:103,2
DA:104,2
DA:113,0
DA:114,0
DA:115,0
DA:118,0
DA:119,0
DA:120,0
DA:123,0
DA:124,0
DA:125,0
DA:129,0
DA:131,0
DA:132,0
DA:133,0
DA:143,2
DA:145,2
DA:146,2
DA:147,2
DA:154,2
DA:155,2
DA:158,2
DA:159,2
DA:160,102
DA:161,0
DA:162,0
DA:168,2
DA:169,2
DA:170,2
DA:173,2
DA:174,0
DA:175,0
DA:179,2
DA:180,2
DA:182,0
DA:183,0
DA:197,2
DA:200,2
DA:201,2
DA:203,2
DA:213,102
DA:223,0
DA:225,0
DA:226,0
DA:228,0
DA:231,0
DA:232,0
DA:233,0
DA:234,0
DA:238,0
DA:239,0
DA:240,0
DA:241,0
DA:245,0
DA:247,0
DA:248,0
DA:253,0
DA:254,0
DA:266,0
DA:276,0
DA:277,0
DA:287,0
DA:295,2
DA:304,0
DA:312,0
DA:316,5
LF:92
LH:43
BRDA:6,0,0,0
BRDA:7,1,0,45
BRDA:7,1,1,45
BRDA:8,2,0,45
BRDA:8,2,1,45
BRDA:9,3,0,45
BRDA:9,3,1,45
BRDA:18,4,0,2
BRDA:34,5,0,0
BRDA:34,5,1,2
BRDA:69,6,0,0
BRDA:78,7,0,2
BRDA:78,7,1,2
BRDA:92,8,0,0
BRDA:92,8,1,2
BRDA:96,9,0,0
BRDA:96,9,1,2
BRDA:112,10,0,0
BRDA:114,11,0,0
BRDA:114,11,1,0
BRDA:118,12,0,0
BRDA:118,12,1,0
BRDA:123,13,0,0
BRDA:123,13,1,0
BRDA:142,14,0,0
BRDA:143,15,0,2
BRDA:143,16,0,0
BRDA:158,17,0,2
BRDA:158,17,1,0
BRDA:160,18,0,0
BRDA:160,18,1,102
BRDA:173,19,0,0
BRDA:173,19,1,2
BRDA:213,20,0,102
BRDA:213,20,1,102
BRDA:213,20,2,102
BRDA:213,20,3,102
BRDA:232,21,0,0
BRDA:232,21,1,0
BRDA:239,22,0,0
BRDA:239,22,1,0
BRDA:304,23,0,0
BRDA:304,23,1,0
BRDA:312,24,0,0
BRDA:312,24,1,0
BRF:45
BRH:20
end_of_record
TN:
SF:src/components/data-integrity/AuditLogger.js
FN:8,(anonymous_0)
FN:46,(anonymous_1)
FN:76,(anonymous_2)
FN:96,(anonymous_3)
FN:116,(anonymous_4)
FN:136,(anonymous_5)
FN:157,(anonymous_6)
FN:176,(anonymous_7)
FN:180,(anonymous_8)
FN:184,(anonymous_9)
FN:188,(anonymous_10)
FN:193,(anonymous_11)
FN:206,(anonymous_12)
FN:235,(anonymous_13)
FN:264,(anonymous_14)
FN:272,(anonymous_15)
FNF:16
FNH:9
FNDA:51,(anonymous_0)
FNDA:38,(anonymous_1)
FNDA:28,(anonymous_2)
FNDA:0,(anonymous_3)
FNDA:1,(anonymous_4)
FNDA:0,(anonymous_5)
FNDA:0,(anonymous_6)
FNDA:5,(anonymous_7)
FNDA:3,(anonymous_8)
FNDA:2,(anonymous_9)
FNDA:0,(anonymous_10)
FNDA:0,(anonymous_11)
FNDA:0,(anonymous_12)
FNDA:5,(anonymous_13)
FNDA:38,(anonymous_14)
FNDA:0,(anonymous_15)
DA:1,5
DA:9,51
DA:10,51
DA:11,51
DA:14,51
DA:27,51
DA:28,45
DA:36,51
DA:37,51
DA:47,38
DA:60,38
DA:61,38
DA:62,0
DA:66,38
DA:68,38
DA:77,28
DA:84,28
DA:97,0
DA:104,0
DA:117,1
DA:124,1
DA:137,0
DA:145,0
DA:158,0
DA:165,0
DA:177,5
DA:179,5
DA:180,3
DA:183,5
DA:184,2
DA:187,5
DA:188,0
DA:191,5
DA:192,0
DA:193,0
DA:197,5
DA:207,0
DA:208,0
DA:209,0
DA:218,0
DA:224,0
DA:226,0
DA:227,0
DA:236,5
DA:243,5
DA:244,1
DA:245,1
DA:248,5
DA:250,3
DA:253,3
DA:254,3
DA:257,5
DA:265,38
DA:273,0
DA:274,0
DA:278,5
LF:56
LH:37
BRDA:8,0,0,0
BRDA:9,1,0,51
BRDA:9,1,1,51
BRDA:10,2,0,51
BRDA:10,2,1,51
BRDA:27,3,0,45
BRDA:27,3,1,6
BRDA:37,4,0,51
BRDA:37,4,1,45
BRDA:46,5,0,7
BRDA:61,6,0,0
BRDA:61,6,1,38
BRDA:76,7,0,0
BRDA:79,8,0,28
BRDA:79,8,1,27
BRDA:80,9,0,28
BRDA:80,9,1,0
BRDA:81,10,0,28
BRDA:81,10,1,28
BRDA:86,11,0,27
BRDA:86,11,1,1
BRDA:96,12,0,0
BRDA:99,13,0,0
BRDA:99,13,1,0
BRDA:106,14,0,0
BRDA:106,14,1,0
BRDA:116,15,0,0
BRDA:136,16,0,0
BRDA:157,17,0,0
BRDA:162,18,0,0
BRDA:162,18,1,0
BRDA:167,19,0,0
BRDA:167,19,1,0
BRDA:176,20,0,3
BRDA:179,21,0,1
BRDA:179,21,1,4
BRDA:183,22,0,1
BRDA:183,22,1,4
BRDA:187,23,0,0
BRDA:187,23,1,5
BRDA:191,24,0,0
BRDA:191,24,1,5
BRDA:206,25,0,0
BRDA:243,26,0,1
BRDA:243,26,1,4
BRDA:250,27,0,3
BRDA:250,27,1,3
BRDA:253,28,0,3
BRDA:253,28,1,3
BRDA:254,29,0,3
BRDA:254,29,1,1
BRF:51
BRH:32
end_of_record
TN:
SF:src/components/data-integrity/CryptographicHasher.js
FN:8,(anonymous_0)
FN:19,(anonymous_1)
FN:36,(anonymous_2)
FN:54,(anonymous_3)
FN:97,(anonymous_4)
FN:126,(anonymous_5)
FN:180,(anonymous_6)
FN:188,(anonymous_7)
FNF:8
FNH:6
FNDA:53,(anonymous_0)
FNDA:343,(anonymous_1)
FNDA:8,(anonymous_2)
FNDA:99,(anonymous_3)
FNDA:50,(anonymous_4)
FNDA:3,(anonymous_5)
FNDA:0,(anonymous_6)
FNDA:0,(anonymous_7)
DA:1,5
DA:9,53
DA:10,53
DA:20,343
DA:21,343
DA:22,343
DA:23,343
DA:25,0
DA:37,8
DA:38,8
DA:39,8
DA:45,1
DA:55,99
DA:57,99
DA:58,99
DA:61,99
DA:62,99
DA:63,24
DA:68,24
DA:72,98
DA:76,98
DA:78,98
DA:86,1
DA:98,50
DA:99,49
DA:101,49
DA:127,3
DA:132,3
DA:137,3
DA:138,3
DA:139,3
DA:140,0
DA:141,0
DA:143,0
DA:147,3
DA:148,3
DA:150,3
DA:153,3
DA:156,3
DA:158,3
DA:167,0
DA:181,0
DA:189,0
DA:190,0
DA:192,0
DA:196,5
LF:46
LH:37
BRDA:19,0,0,333
BRDA:36,1,0,8
BRDA:57,2,0,72
BRDA:57,2,1,27
BRDA:62,3,0,24
BRDA:62,3,1,74
BRDA:62,4,0,99
BRDA:62,4,1,74
BRDA:62,4,2,74
BRDA:74,5,0,24
BRDA:74,5,1,74
BRDA:97,6,0,2
BRDA:111,7,0,36
BRDA:111,7,1,13
BRDA:113,8,0,36
BRDA:113,8,1,13
BRDA:132,9,0,3
BRDA:132,9,1,0
BRDA:138,10,0,3
BRDA:138,10,1,0
BRDA:140,11,0,0
BRDA:140,11,1,0
BRDA:148,12,0,3
BRDA:148,12,1,0
BRDA:156,13,0,3
BRDA:156,13,1,2
BRDA:163,14,0,3
BRDA:163,14,1,0
BRDA:180,15,0,0
BRDA:189,16,0,0
BRDA:189,16,1,0
BRF:31
BRH:22
end_of_record
TN:
SF:src/components/data-integrity/ErrorRouter.js
FN:6,(anonymous_0)
FN:51,(anonymous_1)
FN:91,(anonymous_2)
FN:132,(anonymous_3)
FN:162,(anonymous_4)
FN:172,(anonymous_5)
FN:179,(anonymous_6)
FN:191,(anonymous_7)
FN:193,(anonymous_8)
FN:209,(anonymous_9)
FN:211,(anonymous_10)
FN:243,(anonymous_11)
FN:255,(anonymous_12)
FN:256,(anonymous_13)
FN:257,(anonymous_14)
FN:276,(anonymous_15)
FN:284,(anonymous_16)
FN:293,(anonymous_17)
FNF:18
FNH:14
FNDA:50,(anonymous_0)
FNDA:10,(anonymous_1)
FNDA:10,(anonymous_2)
FNDA:10,(anonymous_3)
FNDA:2,(anonymous_4)
FNDA:2,(anonymous_5)
FNDA:0,(anonymous_6)
FNDA:1,(anonymous_7)
FNDA:1,(anonymous_8)
FNDA:0,(anonymous_9)
FNDA:0,(anonymous_10)
FNDA:5,(anonymous_11)
FNDA:1,(anonymous_12)
FNDA:1,(anonymous_13)
FNDA:1,(anonymous_14)
FNDA:10,(anonymous_15)
FNDA:10,(anonymous_16)
FNDA:0,(anonymous_17)
DA:8,50
DA:42,50
DA:43,50
DA:52,10
DA:53,10
DA:54,10
DA:56,10
DA:57,0
DA:64,10
DA:67,10
DA:69,10
DA:78,0
DA:92,10
DA:95,10
DA:96,6
DA:100,4
DA:101,4
DA:103,0
DA:106,4
DA:108,0
DA:111,4
DA:113,0
DA:116,4
DA:118,0
DA:123,4
DA:133,10
DA:134,10
DA:146,10
DA:147,10
DA:151,10
DA:153,10
DA:163,2
DA:165,2
DA:166,0
DA:169,2
DA:173,2
DA:177,2
DA:178,2
DA:179,0
DA:182,2
DA:192,1
DA:193,1
DA:194,1
DA:195,1
DA:196,1
DA:197,1
DA:198,1
DA:201,0
DA:210,0
DA:211,0
DA:212,0
DA:213,0
DA:214,0
DA:221,0
DA:222,0
DA:223,0
DA:225,0
DA:233,0
DA:244,5
DA:252,5
DA:253,1
DA:255,1
DA:256,1
DA:257,1
DA:260,1
DA:261,1
DA:262,1
DA:265,5
DA:266,1
DA:269,5
DA:277,10
DA:285,10
DA:294,0
DA:298,5
LF:74
LH:54
BRDA:56,0,0,0
BRDA:56,0,1,10
BRDA:95,1,0,6
BRDA:95,1,1,4
BRDA:100,2,0,4
BRDA:100,2,1,0
BRDA:101,3,0,0
BRDA:101,3,1,4
BRDA:101,4,0,4
BRDA:101,4,1,0
BRDA:106,5,0,0
BRDA:106,5,1,4
BRDA:106,6,0,4
BRDA:106,6,1,0
BRDA:111,7,0,0
BRDA:111,7,1,4
BRDA:111,8,0,4
BRDA:111,8,1,0
BRDA:116,9,0,0
BRDA:116,9,1,4
BRDA:116,10,0,4
BRDA:116,10,1,0
BRDA:146,11,0,10
BRDA:146,11,1,0
BRDA:162,12,0,1
BRDA:163,13,0,2
BRDA:163,14,0,1
BRDA:165,15,0,0
BRDA:165,15,1,2
BRDA:173,16,0,2
BRDA:173,16,1,2
BRDA:173,16,2,0
BRDA:191,17,0,0
BRDA:194,18,0,1
BRDA:194,18,1,0
BRDA:212,19,0,0
BRDA:212,19,1,0
BRDA:213,20,0,0
BRDA:213,20,1,0
BRDA:285,21,0,10
BRDA:285,21,1,10
BRF:41
BRH:22
end_of_record
TN:
SF:src/components/data-integrity/ReadOnlyAccessControl.js
FN:6,(anonymous_0)
FN:20,(anonymous_1)
FN:90,(anonymous_2)
FN:109,(anonymous_3)
FN:125,(anonymous_4)
FN:131,(anonymous_5)
FN:139,(anonymous_6)
FN:157,(anonymous_7)
FN:173,(anonymous_8)
FN:185,(anonymous_9)
FN:202,(anonymous_10)
FN:221,(anonymous_11)
FN:250,(anonymous_12)
FN:254,(anonymous_13)
FN:258,(anonymous_14)
FN:262,(anonymous_15)
FN:266,(anonymous_16)
FN:270,(anonymous_17)
FN:280,(anonymous_18)
FN:316,(anonymous_19)
FN:324,(anonymous_20)
FN:332,(anonymous_21)
FN:343,(anonymous_22)
FNF:23
FNH:13
FNDA:45,(anonymous_0)
FNDA:2,(anonymous_1)
FNDA:1,(anonymous_2)
FNDA:2,(anonymous_3)
FNDA:1,(anonymous_4)
FNDA:1,(anonymous_5)
FNDA:1,(anonymous_6)
FNDA:1,(anonymous_7)
FNDA:1,(anonymous_8)
FNDA:0,(anonymous_9)
FNDA:0,(anonymous_10)
FNDA:2,(anonymous_11)
FNDA:0,(anonymous_12)
FNDA:0,(anonymous_13)
FNDA:0,(anonymous_14)
FNDA:0,(anonymous_15)
FNDA:0,(anonymous_16)
FNDA:0,(anonymous_17)
FNDA:0,(anonymous_18)
FNDA:2,(anonymous_19)
FNDA:1,(anonymous_20)
FNDA:1,(anonymous_21)
FNDA:0,(anonymous_22)
DA:7,45
DA:8,45
DA:9,45
DA:10,45
DA:21,2
DA:23,2
DA:24,1
DA:32,1
DA:33,0
DA:41,1
DA:42,0
DA:50,1
DA:51,0
DA:59,1
DA:60,1
DA:63,1
DA:71,0
DA:72,0
DA:75,0
DA:92,1
DA:93,1
DA:96,1
DA:110,2
DA:126,1
DA:127,0
DA:130,1
DA:131,1
DA:141,1
DA:148,1
DA:160,1
DA:175,1
DA:176,1
DA:177,1
DA:179,1
DA:180,1
DA:184,1
DA:185,0
DA:189,1
DA:190,1
DA:191,1
DA:194,0
DA:203,0
DA:204,0
DA:207,0
DA:208,0
DA:209,0
DA:211,0
DA:222,2
DA:234,2
DA:237,2
DA:238,0
DA:242,2
DA:251,0
DA:253,0
DA:254,0
DA:257,0
DA:258,0
DA:261,0
DA:262,0
DA:265,0
DA:266,0
DA:269,0
DA:270,0
DA:273,0
DA:281,0
DA:291,0
DA:293,0
DA:294,0
DA:295,0
DA:297,0
DA:300,0
DA:302,0
DA:304,0
DA:305,0
DA:309,0
DA:317,2
DA:325,1
DA:334,1
DA:335,1
DA:345,0
DA:347,0
DA:348,0
DA:353,5
LF:83
LH:41
BRDA:6,0,0,0
BRDA:8,1,0,45
BRDA:8,1,1,45
BRDA:9,2,0,45
BRDA:9,2,1,45
BRDA:20,3,0,0
BRDA:20,4,0,0
BRDA:23,5,0,1
BRDA:23,5,1,1
BRDA:32,6,0,0
BRDA:32,6,1,1
BRDA:41,7,0,0
BRDA:41,7,1,1
BRDA:50,8,0,0
BRDA:50,8,1,1
BRDA:59,9,0,1
BRDA:59,9,1,0
BRDA:71,10,0,0
BRDA:71,10,1,0
BRDA:90,11,0,0
BRDA:90,12,0,0
BRDA:92,13,0,1
BRDA:92,13,1,0
BRDA:111,14,0,2
BRDA:111,14,1,2
BRDA:111,14,2,2
BRDA:111,14,3,2
BRDA:111,14,4,1
BRDA:126,15,0,0
BRDA:126,15,1,1
BRDA:126,16,0,1
BRDA:126,16,1,1
BRDA:148,17,0,1
BRDA:148,17,1,0
BRDA:161,18,0,1
BRDA:161,18,1,0
BRDA:161,18,2,0
BRDA:179,19,0,1
BRDA:179,19,1,0
BRDA:189,20,0,1
BRDA:189,20,1,0
BRDA:203,21,0,0
BRDA:203,21,1,0
BRDA:203,22,0,0
BRDA:203,22,1,0
BRDA:221,23,0,0
BRDA:237,24,0,0
BRDA:237,24,1,2
BRDA:250,25,0,0
BRDA:253,26,0,0
BRDA:253,26,1,0
BRDA:257,27,0,0
BRDA:257,27,1,0
BRDA:261,28,0,0
BRDA:261,28,1,0
BRDA:265,29,0,0
BRDA:265,29,1,0
BRDA:269,30,0,0
BRDA:269,30,1,0
BRDA:294,31,0,0
BRDA:294,31,1,0
BRDA:301,32,0,0
BRDA:301,32,1,0
BRDA:302,33,0,0
BRDA:302,33,1,0
BRDA:304,34,0,0
BRDA:304,34,1,0
BRDA:343,35,0,0
BRDA:347,36,0,0
BRDA:347,36,1,0
BRF:70
BRH:24
end_of_record
TN:
SF:src/components/data-integrity/ReferentialChecker.js
FN:6,(anonymous_0)
FN:33,(anonymous_1)
FN:56,(anonymous_2)
FN:57,(anonymous_3)
FN:69,(anonymous_4)
FN:113,(anonymous_5)
FN:137,(anonymous_6)
FN:174,(anonymous_7)
FN:182,(anonymous_8)
FNF:9
FNH:8
FNDA:51,(anonymous_0)
FNDA:15,(anonymous_1)
FNDA:29,(anonymous_2)
FNDA:29,(anonymous_3)
FNDA:29,(anonymous_4)
FNDA:16,(anonymous_5)
FNDA:15,(anonymous_6)
FNDA:5,(anonymous_7)
FNDA:0,(anonymous_8)
DA:8,51
DA:24,51
DA:34,15
DA:35,15
DA:36,15
DA:38,15
DA:39,29
DA:40,29
DA:42,29
DA:43,29
DA:45,29
DA:46,29
DA:47,1
DA:51,15
DA:56,29
DA:57,29
DA:70,29
DA:72,29
DA:73,13
DA:81,16
DA:83,16
DA:84,1
DA:91,15
DA:97,0
DA:117,16
DA:119,15
DA:122,1
DA:124,1
DA:128,0
DA:138,15
DA:139,15
DA:140,15
DA:142,15
DA:143,60
DA:144,60
DA:146,60
DA:152,60
DA:153,8
DA:157,15
DA:175,5
DA:183,0
DA:187,5
LF:42
LH:39
BRDA:33,0,0,15
BRDA:34,1,0,15
BRDA:34,1,1,15
BRDA:40,2,0,0
BRDA:40,2,1,29
BRDA:46,3,0,1
BRDA:46,3,1,28
BRDA:72,4,0,13
BRDA:72,4,1,16
BRDA:72,5,0,29
BRDA:72,5,1,29
BRDA:72,5,2,14
BRDA:83,6,0,1
BRDA:83,6,1,15
BRDA:117,7,0,15
BRDA:117,7,1,1
BRDA:117,8,0,16
BRDA:117,8,1,15
BRDA:119,9,0,15
BRDA:119,9,1,14
BRDA:122,10,0,1
BRDA:122,10,1,0
BRDA:122,11,0,1
BRDA:122,11,1,1
BRDA:124,12,0,1
BRDA:124,12,1,1
BRDA:137,13,0,15
BRDA:144,14,0,60
BRDA:144,14,1,59
BRDA:144,14,2,52
BRDA:152,15,0,8
BRDA:152,15,1,52
BRF:32
BRH:30
end_of_record
TN:
SF:src/components/data-integrity/SchemaValidator.js
FN:7,(anonymous_0)
FN:33,(anonymous_1)
FN:64,(anonymous_2)
FN:96,(anonymous_3)
FN:113,(anonymous_4)
FN:114,(anonymous_5)
FN:124,(anonymous_6)
FN:136,(anonymous_7)
FNF:8
FNH:7
FNDA:54,(anonymous_0)
FNDA:58,(anonymous_1)
FNDA:6,(anonymous_2)
FNDA:2,(anonymous_3)
FNDA:6,(anonymous_4)
FNDA:6,(anonymous_5)
FNDA:1,(anonymous_6)
FNDA:0,(anonymous_7)
DA:5,5
DA:9,54
DA:34,58
DA:37,58
DA:39,40
DA:40,18
DA:41,17
DA:42,17
DA:43,0
DA:49,1
DA:50,0
DA:52,1
DA:59,57
DA:61,57
DA:62,6
DA:64,6
DA:73,51
DA:82,0
DA:97,2
DA:98,2
DA:100,2
DA:101,6
DA:102,6
DA:103,6
DA:104,2
DA:108,2
DA:113,6
DA:114,6
DA:125,1
DA:126,1
DA:128,0
DA:137,0
DA:141,5
LF:33
LH:28
BRDA:37,0,0,40
BRDA:37,0,1,18
BRDA:40,1,0,17
BRDA:40,1,1,1
BRDA:42,2,0,0
BRDA:42,2,1,17
BRDA:49,3,0,0
BRDA:49,3,1,1
BRDA:61,4,0,6
BRDA:61,4,1,51
BRDA:66,5,0,6
BRDA:66,5,1,0
BRDA:77,6,0,11
BRDA:77,6,1,40
BRDA:103,7,0,2
BRDA:103,7,1,4
BRDA:125,8,0,1
BRDA:125,8,1,0
BRF:18
BRH:14
end_of_record
TN:
SF:src/middleware/destination-tracking.js
FN:37,destinationTracking
FN:72,analyzeRequest
FN:93,(anonymous_2)
FN:101,(anonymous_3)
FNF:4
FNH:4
FNDA:33,destinationTracking
FNDA:33,analyzeRequest
FNDA:149,(anonymous_2)
FNDA:107,(anonymous_3)
DA:13,5
DA:16,5
DA:38,33
DA:39,33
DA:42,32
DA:45,32
DA:53,32
DA:55,1
DA:57,1
DA:63,1
DA:73,33
DA:74,33
DA:77,33
DA:78,32
DA:79,8
DA:80,5
DA:81,5
DA:82,3
DA:86,3
DA:87,3
DA:92,32
DA:93,149
DA:94,32
DA:95,3
DA:96,3
DA:100,32
DA:101,107
DA:102,32
DA:103,7
DA:104,7
DA:108,32
DA:109,32
DA:110,17
DA:111,17
DA:116,32
DA:118,32
DA:119,7
DA:120,25
DA:121,10
DA:123,15
DA:124,15
DA:128,32
DA:130,32
DA:138,5
LF:44
LH:44
BRDA:78,0,0,8
BRDA:78,0,1,24
BRDA:79,1,0,5
BRDA:79,1,1,3
BRDA:82,2,0,3
BRDA:82,2,1,0
BRDA:83,3,0,3
BRDA:83,3,1,2
BRDA:94,4,0,3
BRDA:94,4,1,29
BRDA:102,5,0,7
BRDA:102,5,1,25
BRDA:109,6,0,17
BRDA:109,6,1,15
BRDA:109,7,0,32
BRDA:109,7,1,26
BRDA:109,7,2,24
BRDA:118,8,0,7
BRDA:118,8,1,25
BRDA:120,9,0,10
BRDA:120,9,1,15
BRF:21
BRH:20
end_of_record
TN:
SF:src/routes/api.js
FN:26,(anonymous_0)
FN:57,(anonymous_1)
FN:76,(anonymous_2)
FN:99,(anonymous_3)
FN:101,(anonymous_4)
FN:115,(anonymous_5)
FNF:6
FNH:6
FNDA:5,(anonymous_0)
FNDA:5,(anonymous_1)
FNDA:6,(anonymous_2)
FNDA:6,(anonymous_3)
FNDA:6,(anonymous_4)
FNDA:3,(anonymous_5)
DA:1,3
DA:2,3
DA:3,3
DA:4,3
DA:5,3
DA:6,3
DA:7,3
DA:9,3
DA:10,3
DA:13,3
DA:20,3
DA:21,3
DA:28,5
DA:29,3
DA:31,2
DA:37,3
DA:44,3
DA:48,3
DA:57,3
DA:58,5
DA:59,5
DA:60,1
DA:63,4
DA:64,4
DA:65,4
DA:66,4
DA:68,0
DA:76,3
DA:77,6
DA:78,6
DA:79,1
DA:82,5
DA:83,5
DA:84,5
DA:85,5
DA:87,0
DA:95,3
DA:101,6
DA:102,6
DA:103,1
DA:104,1
DA:106,0
DA:107,5
DA:108,2
DA:112,3
DA:116,3
DA:117,3
DA:118,1
DA:121,2
DA:124,2
DA:125,2
DA:126,1
DA:130,1
DA:137,0
DA:138,0
DA:143,3
LF:56
LH:51
BRDA:28,0,0,3
BRDA:28,0,1,2
BRDA:28,1,0,5
BRDA:28,1,1,4
BRDA:59,2,0,1
BRDA:59,2,1,4
BRDA:78,3,0,1
BRDA:78,3,1,5
BRDA:102,4,0,1
BRDA:102,4,1,5
BRDA:103,5,0,1
BRDA:103,5,1,0
BRDA:107,6,0,2
BRDA:107,6,1,3
BRDA:117,7,0,1
BRDA:117,7,1,2
BRDA:125,8,0,1
BRDA:125,8,1,1
BRDA:125,9,0,2
BRDA:125,9,1,2
BRF:20
BRH:19
end_of_record
