TN:
SF:src/components/AccessControlEnforcer.js
FN:15,(anonymous_0)
FN:58,(anonymous_1)
FN:165,(anonymous_2)
FN:174,(anonymous_3)
FN:184,(anonymous_4)
FN:193,(anonymous_5)
FNF:6
FNH:0
FNDA:0,(anonymous_0)
FNDA:0,(anonymous_1)
FNDA:0,(anonymous_2)
FNDA:0,(anonymous_3)
FNDA:0,(anonymous_4)
FNDA:0,(anonymous_5)
DA:1,0
DA:16,0
DA:25,0
DA:46,0
DA:49,0
DA:59,0
DA:60,0
DA:61,0
DA:69,0
DA:70,0
DA:71,0
DA:80,0
DA:93,0
DA:94,0
DA:99,0
DA:106,0
DA:109,0
DA:110,0
DA:115,0
DA:123,0
DA:124,0
DA:131,0
DA:132,0
DA:139,0
DA:140,0
DA:148,0
DA:154,0
DA:167,0
DA:175,0
DA:176,0
DA:177,0
DA:187,0
DA:194,0
DA:198,0
LF:34
LH:0
BRDA:15,0,0,0
BRDA:17,1,0,0
BRDA:17,1,1,0
BRDA:46,2,0,0
BRDA:46,2,1,0
BRDA:49,3,0,0
BRDA:49,3,1,0
BRDA:58,4,0,0
BRDA:60,5,0,0
BRDA:60,5,1,0
BRDA:69,6,0,0
BRDA:69,6,1,0
BRDA:69,7,0,0
BRDA:69,7,1,0
BRDA:93,8,0,0
BRDA:93,8,1,0
BRDA:109,9,0,0
BRDA:109,9,1,0
BRDA:109,10,0,0
BRDA:109,10,1,0
BRDA:117,11,0,0
BRDA:117,11,1,0
BRDA:123,12,0,0
BRDA:123,12,1,0
BRDA:123,13,0,0
BRDA:123,13,1,0
BRDA:131,14,0,0
BRDA:131,14,1,0
BRDA:131,15,0,0
BRDA:131,15,1,0
BRDA:139,16,0,0
BRDA:139,16,1,0
BRDA:139,17,0,0
BRDA:139,17,1,0
BRDA:175,18,0,0
BRDA:175,18,1,0
BRF:36
BRH:0
end_of_record
TN:
SF:src/components/AuditLoggerAccess.js
FN:9,(anonymous_0)
FN:57,(anonymous_1)
FN:113,(anonymous_2)
FN:162,(anonymous_3)
FN:204,(anonymous_4)
FN:208,(anonymous_5)
FN:212,(anonymous_6)
FN:216,(anonymous_7)
FN:220,(anonymous_8)
FN:224,(anonymous_9)
FN:228,(anonymous_10)
FN:238,(anonymous_11)
FN:281,(anonymous_12)
FN:291,(anonymous_13)
FNF:14
FNH:1
FNDA:1,(anonymous_0)
FNDA:0,(anonymous_1)
FNDA:0,(anonymous_2)
FNDA:0,(anonymous_3)
FNDA:0,(anonymous_4)
FNDA:0,(anonymous_5)
FNDA:0,(anonymous_6)
FNDA:0,(anonymous_7)
FNDA:0,(anonymous_8)
FNDA:0,(anonymous_9)
FNDA:0,(anonymous_10)
FNDA:0,(anonymous_11)
FNDA:0,(anonymous_12)
FNDA:0,(anonymous_13)
DA:1,1
DA:2,1
DA:10,1
DA:11,1
DA:12,1
DA:13,1
DA:14,1
DA:18,1
DA:25,1
DA:38,1
DA:39,1
DA:47,1
DA:58,0
DA:91,0
DA:92,0
DA:93,0
DA:97,0
DA:100,0
DA:102,0
DA:120,0
DA:144,0
DA:145,0
DA:146,0
DA:150,0
DA:151,0
DA:153,0
DA:163,0
DA:188,0
DA:189,0
DA:190,0
DA:194,0
DA:196,0
DA:205,0
DA:207,0
DA:208,0
DA:211,0
DA:212,0
DA:215,0
DA:216,0
DA:219,0
DA:220,0
DA:223,0
DA:224,0
DA:227,0
DA:228,0
DA:231,0
DA:239,0
DA:248,0
DA:249,0
DA:250,0
DA:253,0
DA:255,0
DA:258,0
DA:261,0
DA:264,0
DA:265,0
DA:266,0
DA:268,0
DA:273,0
DA:282,0
DA:283,0
DA:292,0
DA:293,0
DA:297,1
LF:64
LH:13
BRDA:9,0,0,0
BRDA:10,1,0,1
BRDA:10,1,1,1
BRDA:11,2,0,1
BRDA:11,2,1,1
BRDA:13,3,0,1
BRDA:13,3,1,1
BRDA:15,4,0,1
BRDA:15,4,1,0
BRDA:15,4,2,0
BRDA:19,5,0,1
BRDA:19,5,1,1
BRDA:20,6,0,1
BRDA:20,6,1,1
BRDA:21,7,0,1
BRDA:21,7,1,1
BRDA:38,8,0,1
BRDA:38,8,1,0
BRDA:57,9,0,0
BRDA:57,10,0,0
BRDA:60,11,0,0
BRDA:60,11,1,0
BRDA:61,12,0,0
BRDA:61,12,1,0
BRDA:64,13,0,0
BRDA:64,13,1,0
BRDA:92,14,0,0
BRDA:92,14,1,0
BRDA:97,15,0,0
BRDA:97,15,1,0
BRDA:117,16,0,0
BRDA:118,17,0,0
BRDA:122,18,0,0
BRDA:122,18,1,0
BRDA:123,19,0,0
BRDA:123,19,1,0
BRDA:145,20,0,0
BRDA:145,20,1,0
BRDA:150,21,0,0
BRDA:150,21,1,0
BRDA:162,22,0,0
BRDA:162,23,0,0
BRDA:165,24,0,0
BRDA:165,24,1,0
BRDA:189,25,0,0
BRDA:189,25,1,0
BRDA:204,26,0,0
BRDA:207,27,0,0
BRDA:207,27,1,0
BRDA:211,28,0,0
BRDA:211,28,1,0
BRDA:215,29,0,0
BRDA:215,29,1,0
BRDA:219,30,0,0
BRDA:219,30,1,0
BRDA:223,31,0,0
BRDA:223,31,1,0
BRDA:227,32,0,0
BRDA:227,32,1,0
BRDA:248,33,0,0
BRDA:248,33,1,0
BRDA:255,34,0,0
BRDA:255,34,1,0
BRDA:258,35,0,0
BRDA:258,35,1,0
BRDA:261,36,0,0
BRDA:261,36,1,0
BRDA:264,37,0,0
BRDA:264,37,1,0
BRDA:265,38,0,0
BRDA:265,38,1,0
BRDA:282,39,0,0
BRDA:282,39,1,0
BRF:73
BRH:14
end_of_record
TN:
SF:src/components/DataIntegrityValidator.js
FN:14,(anonymous_0)
FN:36,(anonymous_1)
FN:182,(anonymous_2)
FN:223,(anonymous_3)
FN:257,(anonymous_4)
FN:276,(anonymous_5)
FN:286,(anonymous_6)
FN:302,(anonymous_7)
FN:320,(anonymous_8)
FN:334,(anonymous_9)
FN:343,(anonymous_10)
FN:352,(anonymous_11)
FN:360,(anonymous_12)
FN:370,(anonymous_13)
FN:383,(anonymous_14)
FN:394,(anonymous_15)
FN:405,(anonymous_16)
FN:413,(anonymous_17)
FN:422,(anonymous_18)
FN:430,(anonymous_19)
FNF:20
FNH:5
FNDA:1,(anonymous_0)
FNDA:16,(anonymous_1)
FNDA:0,(anonymous_2)
FNDA:0,(anonymous_3)
FNDA:0,(anonymous_4)
FNDA:0,(anonymous_5)
FNDA:0,(anonymous_6)
FNDA:16,(anonymous_7)
FNDA:16,(anonymous_8)
FNDA:16,(anonymous_9)
FNDA:0,(anonymous_10)
FNDA:0,(anonymous_11)
FNDA:0,(anonymous_12)
FNDA:0,(anonymous_13)
FNDA:0,(anonymous_14)
FNDA:0,(anonymous_15)
FNDA:0,(anonymous_16)
FNDA:0,(anonymous_17)
FNDA:0,(anonymous_18)
FNDA:0,(anonymous_19)
DA:1,1
DA:2,1
DA:3,1
DA:4,1
DA:5,1
DA:6,1
DA:7,1
DA:16,1
DA:17,1
DA:18,1
DA:19,1
DA:20,1
DA:21,1
DA:22,1
DA:25,1
DA:26,1
DA:27,1
DA:37,16
DA:38,16
DA:40,16
DA:42,16
DA:56,16
DA:57,16
DA:59,16
DA:60,0
DA:61,0
DA:62,0
DA:63,0
DA:68,16
DA:69,0
DA:73,0
DA:75,0
DA:76,0
DA:77,0
DA:78,0
DA:79,0
DA:80,0
DA:85,0
DA:89,0
DA:91,0
DA:92,0
DA:93,0
DA:94,0
DA:95,0
DA:101,16
DA:102,16
DA:107,16
DA:109,0
DA:110,0
DA:111,0
DA:113,0
DA:121,16
DA:124,16
DA:125,0
DA:133,0
DA:135,0
DA:136,0
DA:141,16
DA:142,16
DA:149,16
DA:152,0
DA:165,0
DA:172,0
DA:183,0
DA:184,0
DA:189,0
DA:190,0
DA:201,0
DA:203,0
DA:204,0
DA:213,0
DA:224,0
DA:226,0
DA:230,0
DA:231,0
DA:236,0
DA:240,0
DA:243,0
DA:245,0
DA:246,0
DA:248,0
DA:258,0
DA:260,0
DA:261,0
DA:267,0
DA:277,0
DA:278,0
DA:287,0
DA:303,16
DA:304,16
DA:305,16
DA:306,16
DA:308,16
DA:309,0
DA:312,16
DA:321,16
DA:322,16
DA:324,0
DA:325,0
DA:327,0
DA:335,16
DA:344,0
DA:353,0
DA:361,0
DA:371,0
DA:384,0
DA:395,0
DA:406,0
DA:414,0
DA:423,0
DA:431,0
DA:435,1
LF:112
LH:43
BRDA:14,0,0,0
BRDA:20,1,0,1
BRDA:20,1,1,1
BRDA:21,2,0,1
BRDA:21,2,1,1
BRDA:22,3,0,1
BRDA:22,3,1,1
BRDA:26,4,0,1
BRDA:26,4,1,1
BRDA:27,5,0,1
BRDA:27,5,1,1
BRDA:36,6,0,0
BRDA:59,7,0,0
BRDA:59,7,1,16
BRDA:61,8,0,0
BRDA:61,8,1,0
BRDA:68,9,0,0
BRDA:68,9,1,16
BRDA:68,10,0,16
BRDA:68,10,1,0
BRDA:68,10,2,0
BRDA:75,11,0,0
BRDA:75,11,1,0
BRDA:78,12,0,0
BRDA:78,12,1,0
BRDA:91,13,0,0
BRDA:91,13,1,0
BRDA:93,14,0,0
BRDA:93,14,1,0
BRDA:105,15,0,16
BRDA:105,15,1,0
BRDA:124,16,0,0
BRDA:124,16,1,16
BRDA:135,17,0,0
BRDA:135,17,1,0
BRDA:141,18,0,16
BRDA:141,18,1,0
BRDA:182,19,0,0
BRDA:185,20,0,0
BRDA:185,20,1,0
BRDA:189,21,0,0
BRDA:189,21,1,0
BRDA:197,22,0,0
BRDA:197,22,1,0
BRDA:203,23,0,0
BRDA:203,23,1,0
BRDA:210,24,0,0
BRDA:210,24,1,0
BRDA:226,25,0,0
BRDA:226,25,1,0
BRDA:230,26,0,0
BRDA:230,26,1,0
BRDA:233,27,0,0
BRDA:233,27,1,0
BRDA:236,28,0,0
BRDA:236,28,1,0
BRDA:236,29,0,0
BRDA:236,29,1,0
BRDA:245,30,0,0
BRDA:245,30,1,0
BRDA:260,31,0,0
BRDA:260,31,1,0
BRDA:276,32,0,0
BRDA:277,33,0,0
BRDA:277,33,1,0
BRDA:308,34,0,0
BRDA:308,34,1,16
BRDA:321,35,0,16
BRDA:321,35,1,0
BRDA:324,36,0,0
BRDA:324,36,1,0
BRDA:324,37,0,0
BRDA:324,37,1,0
BRDA:370,38,0,0
BRDA:394,39,0,0
BRDA:394,40,0,0
BRDA:405,41,0,0
BRDA:405,42,0,0
BRF:78
BRH:18
end_of_record
TN:
SF:src/components/MarkdownConverter.js
FN:20,(anonymous_0)
FN:75,(anonymous_1)
FN:99,(anonymous_2)
FN:119,(anonymous_3)
FN:138,(anonymous_4)
FNF:5
FNH:0
FNDA:0,(anonymous_0)
FNDA:0,(anonymous_1)
FNDA:0,(anonymous_2)
FNDA:0,(anonymous_3)
FNDA:0,(anonymous_4)
DA:1,0
DA:4,0
DA:21,0
DA:22,0
DA:24,0
DA:25,0
DA:29,0
DA:30,0
DA:32,0
DA:33,0
DA:34,0
DA:37,0
DA:38,0
DA:39,0
DA:43,0
DA:44,0
DA:45,0
DA:46,0
DA:50,0
DA:51,0
DA:52,0
DA:56,0
DA:59,0
DA:60,0
DA:61,0
DA:63,0
DA:65,0
DA:77,0
DA:78,0
DA:82,0
DA:88,0
DA:91,0
DA:101,0
DA:102,0
DA:106,0
DA:107,0
DA:111,0
DA:121,0
DA:122,0
DA:126,0
DA:127,0
DA:130,0
DA:140,0
DA:141,0
DA:145,0
DA:146,0
DA:149,0
DA:153,0
LF:48
LH:0
BRDA:24,0,0,0
BRDA:24,0,1,0
BRDA:24,1,0,0
BRDA:24,1,1,0
BRDA:34,2,0,0
BRDA:34,2,1,0
BRDA:37,3,0,0
BRDA:37,3,1,0
BRDA:43,4,0,0
BRDA:43,4,1,0
BRDA:50,5,0,0
BRDA:50,5,1,0
BRDA:77,6,0,0
BRDA:77,6,1,0
BRDA:77,7,0,0
BRDA:77,7,1,0
BRDA:77,7,2,0
BRDA:82,8,0,0
BRDA:82,8,1,0
BRDA:83,9,0,0
BRDA:83,9,1,0
BRDA:83,9,2,0
BRDA:83,9,3,0
BRDA:101,10,0,0
BRDA:101,10,1,0
BRDA:101,11,0,0
BRDA:101,11,1,0
BRDA:106,12,0,0
BRDA:106,12,1,0
BRDA:121,13,0,0
BRDA:121,13,1,0
BRDA:126,14,0,0
BRDA:126,14,1,0
BRDA:140,15,0,0
BRDA:140,15,1,0
BRDA:145,16,0,0
BRDA:145,16,1,0
BRF:37
BRH:0
end_of_record
TN:
SF:src/components/PDFGenerator.js
FN:16,(anonymous_0)
FN:33,(anonymous_1)
FN:69,(anonymous_2)
FN:179,(anonymous_3)
FN:210,(anonymous_4)
FNF:5
FNH:1
FNDA:1,(anonymous_0)
FNDA:0,(anonymous_1)
FNDA:0,(anonymous_2)
FNDA:0,(anonymous_3)
FNDA:0,(anonymous_4)
DA:1,1
DA:2,1
DA:5,1
DA:17,1
DA:34,0
DA:35,0
DA:37,0
DA:38,0
DA:44,0
DA:67,0
DA:68,0
DA:69,0
DA:70,0
DA:74,0
DA:75,0
DA:76,0
DA:79,0
DA:82,0
DA:83,0
DA:84,0
DA:86,0
DA:87,0
DA:88,0
DA:90,0
DA:92,0
DA:93,0
DA:94,0
DA:98,0
DA:99,0
DA:100,0
DA:101,0
DA:104,0
DA:106,0
DA:107,0
DA:108,0
DA:110,0
DA:111,0
DA:112,0
DA:113,0
DA:114,0
DA:115,0
DA:117,0
DA:118,0
DA:119,0
DA:120,0
DA:121,0
DA:122,0
DA:124,0
DA:125,0
DA:126,0
DA:127,0
DA:128,0
DA:130,0
DA:134,0
DA:136,0
DA:140,0
DA:142,0
DA:145,0
DA:153,0
DA:154,0
DA:157,0
DA:166,0
DA:167,0
DA:168,0
DA:169,0
DA:170,0
DA:171,0
DA:176,0
DA:179,0
DA:180,0
DA:183,0
DA:184,0
DA:185,0
DA:187,0
DA:194,0
DA:196,0
DA:201,0
DA:211,0
DA:213,0
DA:214,0
DA:217,0
DA:218,0
DA:219,0
DA:223,0
DA:224,0
DA:225,0
DA:227,0
DA:235,0
DA:236,0
DA:241,1
LF:90
LH:5
BRDA:16,0,0,1
BRDA:18,1,0,1
BRDA:18,1,1,1
BRDA:19,2,0,1
BRDA:19,2,1,1
BRDA:20,3,0,1
BRDA:20,3,1,1
BRDA:21,4,0,1
BRDA:21,4,1,1
BRDA:33,5,0,0
BRDA:48,6,0,0
BRDA:48,6,1,0
BRDA:49,7,0,0
BRDA:49,7,1,0
BRDA:50,8,0,0
BRDA:50,8,1,0
BRDA:55,9,0,0
BRDA:55,9,1,0
BRDA:60,10,0,0
BRDA:60,10,1,0
BRDA:75,11,0,0
BRDA:75,11,1,0
BRDA:88,12,0,0
BRDA:88,12,1,0
BRDA:90,13,0,0
BRDA:90,13,1,0
BRDA:106,14,0,0
BRDA:106,14,1,0
BRDA:108,15,0,0
BRDA:108,15,1,0
BRDA:115,16,0,0
BRDA:115,16,1,0
BRDA:122,17,0,0
BRDA:122,17,1,0
BRDA:128,18,0,0
BRDA:128,18,1,0
BRDA:128,19,0,0
BRDA:128,19,1,0
BRDA:134,20,0,0
BRDA:134,20,1,0
BRDA:140,21,0,0
BRDA:140,21,1,0
BRDA:153,22,0,0
BRDA:153,22,1,0
BRDA:213,23,0,0
BRDA:213,23,1,0
BRDA:213,24,0,0
BRDA:213,24,1,0
BRDA:218,25,0,0
BRDA:218,25,1,0
BRDA:232,26,0,0
BRDA:232,26,1,0
BRDA:232,27,0,0
BRDA:232,27,1,0
BRF:54
BRH:9
end_of_record
TN:
SF:src/components/TrustTokenGenerator.js
FN:8,(anonymous_0)
FN:25,(anonymous_1)
FN:65,(anonymous_2)
FNF:3
FNH:3
FNDA:22,(anonymous_0)
FNDA:23,(anonymous_1)
FNDA:13,(anonymous_2)
DA:1,2
DA:9,22
DA:10,22
DA:11,0
DA:13,22
DA:14,22
DA:26,23
DA:27,23
DA:29,23
DA:30,23
DA:31,23
DA:32,23
DA:35,23
DA:44,23
DA:49,23
DA:66,13
DA:68,13
DA:77,13
DA:78,74
DA:79,1
DA:84,10
DA:85,10
DA:86,2
DA:90,8
DA:100,8
DA:105,8
DA:106,4
DA:109,4
DA:111,2
DA:116,2
LF:30
LH:29
BRDA:8,0,0,22
BRDA:9,1,0,22
BRDA:9,1,1,22
BRDA:10,2,0,0
BRDA:10,2,1,22
BRDA:13,3,0,22
BRDA:13,3,1,22
BRDA:14,4,0,22
BRDA:14,4,1,22
BRDA:25,5,0,0
BRDA:26,6,0,23
BRDA:26,6,1,1
BRDA:27,7,0,23
BRDA:27,7,1,0
BRDA:78,8,0,1
BRDA:78,8,1,71
BRDA:85,9,0,2
BRDA:85,9,1,8
BRDA:105,10,0,4
BRDA:105,10,1,4
BRF:20
BRH:17
end_of_record
TN:
SF:src/components/proxy-sanitizer.js
FN:16,(anonymous_0)
FN:27,(anonymous_1)
FN:41,(anonymous_2)
FN:59,(anonymous_3)
FNF:4
FNH:4
FNDA:1,(anonymous_0)
FNDA:8,(anonymous_1)
FNDA:1,(anonymous_2)
FNDA:1,(anonymous_3)
DA:1,1
DA:2,1
DA:5,1
DA:17,1
DA:28,8
DA:29,8
DA:30,8
DA:31,8
DA:42,1
DA:44,1
DA:45,1
DA:47,1
DA:49,1
DA:50,1
DA:51,1
DA:61,1
DA:65,1
LF:17
LH:17
BRDA:27,0,0,0
BRDA:41,1,0,0
BRF:2
BRH:0
end_of_record
TN:
SF:src/components/sanitization-pipeline.js
FN:21,(anonymous_0)
FN:48,(anonymous_1)
FNF:2
FNH:2
FNDA:1,(anonymous_0)
FNDA:8,(anonymous_1)
DA:1,1
DA:2,1
DA:3,1
DA:4,1
DA:5,1
DA:6,1
DA:7,1
DA:10,1
DA:22,1
DA:30,1
DA:31,1
DA:34,1
DA:35,1
DA:54,8
DA:57,8
DA:59,0
DA:65,0
DA:66,0
DA:71,0
DA:72,0
DA:79,0
DA:83,8
DA:85,8
DA:88,8
DA:89,8
DA:94,8
DA:95,0
DA:105,8
DA:108,8
DA:109,32
DA:110,32
DA:114,8
DA:115,8
DA:120,8
DA:121,0
DA:129,8
DA:130,5
DA:131,1
DA:133,5
DA:134,5
DA:141,3
DA:145,1
LF:42
LH:34
BRDA:21,0,0,1
BRDA:30,1,0,1
BRDA:30,1,1,1
BRDA:35,2,0,1
BRDA:35,2,1,1
BRDA:48,3,0,0
BRDA:50,4,0,0
BRDA:51,5,0,8
BRDA:52,6,0,8
BRDA:53,7,0,3
BRDA:57,8,0,0
BRDA:57,8,1,8
BRDA:65,9,0,0
BRDA:65,9,1,0
BRDA:65,10,0,0
BRDA:65,10,1,0
BRDA:71,11,0,0
BRDA:71,11,1,0
BRDA:88,12,0,8
BRDA:88,12,1,0
BRDA:88,13,0,8
BRDA:88,13,1,8
BRDA:94,14,0,0
BRDA:94,14,1,8
BRDA:114,15,0,8
BRDA:114,15,1,0
BRDA:114,16,0,8
BRDA:114,16,1,8
BRDA:120,17,0,0
BRDA:120,17,1,8
BRDA:129,18,0,5
BRDA:129,18,1,3
BRDA:130,19,0,1
BRDA:130,19,1,4
BRF:34
BRH:21
end_of_record
TN:
SF:src/components/SanitizationPipeline/escape-neutralization.js
FN:11,(anonymous_0)
FNF:1
FNH:1
FNDA:8,(anonymous_0)
DA:13,8
DA:14,8
DA:18,1
LF:3
LH:3
BRF:0
BRH:0
end_of_record
TN:
SF:src/components/SanitizationPipeline/pattern-redaction.js
FN:11,(anonymous_0)
FNF:1
FNH:1
FNDA:8,(anonymous_0)
DA:14,8
DA:18,1
LF:2
LH:2
BRF:0
BRH:0
end_of_record
TN:
SF:src/components/SanitizationPipeline/symbol-stripping.js
FN:11,(anonymous_0)
FNF:1
FNH:1
FNDA:8,(anonymous_0)
DA:13,8
DA:16,8
DA:18,8
DA:19,8
DA:23,1
LF:5
LH:5
BRF:0
BRH:0
end_of_record
TN:
SF:src/components/SanitizationPipeline/unicode-normalization.js
FN:11,(anonymous_0)
FNF:1
FNH:1
FNDA:8,(anonymous_0)
DA:12,8
DA:16,1
LF:2
LH:2
BRF:0
BRH:0
end_of_record
TN:
SF:src/components/data-integrity/AtomicOperations.js
FN:6,(anonymous_0)
FN:18,(anonymous_1)
FN:29,(anonymous_2)
FN:30,(anonymous_3)
FN:69,(anonymous_4)
FN:90,(anonymous_5)
FN:112,(anonymous_6)
FN:142,(anonymous_7)
FN:145,(anonymous_8)
FN:194,(anonymous_9)
FN:211,(anonymous_10)
FN:222,(anonymous_11)
FN:225,(anonymous_12)
FN:264,(anonymous_13)
FN:274,(anonymous_14)
FN:285,(anonymous_15)
FN:294,(anonymous_16)
FN:303,(anonymous_17)
FN:311,(anonymous_18)
FNF:19
FNH:1
FNDA:1,(anonymous_0)
FNDA:0,(anonymous_1)
FNDA:0,(anonymous_2)
FNDA:0,(anonymous_3)
FNDA:0,(anonymous_4)
FNDA:0,(anonymous_5)
FNDA:0,(anonymous_6)
FNDA:0,(anonymous_7)
FNDA:0,(anonymous_8)
FNDA:0,(anonymous_9)
FNDA:0,(anonymous_10)
FNDA:0,(anonymous_11)
FNDA:0,(anonymous_12)
FNDA:0,(anonymous_13)
FNDA:0,(anonymous_14)
FNDA:0,(anonymous_15)
FNDA:0,(anonymous_16)
FNDA:0,(anonymous_17)
FNDA:0,(anonymous_18)
DA:7,1
DA:8,1
DA:9,1
DA:19,0
DA:20,0
DA:22,0
DA:24,0
DA:27,0
DA:29,0
DA:30,0
DA:34,0
DA:35,0
DA:36,0
DA:45,0
DA:50,0
DA:54,0
DA:55,0
DA:72,0
DA:78,0
DA:79,0
DA:91,0
DA:92,0
DA:93,0
DA:96,0
DA:97,0
DA:101,0
DA:103,0
DA:104,0
DA:113,0
DA:114,0
DA:115,0
DA:118,0
DA:119,0
DA:120,0
DA:123,0
DA:124,0
DA:125,0
DA:129,0
DA:131,0
DA:132,0
DA:133,0
DA:143,0
DA:145,0
DA:146,0
DA:147,0
DA:154,0
DA:155,0
DA:158,0
DA:159,0
DA:160,0
DA:161,0
DA:162,0
DA:168,0
DA:169,0
DA:170,0
DA:173,0
DA:174,0
DA:175,0
DA:179,0
DA:180,0
DA:182,0
DA:183,0
DA:197,0
DA:200,0
DA:201,0
DA:203,0
DA:213,0
DA:223,0
DA:225,0
DA:226,0
DA:228,0
DA:231,0
DA:232,0
DA:233,0
DA:234,0
DA:238,0
DA:239,0
DA:240,0
DA:241,0
DA:245,0
DA:247,0
DA:248,0
DA:253,0
DA:254,0
DA:266,0
DA:276,0
DA:277,0
DA:287,0
DA:295,0
DA:304,0
DA:312,0
DA:316,1
LF:92
LH:4
BRDA:6,0,0,0
BRDA:7,1,0,1
BRDA:7,1,1,1
BRDA:8,2,0,1
BRDA:8,2,1,1
BRDA:9,3,0,1
BRDA:9,3,1,1
BRDA:18,4,0,0
BRDA:34,5,0,0
BRDA:34,5,1,0
BRDA:69,6,0,0
BRDA:78,7,0,0
BRDA:78,7,1,0
BRDA:92,8,0,0
BRDA:92,8,1,0
BRDA:96,9,0,0
BRDA:96,9,1,0
BRDA:112,10,0,0
BRDA:114,11,0,0
BRDA:114,11,1,0
BRDA:118,12,0,0
BRDA:118,12,1,0
BRDA:123,13,0,0
BRDA:123,13,1,0
BRDA:142,14,0,0
BRDA:143,15,0,0
BRDA:143,16,0,0
BRDA:158,17,0,0
BRDA:158,17,1,0
BRDA:160,18,0,0
BRDA:160,18,1,0
BRDA:173,19,0,0
BRDA:173,19,1,0
BRDA:213,20,0,0
BRDA:213,20,1,0
BRDA:213,20,2,0
BRDA:213,20,3,0
BRDA:232,21,0,0
BRDA:232,21,1,0
BRDA:239,22,0,0
BRDA:239,22,1,0
BRDA:304,23,0,0
BRDA:304,23,1,0
BRDA:312,24,0,0
BRDA:312,24,1,0
BRF:45
BRH:6
end_of_record
TN:
SF:src/components/data-integrity/AuditLogger.js
FN:8,(anonymous_0)
FN:47,(anonymous_1)
FN:77,(anonymous_2)
FN:97,(anonymous_3)
FN:117,(anonymous_4)
FN:137,(anonymous_5)
FN:158,(anonymous_6)
FN:177,(anonymous_7)
FN:181,(anonymous_8)
FN:185,(anonymous_9)
FN:189,(anonymous_10)
FN:194,(anonymous_11)
FN:207,(anonymous_12)
FN:236,(anonymous_13)
FN:265,(anonymous_14)
FN:273,(anonymous_15)
FNF:16
FNH:4
FNDA:1,(anonymous_0)
FNDA:16,(anonymous_1)
FNDA:16,(anonymous_2)
FNDA:0,(anonymous_3)
FNDA:0,(anonymous_4)
FNDA:0,(anonymous_5)
FNDA:0,(anonymous_6)
FNDA:0,(anonymous_7)
FNDA:0,(anonymous_8)
FNDA:0,(anonymous_9)
FNDA:0,(anonymous_10)
FNDA:0,(anonymous_11)
FNDA:0,(anonymous_12)
FNDA:0,(anonymous_13)
FNDA:16,(anonymous_14)
FNDA:0,(anonymous_15)
DA:1,1
DA:9,1
DA:10,1
DA:11,1
DA:14,1
DA:27,1
DA:28,1
DA:36,1
DA:37,1
DA:48,16
DA:61,16
DA:62,16
DA:63,0
DA:67,16
DA:69,16
DA:78,16
DA:85,16
DA:98,0
DA:105,0
DA:118,0
DA:125,0
DA:138,0
DA:146,0
DA:159,0
DA:166,0
DA:178,0
DA:180,0
DA:181,0
DA:184,0
DA:185,0
DA:188,0
DA:189,0
DA:192,0
DA:193,0
DA:194,0
DA:198,0
DA:208,0
DA:209,0
DA:210,0
DA:219,0
DA:225,0
DA:227,0
DA:228,0
DA:237,0
DA:244,0
DA:245,0
DA:246,0
DA:249,0
DA:251,0
DA:254,0
DA:255,0
DA:258,0
DA:266,16
DA:274,0
DA:275,0
DA:279,1
LF:56
LH:18
BRDA:8,0,0,0
BRDA:9,1,0,1
BRDA:9,1,1,1
BRDA:10,2,0,1
BRDA:10,2,1,1
BRDA:27,3,0,1
BRDA:27,3,1,0
BRDA:37,4,0,1
BRDA:37,4,1,1
BRDA:47,5,0,0
BRDA:47,6,0,16
BRDA:50,7,0,16
BRDA:50,7,1,16
BRDA:62,8,0,0
BRDA:62,8,1,16
BRDA:77,9,0,0
BRDA:80,10,0,16
BRDA:80,10,1,16
BRDA:81,11,0,16
BRDA:81,11,1,0
BRDA:82,12,0,16
BRDA:82,12,1,16
BRDA:87,13,0,16
BRDA:87,13,1,0
BRDA:97,14,0,0
BRDA:100,15,0,0
BRDA:100,15,1,0
BRDA:107,16,0,0
BRDA:107,16,1,0
BRDA:117,17,0,0
BRDA:137,18,0,0
BRDA:158,19,0,0
BRDA:163,20,0,0
BRDA:163,20,1,0
BRDA:168,21,0,0
BRDA:168,21,1,0
BRDA:177,22,0,0
BRDA:180,23,0,0
BRDA:180,23,1,0
BRDA:184,24,0,0
BRDA:184,24,1,0
BRDA:188,25,0,0
BRDA:188,25,1,0
BRDA:192,26,0,0
BRDA:192,26,1,0
BRDA:207,27,0,0
BRDA:244,28,0,0
BRDA:244,28,1,0
BRDA:251,29,0,0
BRDA:251,29,1,0
BRDA:254,30,0,0
BRDA:254,30,1,0
BRDA:255,31,0,0
BRDA:255,31,1,0
BRF:54
BRH:17
end_of_record
TN:
SF:src/components/data-integrity/CryptographicHasher.js
FN:11,(anonymous_0)
FN:19,(anonymous_1)
FN:36,(anonymous_2)
FN:54,(anonymous_3)
FN:97,(anonymous_4)
FN:126,(anonymous_5)
FN:180,(anonymous_6)
FN:188,(anonymous_7)
FNF:8
FNH:4
FNDA:1,(anonymous_0)
FNDA:96,(anonymous_1)
FNDA:0,(anonymous_2)
FNDA:32,(anonymous_3)
FNDA:16,(anonymous_4)
FNDA:0,(anonymous_5)
FNDA:0,(anonymous_6)
FNDA:0,(anonymous_7)
DA:1,1
DA:8,1
DA:9,1
DA:20,96
DA:21,96
DA:22,96
DA:23,96
DA:25,0
DA:37,0
DA:38,0
DA:39,0
DA:45,0
DA:55,32
DA:57,32
DA:58,32
DA:61,32
DA:62,32
DA:63,0
DA:68,0
DA:72,32
DA:76,32
DA:78,32
DA:86,0
DA:98,16
DA:99,16
DA:101,16
DA:127,0
DA:132,0
DA:137,0
DA:138,0
DA:139,0
DA:140,0
DA:141,0
DA:143,0
DA:147,0
DA:148,0
DA:150,0
DA:153,0
DA:156,0
DA:158,0
DA:167,0
DA:181,0
DA:189,0
DA:190,0
DA:192,0
DA:196,1
LF:46
LH:19
BRDA:19,0,0,96
BRDA:36,1,0,0
BRDA:57,2,0,32
BRDA:57,2,1,0
BRDA:62,3,0,0
BRDA:62,3,1,32
BRDA:62,4,0,32
BRDA:62,4,1,32
BRDA:62,4,2,32
BRDA:74,5,0,0
BRDA:74,5,1,32
BRDA:97,6,0,0
BRDA:111,7,0,16
BRDA:111,7,1,0
BRDA:113,8,0,16
BRDA:113,8,1,0
BRDA:132,9,0,0
BRDA:132,9,1,0
BRDA:138,10,0,0
BRDA:138,10,1,0
BRDA:140,11,0,0
BRDA:140,11,1,0
BRDA:148,12,0,0
BRDA:148,12,1,0
BRDA:156,13,0,0
BRDA:156,13,1,0
BRDA:163,14,0,0
BRDA:163,14,1,0
BRDA:180,15,0,0
BRDA:189,16,0,0
BRDA:189,16,1,0
BRF:31
BRH:9
end_of_record
TN:
SF:src/components/data-integrity/ErrorRouter.js
FN:6,(anonymous_0)
FN:51,(anonymous_1)
FN:91,(anonymous_2)
FN:132,(anonymous_3)
FN:162,(anonymous_4)
FN:172,(anonymous_5)
FN:179,(anonymous_6)
FN:191,(anonymous_7)
FN:193,(anonymous_8)
FN:209,(anonymous_9)
FN:211,(anonymous_10)
FN:243,(anonymous_11)
FN:255,(anonymous_12)
FN:256,(anonymous_13)
FN:257,(anonymous_14)
FN:276,(anonymous_15)
FN:284,(anonymous_16)
FN:293,(anonymous_17)
FNF:18
FNH:1
FNDA:1,(anonymous_0)
FNDA:0,(anonymous_1)
FNDA:0,(anonymous_2)
FNDA:0,(anonymous_3)
FNDA:0,(anonymous_4)
FNDA:0,(anonymous_5)
FNDA:0,(anonymous_6)
FNDA:0,(anonymous_7)
FNDA:0,(anonymous_8)
FNDA:0,(anonymous_9)
FNDA:0,(anonymous_10)
FNDA:0,(anonymous_11)
FNDA:0,(anonymous_12)
FNDA:0,(anonymous_13)
FNDA:0,(anonymous_14)
FNDA:0,(anonymous_15)
FNDA:0,(anonymous_16)
FNDA:0,(anonymous_17)
DA:8,1
DA:42,1
DA:43,1
DA:52,0
DA:53,0
DA:54,0
DA:56,0
DA:57,0
DA:64,0
DA:67,0
DA:69,0
DA:78,0
DA:92,0
DA:95,0
DA:96,0
DA:100,0
DA:101,0
DA:103,0
DA:106,0
DA:108,0
DA:111,0
DA:113,0
DA:116,0
DA:118,0
DA:123,0
DA:133,0
DA:134,0
DA:146,0
DA:147,0
DA:151,0
DA:153,0
DA:163,0
DA:165,0
DA:166,0
DA:169,0
DA:173,0
DA:177,0
DA:178,0
DA:179,0
DA:182,0
DA:192,0
DA:193,0
DA:194,0
DA:195,0
DA:196,0
DA:197,0
DA:198,0
DA:201,0
DA:210,0
DA:211,0
DA:212,0
DA:213,0
DA:214,0
DA:221,0
DA:222,0
DA:223,0
DA:225,0
DA:233,0
DA:244,0
DA:252,0
DA:253,0
DA:255,0
DA:256,0
DA:257,0
DA:260,0
DA:261,0
DA:262,0
DA:265,0
DA:266,0
DA:269,0
DA:277,0
DA:285,0
DA:294,0
DA:298,1
LF:74
LH:4
BRDA:56,0,0,0
BRDA:56,0,1,0
BRDA:95,1,0,0
BRDA:95,1,1,0
BRDA:100,2,0,0
BRDA:100,2,1,0
BRDA:101,3,0,0
BRDA:101,3,1,0
BRDA:101,4,0,0
BRDA:101,4,1,0
BRDA:106,5,0,0
BRDA:106,5,1,0
BRDA:106,6,0,0
BRDA:106,6,1,0
BRDA:111,7,0,0
BRDA:111,7,1,0
BRDA:111,8,0,0
BRDA:111,8,1,0
BRDA:116,9,0,0
BRDA:116,9,1,0
BRDA:116,10,0,0
BRDA:116,10,1,0
BRDA:146,11,0,0
BRDA:146,11,1,0
BRDA:162,12,0,0
BRDA:163,13,0,0
BRDA:163,14,0,0
BRDA:165,15,0,0
BRDA:165,15,1,0
BRDA:173,16,0,0
BRDA:173,16,1,0
BRDA:173,16,2,0
BRDA:191,17,0,0
BRDA:194,18,0,0
BRDA:194,18,1,0
BRDA:212,19,0,0
BRDA:212,19,1,0
BRDA:213,20,0,0
BRDA:213,20,1,0
BRDA:285,21,0,0
BRDA:285,21,1,0
BRF:41
BRH:0
end_of_record
TN:
SF:src/components/data-integrity/ReadOnlyAccessControl.js
FN:6,(anonymous_0)
FN:20,(anonymous_1)
FN:90,(anonymous_2)
FN:109,(anonymous_3)
FN:125,(anonymous_4)
FN:131,(anonymous_5)
FN:139,(anonymous_6)
FN:157,(anonymous_7)
FN:173,(anonymous_8)
FN:185,(anonymous_9)
FN:202,(anonymous_10)
FN:221,(anonymous_11)
FN:250,(anonymous_12)
FN:254,(anonymous_13)
FN:258,(anonymous_14)
FN:262,(anonymous_15)
FN:266,(anonymous_16)
FN:270,(anonymous_17)
FN:280,(anonymous_18)
FN:316,(anonymous_19)
FN:324,(anonymous_20)
FN:332,(anonymous_21)
FN:343,(anonymous_22)
FNF:23
FNH:1
FNDA:1,(anonymous_0)
FNDA:0,(anonymous_1)
FNDA:0,(anonymous_2)
FNDA:0,(anonymous_3)
FNDA:0,(anonymous_4)
FNDA:0,(anonymous_5)
FNDA:0,(anonymous_6)
FNDA:0,(anonymous_7)
FNDA:0,(anonymous_8)
FNDA:0,(anonymous_9)
FNDA:0,(anonymous_10)
FNDA:0,(anonymous_11)
FNDA:0,(anonymous_12)
FNDA:0,(anonymous_13)
FNDA:0,(anonymous_14)
FNDA:0,(anonymous_15)
FNDA:0,(anonymous_16)
FNDA:0,(anonymous_17)
FNDA:0,(anonymous_18)
FNDA:0,(anonymous_19)
FNDA:0,(anonymous_20)
FNDA:0,(anonymous_21)
FNDA:0,(anonymous_22)
DA:7,1
DA:8,1
DA:9,1
DA:10,1
DA:21,0
DA:23,0
DA:24,0
DA:32,0
DA:33,0
DA:41,0
DA:42,0
DA:50,0
DA:51,0
DA:59,0
DA:60,0
DA:63,0
DA:71,0
DA:72,0
DA:75,0
DA:92,0
DA:93,0
DA:96,0
DA:110,0
DA:126,0
DA:127,0
DA:130,0
DA:131,0
DA:141,0
DA:148,0
DA:160,0
DA:175,0
DA:176,0
DA:177,0
DA:179,0
DA:180,0
DA:184,0
DA:185,0
DA:189,0
DA:190,0
DA:191,0
DA:194,0
DA:203,0
DA:204,0
DA:207,0
DA:208,0
DA:209,0
DA:211,0
DA:222,0
DA:234,0
DA:237,0
DA:238,0
DA:242,0
DA:251,0
DA:253,0
DA:254,0
DA:257,0
DA:258,0
DA:261,0
DA:262,0
DA:265,0
DA:266,0
DA:269,0
DA:270,0
DA:273,0
DA:281,0
DA:291,0
DA:293,0
DA:294,0
DA:295,0
DA:297,0
DA:300,0
DA:302,0
DA:304,0
DA:305,0
DA:309,0
DA:317,0
DA:325,0
DA:334,0
DA:335,0
DA:345,0
DA:347,0
DA:348,0
DA:353,1
LF:83
LH:5
BRDA:6,0,0,0
BRDA:8,1,0,1
BRDA:8,1,1,1
BRDA:9,2,0,1
BRDA:9,2,1,1
BRDA:20,3,0,0
BRDA:20,4,0,0
BRDA:23,5,0,0
BRDA:23,5,1,0
BRDA:32,6,0,0
BRDA:32,6,1,0
BRDA:41,7,0,0
BRDA:41,7,1,0
BRDA:50,8,0,0
BRDA:50,8,1,0
BRDA:59,9,0,0
BRDA:59,9,1,0
BRDA:71,10,0,0
BRDA:71,10,1,0
BRDA:90,11,0,0
BRDA:90,12,0,0
BRDA:92,13,0,0
BRDA:92,13,1,0
BRDA:111,14,0,0
BRDA:111,14,1,0
BRDA:111,14,2,0
BRDA:111,14,3,0
BRDA:111,14,4,0
BRDA:126,15,0,0
BRDA:126,15,1,0
BRDA:126,16,0,0
BRDA:126,16,1,0
BRDA:148,17,0,0
BRDA:148,17,1,0
BRDA:161,18,0,0
BRDA:161,18,1,0
BRDA:161,18,2,0
BRDA:179,19,0,0
BRDA:179,19,1,0
BRDA:189,20,0,0
BRDA:189,20,1,0
BRDA:203,21,0,0
BRDA:203,21,1,0
BRDA:203,22,0,0
BRDA:203,22,1,0
BRDA:221,23,0,0
BRDA:237,24,0,0
BRDA:237,24,1,0
BRDA:250,25,0,0
BRDA:253,26,0,0
BRDA:253,26,1,0
BRDA:257,27,0,0
BRDA:257,27,1,0
BRDA:261,28,0,0
BRDA:261,28,1,0
BRDA:265,29,0,0
BRDA:265,29,1,0
BRDA:269,30,0,0
BRDA:269,30,1,0
BRDA:294,31,0,0
BRDA:294,31,1,0
BRDA:301,32,0,0
BRDA:301,32,1,0
BRDA:302,33,0,0
BRDA:302,33,1,0
BRDA:304,34,0,0
BRDA:304,34,1,0
BRDA:343,35,0,0
BRDA:347,36,0,0
BRDA:347,36,1,0
BRF:70
BRH:4
end_of_record
TN:
SF:src/components/data-integrity/ReferentialChecker.js
FN:6,(anonymous_0)
FN:33,(anonymous_1)
FN:56,(anonymous_2)
FN:57,(anonymous_3)
FN:69,(anonymous_4)
FN:113,(anonymous_5)
FN:137,(anonymous_6)
FN:174,(anonymous_7)
FN:182,(anonymous_8)
FNF:9
FNH:1
FNDA:1,(anonymous_0)
FNDA:0,(anonymous_1)
FNDA:0,(anonymous_2)
FNDA:0,(anonymous_3)
FNDA:0,(anonymous_4)
FNDA:0,(anonymous_5)
FNDA:0,(anonymous_6)
FNDA:0,(anonymous_7)
FNDA:0,(anonymous_8)
DA:8,1
DA:24,1
DA:34,0
DA:35,0
DA:36,0
DA:38,0
DA:39,0
DA:40,0
DA:42,0
DA:43,0
DA:45,0
DA:46,0
DA:47,0
DA:51,0
DA:56,0
DA:57,0
DA:70,0
DA:72,0
DA:73,0
DA:81,0
DA:83,0
DA:84,0
DA:91,0
DA:97,0
DA:117,0
DA:119,0
DA:122,0
DA:124,0
DA:128,0
DA:138,0
DA:139,0
DA:140,0
DA:142,0
DA:143,0
DA:144,0
DA:146,0
DA:152,0
DA:153,0
DA:157,0
DA:175,0
DA:183,0
DA:187,1
LF:42
LH:3
BRDA:33,0,0,0
BRDA:34,1,0,0
BRDA:34,1,1,0
BRDA:40,2,0,0
BRDA:40,2,1,0
BRDA:46,3,0,0
BRDA:46,3,1,0
BRDA:72,4,0,0
BRDA:72,4,1,0
BRDA:72,5,0,0
BRDA:72,5,1,0
BRDA:72,5,2,0
BRDA:83,6,0,0
BRDA:83,6,1,0
BRDA:117,7,0,0
BRDA:117,7,1,0
BRDA:117,8,0,0
BRDA:117,8,1,0
BRDA:119,9,0,0
BRDA:119,9,1,0
BRDA:122,10,0,0
BRDA:122,10,1,0
BRDA:122,11,0,0
BRDA:122,11,1,0
BRDA:124,12,0,0
BRDA:124,12,1,0
BRDA:137,13,0,0
BRDA:144,14,0,0
BRDA:144,14,1,0
BRDA:144,14,2,0
BRDA:152,15,0,0
BRDA:152,15,1,0
BRF:32
BRH:0
end_of_record
TN:
SF:src/components/data-integrity/SchemaValidator.js
FN:7,(anonymous_0)
FN:33,(anonymous_1)
FN:64,(anonymous_2)
FN:96,(anonymous_3)
FN:113,(anonymous_4)
FN:114,(anonymous_5)
FN:124,(anonymous_6)
FN:136,(anonymous_7)
FNF:8
FNH:2
FNDA:1,(anonymous_0)
FNDA:16,(anonymous_1)
FNDA:0,(anonymous_2)
FNDA:0,(anonymous_3)
FNDA:0,(anonymous_4)
FNDA:0,(anonymous_5)
FNDA:0,(anonymous_6)
FNDA:0,(anonymous_7)
DA:5,1
DA:9,1
DA:34,16
DA:37,16
DA:39,16
DA:40,0
DA:41,0
DA:42,0
DA:43,0
DA:49,0
DA:50,0
DA:52,0
DA:59,16
DA:61,16
DA:62,0
DA:64,0
DA:73,16
DA:82,0
DA:97,0
DA:98,0
DA:100,0
DA:101,0
DA:102,0
DA:103,0
DA:104,0
DA:108,0
DA:113,0
DA:114,0
DA:125,0
DA:126,0
DA:128,0
DA:137,0
DA:141,1
LF:33
LH:9
BRDA:37,0,0,16
BRDA:37,0,1,0
BRDA:40,1,0,0
BRDA:40,1,1,0
BRDA:42,2,0,0
BRDA:42,2,1,0
BRDA:49,3,0,0
BRDA:49,3,1,0
BRDA:61,4,0,0
BRDA:61,4,1,16
BRDA:66,5,0,0
BRDA:66,5,1,0
BRDA:77,6,0,0
BRDA:77,6,1,16
BRDA:103,7,0,0
BRDA:103,7,1,0
BRDA:125,8,0,0
BRDA:125,8,1,0
BRF:18
BRH:3
end_of_record
TN:
SF:src/controllers/AdminOverrideController.js
FN:16,(anonymous_0)
FN:53,(anonymous_1)
FN:76,(anonymous_2)
FN:215,(anonymous_3)
FN:304,(anonymous_4)
FN:318,(anonymous_5)
FN:349,(anonymous_6)
FN:366,(anonymous_7)
FN:386,(anonymous_8)
FNF:9
FNH:1
FNDA:1,(anonymous_0)
FNDA:0,(anonymous_1)
FNDA:0,(anonymous_2)
FNDA:0,(anonymous_3)
FNDA:0,(anonymous_4)
FNDA:0,(anonymous_5)
FNDA:0,(anonymous_6)
FNDA:0,(anonymous_7)
FNDA:0,(anonymous_8)
DA:1,1
DA:2,1
DA:17,1
DA:26,1
DA:27,1
DA:28,1
DA:31,1
DA:34,1
DA:42,1
DA:54,0
DA:56,0
DA:57,0
DA:61,0
DA:62,0
DA:66,0
DA:68,0
DA:77,0
DA:79,0
DA:80,0
DA:81,0
DA:87,0
DA:103,0
DA:109,0
DA:112,0
DA:113,0
DA:119,0
DA:126,0
DA:128,0
DA:129,0
DA:136,0
DA:139,0
DA:141,0
DA:148,0
DA:149,0
DA:150,0
DA:153,0
DA:162,0
DA:170,0
DA:188,0
DA:198,0
DA:203,0
DA:216,0
DA:218,0
DA:219,0
DA:220,0
DA:226,0
DA:227,0
DA:229,0
DA:230,0
DA:236,0
DA:237,0
DA:238,0
DA:245,0
DA:246,0
DA:254,0
DA:256,0
DA:263,0
DA:280,0
DA:287,0
DA:292,0
DA:305,0
DA:307,0
DA:308,0
DA:309,0
DA:316,0
DA:318,0
DA:327,0
DA:333,0
DA:337,0
DA:351,0
DA:353,0
DA:354,0
DA:355,0
DA:359,0
DA:368,0
DA:370,0
DA:371,0
DA:375,0
DA:376,0
DA:387,0
DA:388,0
DA:390,0
DA:391,0
DA:392,0
DA:394,0
DA:401,0
DA:415,0
DA:416,0
DA:421,1
LF:89
LH:10
BRDA:16,0,0,1
BRDA:18,1,0,1
BRDA:18,1,1,1
BRDA:26,2,0,1
BRDA:26,2,1,1
BRDA:27,3,0,1
BRDA:27,3,1,1
BRDA:28,4,0,1
BRDA:28,4,1,1
BRDA:36,5,0,1
BRDA:36,5,1,1
BRDA:36,5,2,1
BRDA:43,6,0,1
BRDA:43,6,1,1
BRDA:43,6,2,1
BRDA:56,7,0,0
BRDA:56,7,1,0
BRDA:61,8,0,0
BRDA:61,8,1,0
BRDA:66,9,0,0
BRDA:66,9,1,0
BRDA:80,10,0,0
BRDA:80,10,1,0
BRDA:98,11,0,0
BRDA:98,11,1,0
BRDA:112,12,0,0
BRDA:112,12,1,0
BRDA:128,13,0,0
BRDA:128,13,1,0
BRDA:128,14,0,0
BRDA:128,14,1,0
BRDA:136,15,0,0
BRDA:136,15,1,0
BRDA:139,16,0,0
BRDA:139,16,1,0
BRDA:219,17,0,0
BRDA:219,17,1,0
BRDA:229,18,0,0
BRDA:229,18,1,0
BRDA:237,19,0,0
BRDA:237,19,1,0
BRDA:245,20,0,0
BRDA:245,20,1,0
BRDA:308,21,0,0
BRDA:308,21,1,0
BRDA:349,22,0,0
BRDA:353,23,0,0
BRDA:353,23,1,0
BRDA:355,24,0,0
BRDA:355,24,1,0
BRDA:370,25,0,0
BRDA:370,25,1,0
BRDA:391,26,0,0
BRDA:391,26,1,0
BRF:54
BRH:15
end_of_record
TN:
SF:src/middleware/AccessValidationMiddleware.js
FN:40,accessValidationMiddleware
FNF:1
FNH:0
FNDA:0,accessValidationMiddleware
DA:15,0
DA:16,0
DA:17,0
DA:20,0
DA:27,0
DA:30,0
DA:41,0
DA:43,0
DA:45,0
DA:46,0
DA:53,0
DA:64,0
DA:72,0
DA:73,0
DA:75,0
DA:82,0
DA:93,0
DA:100,0
DA:101,0
DA:102,0
DA:103,0
DA:106,0
DA:108,0
DA:109,0
DA:116,0
DA:123,0
DA:130,0
DA:131,0
DA:133,0
DA:140,0
DA:147,0
DA:149,0
DA:156,0
DA:163,0
DA:170,0
LF:35
LH:0
BRDA:31,0,0,0
BRDA:31,0,1,0
BRDA:45,1,0,0
BRDA:45,1,1,0
BRDA:108,2,0,0
BRDA:108,2,1,0
BRF:6
BRH:0
end_of_record
TN:
SF:src/middleware/destination-tracking.js
FN:37,destinationTracking
FN:72,analyzeRequest
FN:93,(anonymous_2)
FN:101,(anonymous_3)
FNF:4
FNH:4
FNDA:20,destinationTracking
FNDA:20,analyzeRequest
FNDA:100,(anonymous_2)
FNDA:62,(anonymous_3)
DA:13,1
DA:16,1
DA:38,20
DA:39,20
DA:42,20
DA:45,20
DA:53,20
DA:55,0
DA:57,0
DA:63,0
DA:73,20
DA:74,20
DA:77,20
DA:78,20
DA:79,0
DA:80,0
DA:81,0
DA:82,0
DA:86,0
DA:87,0
DA:92,20
DA:93,100
DA:94,20
DA:95,0
DA:96,0
DA:100,20
DA:101,62
DA:102,20
DA:103,6
DA:104,6
DA:108,20
DA:109,20
DA:110,14
DA:111,14
DA:116,20
DA:118,20
DA:119,0
DA:120,20
DA:121,6
DA:123,14
DA:124,14
DA:128,20
DA:130,20
DA:138,1
LF:44
LH:32
BRDA:78,0,0,0
BRDA:78,0,1,20
BRDA:79,1,0,0
BRDA:79,1,1,0
BRDA:82,2,0,0
BRDA:82,2,1,0
BRDA:83,3,0,0
BRDA:83,3,1,0
BRDA:94,4,0,0
BRDA:94,4,1,20
BRDA:102,5,0,6
BRDA:102,5,1,14
BRDA:109,6,0,14
BRDA:109,6,1,6
BRDA:109,7,0,20
BRDA:109,7,1,19
BRDA:109,7,2,19
BRDA:118,8,0,0
BRDA:118,8,1,20
BRDA:120,9,0,6
BRDA:120,9,1,14
BRF:21
BRH:12
end_of_record
TN:
SF:src/middleware/response-validation.js
FN:54,(anonymous_0)
FN:59,(anonymous_1)
FN:64,(anonymous_2)
FN:79,(anonymous_3)
FNF:4
FNH:4
FNDA:20,(anonymous_0)
FNDA:20,(anonymous_1)
FNDA:68,(anonymous_2)
FNDA:32,(anonymous_3)
DA:7,1
DA:8,1
DA:11,1
DA:18,1
DA:54,1
DA:56,20
DA:59,20
DA:61,20
DA:64,20
DA:65,68
DA:66,68
DA:67,60
DA:70,20
DA:71,8
DA:72,8
DA:74,8
DA:76,6
DA:79,32
DA:89,2
DA:97,20
DA:100,20
DA:103,1
LF:22
LH:22
BRDA:65,0,0,0
BRDA:65,0,1,68
BRDA:65,1,0,68
BRDA:65,1,1,20
BRDA:66,2,0,8
BRDA:66,2,1,60
BRDA:70,3,0,8
BRDA:70,3,1,12
BRDA:70,4,0,20
BRDA:70,4,1,8
BRDA:74,5,0,6
BRDA:74,5,1,2
BRF:12
BRH:11
end_of_record
TN:
SF:src/models/AuditLog.js
FN:8,(anonymous_0)
FN:30,(anonymous_1)
FN:38,(anonymous_2)
FN:53,(anonymous_3)
FN:73,(anonymous_4)
FN:93,(anonymous_5)
FN:115,(anonymous_6)
FN:129,(anonymous_7)
FNF:8
FNH:6
FNDA:15,(anonymous_0)
FNDA:15,(anonymous_1)
FNDA:2,(anonymous_2)
FNDA:1,(anonymous_3)
FNDA:0,(anonymous_4)
FNDA:17,(anonymous_5)
FNDA:2,(anonymous_6)
FNDA:0,(anonymous_7)
DA:1,3
DA:9,15
DA:10,15
DA:11,15
DA:12,15
DA:13,15
DA:14,15
DA:15,15
DA:16,15
DA:17,15
DA:18,15
DA:21,15
DA:23,15
DA:31,15
DA:39,2
DA:46,2
DA:54,1
DA:61,1
DA:62,4
DA:63,0
DA:66,1
DA:74,0
DA:94,17
DA:107,17
DA:108,17
DA:116,2
DA:117,2
DA:130,0
DA:134,3
LF:29
LH:26
BRDA:8,0,0,0
BRDA:8,1,0,15
BRDA:9,2,0,15
BRDA:9,2,1,15
BRDA:10,3,0,15
BRDA:10,3,1,15
BRDA:12,4,0,15
BRDA:12,4,1,0
BRDA:14,5,0,15
BRDA:14,5,1,0
BRDA:18,6,0,15
BRDA:18,6,1,15
BRDA:22,7,0,15
BRDA:22,7,1,15
BRDA:22,7,2,15
BRDA:23,8,0,15
BRDA:23,8,1,15
BRDA:62,9,0,0
BRDA:62,9,1,4
BRDA:129,10,0,0
BRF:20
BRH:15
end_of_record
TN:
SF:src/models/ErrorQueue.js
FN:5,(anonymous_0)
FN:25,(anonymous_1)
FN:34,(anonymous_2)
FN:41,(anonymous_3)
FN:51,(anonymous_4)
FN:62,(anonymous_5)
FN:74,(anonymous_6)
FN:85,(anonymous_7)
FN:100,(anonymous_8)
FN:123,(anonymous_9)
FNF:10
FNH:0
FNDA:0,(anonymous_0)
FNDA:0,(anonymous_1)
FNDA:0,(anonymous_2)
FNDA:0,(anonymous_3)
FNDA:0,(anonymous_4)
FNDA:0,(anonymous_5)
FNDA:0,(anonymous_6)
FNDA:0,(anonymous_7)
FNDA:0,(anonymous_8)
FNDA:0,(anonymous_9)
DA:6,0
DA:7,0
DA:8,0
DA:9,0
DA:10,0
DA:11,0
DA:12,0
DA:13,0
DA:14,0
DA:15,0
DA:16,0
DA:17,0
DA:18,0
DA:26,0
DA:35,0
DA:42,0
DA:43,0
DA:44,0
DA:52,0
DA:53,0
DA:54,0
DA:55,0
DA:63,0
DA:64,0
DA:65,0
DA:66,0
DA:75,0
DA:76,0
DA:77,0
DA:78,0
DA:86,0
DA:93,0
DA:101,0
DA:124,0
DA:128,0
LF:35
LH:0
BRDA:5,0,0,0
BRDA:6,1,0,0
BRDA:6,1,1,0
BRDA:7,2,0,0
BRDA:7,2,1,0
BRDA:9,3,0,0
BRDA:9,3,1,0
BRDA:10,4,0,0
BRDA:10,4,1,0
BRDA:11,5,0,0
BRDA:11,5,1,0
BRDA:12,6,0,0
BRDA:12,6,1,0
BRDA:13,7,0,0
BRDA:13,7,1,0
BRDA:17,8,0,0
BRDA:17,8,1,0
BRDA:18,9,0,0
BRDA:18,9,1,0
BRDA:34,10,0,0
BRDA:35,11,0,0
BRDA:35,11,1,0
BRDA:51,12,0,0
BRDA:62,13,0,0
BRDA:74,14,0,0
BRDA:93,15,0,0
BRDA:93,15,1,0
BRF:27
BRH:0
end_of_record
TN:
SF:src/models/HashReference.js
FN:5,(anonymous_0)
FN:22,(anonymous_1)
FN:30,(anonymous_2)
FN:44,(anonymous_3)
FN:60,(anonymous_4)
FN:72,(anonymous_5)
FN:92,(anonymous_6)
FNF:7
FNH:0
FNDA:0,(anonymous_0)
FNDA:0,(anonymous_1)
FNDA:0,(anonymous_2)
FNDA:0,(anonymous_3)
FNDA:0,(anonymous_4)
FNDA:0,(anonymous_5)
FNDA:0,(anonymous_6)
DA:6,0
DA:7,0
DA:8,0
DA:9,0
DA:10,0
DA:11,0
DA:12,0
DA:13,0
DA:14,0
DA:15,0
DA:23,0
DA:31,0
DA:32,0
DA:37,0
DA:45,0
DA:61,0
DA:73,0
DA:93,0
DA:97,0
LF:19
LH:0
BRDA:5,0,0,0
BRDA:6,1,0,0
BRDA:6,1,1,0
BRDA:11,2,0,0
BRDA:11,2,1,0
BRDA:12,3,0,0
BRDA:12,3,1,0
BRDA:13,4,0,0
BRDA:13,4,1,0
BRDA:14,5,0,0
BRDA:14,5,1,0
BRDA:15,6,0,0
BRDA:15,6,1,0
BRDA:31,7,0,0
BRDA:31,7,1,0
BRDA:31,8,0,0
BRDA:31,8,1,0
BRDA:31,8,2,0
BRDA:62,9,0,0
BRDA:62,9,1,0
BRDA:62,9,2,0
BRF:21
BRH:0
end_of_record
TN:
SF:src/models/TrustToken.js
FN:9,(anonymous_0)
FN:21,(anonymous_1)
FN:58,(anonymous_2)
FN:85,(anonymous_3)
FN:108,(anonymous_4)
FN:116,(anonymous_5)
FN:140,(anonymous_6)
FN:163,(anonymous_7)
FN:183,(anonymous_8)
FNF:9
FNH:0
FNDA:0,(anonymous_0)
FNDA:0,(anonymous_1)
FNDA:0,(anonymous_2)
FNDA:0,(anonymous_3)
FNDA:0,(anonymous_4)
FNDA:0,(anonymous_5)
FNDA:0,(anonymous_6)
FNDA:0,(anonymous_7)
FNDA:0,(anonymous_8)
DA:1,0
DA:2,0
DA:3,0
DA:10,0
DA:11,0
DA:12,0
DA:13,0
DA:15,0
DA:22,0
DA:24,0
DA:25,0
DA:26,0
DA:27,0
DA:30,0
DA:31,0
DA:33,0
DA:38,0
DA:39,0
DA:43,0
DA:45,0
DA:46,0
DA:49,0
DA:59,0
DA:63,0
DA:66,0
DA:69,0
DA:70,0
DA:71,0
DA:75,0
DA:77,0
DA:86,0
DA:88,0
DA:89,0
DA:92,0
DA:93,0
DA:95,0
DA:96,0
DA:97,0
DA:100,0
DA:109,0
DA:117,0
DA:118,0
DA:119,0
DA:121,0
DA:122,0
DA:123,0
DA:125,0
DA:129,0
DA:141,0
DA:143,0
DA:144,0
DA:146,0
DA:147,0
DA:148,0
DA:149,0
DA:153,0
DA:154,0
DA:157,0
DA:164,0
DA:165,0
DA:167,0
DA:174,0
DA:177,0
DA:184,0
DA:185,0
DA:186,0
DA:193,0
LF:67
LH:0
BRDA:9,0,0,0
BRDA:10,1,0,0
BRDA:10,1,1,0
BRDA:12,2,0,0
BRDA:12,2,1,0
BRDA:14,3,0,0
BRDA:14,3,1,0
BRDA:22,4,0,0
BRDA:22,4,1,0
BRDA:38,5,0,0
BRDA:38,5,1,0
BRDA:45,6,0,0
BRDA:45,6,1,0
BRDA:63,7,0,0
BRDA:63,7,1,0
BRDA:69,8,0,0
BRDA:69,8,1,0
BRDA:89,9,0,0
BRDA:89,9,1,0
BRDA:93,10,0,0
BRDA:93,10,1,0
BRDA:122,11,0,0
BRDA:122,11,1,0
BRDA:147,12,0,0
BRDA:147,12,1,0
BRDA:153,13,0,0
BRDA:153,13,1,0
BRDA:170,14,0,0
BRDA:170,14,1,0
BRDA:172,15,0,0
BRDA:172,15,1,0
BRF:31
BRH:0
end_of_record
TN:
SF:src/models/ValidationResult.js
FN:5,(anonymous_0)
FN:21,(anonymous_1)
FN:29,(anonymous_2)
FN:37,(anonymous_3)
FN:45,(anonymous_4)
FN:53,(anonymous_5)
FN:61,(anonymous_6)
FN:80,(anonymous_7)
FNF:8
FNH:0
FNDA:0,(anonymous_0)
FNDA:0,(anonymous_1)
FNDA:0,(anonymous_2)
FNDA:0,(anonymous_3)
FNDA:0,(anonymous_4)
FNDA:0,(anonymous_5)
FNDA:0,(anonymous_6)
FNDA:0,(anonymous_7)
DA:6,0
DA:7,0
DA:8,0
DA:9,0
DA:10,0
DA:11,0
DA:12,0
DA:13,0
DA:14,0
DA:22,0
DA:30,0
DA:38,0
DA:46,0
DA:54,0
DA:62,0
DA:81,0
DA:85,0
LF:17
LH:0
BRDA:5,0,0,0
BRDA:6,1,0,0
BRDA:6,1,1,0
BRDA:7,2,0,0
BRDA:7,2,1,0
BRDA:9,3,0,0
BRDA:9,3,1,0
BRDA:10,4,0,0
BRDA:10,4,1,0
BRDA:11,5,0,0
BRDA:11,5,1,0
BRDA:13,6,0,0
BRDA:13,6,1,0
BRDA:14,7,0,0
BRDA:14,7,1,0
BRDA:46,8,0,0
BRDA:46,8,1,0
BRDA:54,9,0,0
BRDA:54,9,1,0
BRF:19
BRH:0
end_of_record
TN:
SF:src/routes/api.js
FN:46,(anonymous_0)
FN:111,(anonymous_1)
FN:136,(anonymous_2)
FN:364,(anonymous_3)
FN:388,(anonymous_4)
FN:390,(anonymous_5)
FN:404,(anonymous_6)
FN:486,(anonymous_7)
FN:551,(anonymous_8)
FN:586,(anonymous_9)
FN:601,(anonymous_10)
FN:609,(anonymous_11)
FN:617,(anonymous_12)
FNF:13
FNH:7
FNDA:5,(anonymous_0)
FNDA:2,(anonymous_1)
FNDA:10,(anonymous_2)
FNDA:2,(anonymous_3)
FNDA:6,(anonymous_4)
FNDA:6,(anonymous_5)
FNDA:3,(anonymous_6)
FNDA:0,(anonymous_7)
FNDA:0,(anonymous_8)
FNDA:0,(anonymous_9)
FNDA:0,(anonymous_10)
FNDA:0,(anonymous_11)
FNDA:0,(anonymous_12)
DA:1,1
DA:2,1
DA:3,1
DA:4,1
DA:5,1
DA:6,1
DA:7,1
DA:8,1
DA:9,1
DA:10,1
DA:11,1
DA:12,1
DA:13,1
DA:14,1
DA:15,1
DA:16,1
DA:17,1
DA:19,1
DA:22,1
DA:24,1
DA:25,1
DA:26,1
DA:27,1
DA:28,1
DA:33,1
DA:40,1
DA:41,1
DA:48,5
DA:49,3
DA:51,2
DA:57,1
DA:64,1
DA:71,1
DA:75,1
DA:81,1
DA:86,1
DA:96,1
DA:102,1
DA:111,1
DA:112,2
DA:113,2
DA:114,1
DA:117,1
DA:118,1
DA:119,1
DA:120,1
DA:122,0
DA:131,1
DA:137,10
DA:138,10
DA:139,10
DA:140,2
DA:143,8
DA:145,8
DA:147,8
DA:148,5
DA:149,5
DA:150,5
DA:151,5
DA:153,5
DA:155,5
DA:156,5
DA:158,3
DA:160,3
DA:173,3
DA:192,3
DA:200,3
DA:201,0
DA:210,3
DA:211,3
DA:212,3
DA:214,3
DA:216,3
DA:217,3
DA:219,3
DA:226,2
DA:243,2
DA:250,2
DA:251,2
DA:256,0
DA:272,0
DA:278,0
DA:279,0
DA:285,5
DA:289,5
DA:291,4
DA:292,4
DA:304,4
DA:323,4
DA:330,4
DA:331,1
DA:342,4
DA:343,4
DA:344,4
DA:346,4
DA:348,4
DA:354,1
DA:355,1
DA:364,1
DA:365,2
DA:366,2
DA:367,1
DA:370,1
DA:371,1
DA:372,1
DA:373,1
DA:375,0
DA:383,1
DA:390,6
DA:391,6
DA:392,1
DA:393,1
DA:395,0
DA:396,5
DA:397,2
DA:401,3
DA:405,3
DA:406,3
DA:407,1
DA:410,2
DA:413,2
DA:414,2
DA:415,1
DA:420,1
DA:421,1
DA:422,1
DA:425,1
DA:437,0
DA:438,0
DA:443,1
DA:444,1
DA:446,0
DA:449,0
DA:454,1
DA:455,1
DA:459,1
DA:461,0
DA:462,0
DA:466,1
DA:476,0
DA:477,0
DA:486,1
DA:488,0
DA:489,0
DA:490,0
DA:496,0
DA:503,0
DA:504,0
DA:505,0
DA:508,0
DA:509,0
DA:511,0
DA:512,0
DA:515,0
DA:521,0
DA:524,0
DA:525,0
DA:526,0
DA:527,0
DA:530,0
DA:536,0
DA:537,0
DA:538,0
DA:539,0
DA:540,0
DA:542,0
DA:543,0
DA:551,1
DA:552,0
DA:553,0
DA:554,0
DA:557,0
DA:559,0
DA:560,0
DA:562,0
DA:564,0
DA:565,0
DA:570,0
DA:571,0
DA:577,0
DA:578,0
DA:586,1
DA:587,0
DA:588,0
DA:589,0
DA:593,0
DA:594,0
DA:601,1
DA:602,0
DA:609,1
DA:610,0
DA:617,1
DA:619,0
DA:620,0
DA:621,0
DA:627,0
DA:635,0
DA:636,0
DA:649,0
DA:652,0
DA:654,0
DA:655,0
DA:657,0
DA:683,0
DA:699,0
DA:705,0
DA:708,1
LF:207
LH:132
BRDA:48,0,0,3
BRDA:48,0,1,2
BRDA:48,1,0,5
BRDA:48,1,1,4
BRDA:113,2,0,1
BRDA:113,2,1,1
BRDA:139,3,0,2
BRDA:139,3,1,8
BRDA:147,4,0,5
BRDA:147,4,1,3
BRDA:153,5,0,5
BRDA:153,5,1,0
BRDA:156,6,0,3
BRDA:156,6,1,2
BRDA:174,7,0,3
BRDA:174,7,1,3
BRDA:200,8,0,0
BRDA:200,8,1,3
BRDA:227,9,0,2
BRDA:227,9,1,2
BRDA:250,10,0,0
BRDA:250,10,1,2
BRDA:252,11,0,2
BRDA:252,11,1,1
BRDA:257,12,0,0
BRDA:257,12,1,0
BRDA:259,13,0,0
BRDA:259,13,1,0
BRDA:278,14,0,0
BRDA:278,14,1,0
BRDA:280,15,0,0
BRDA:280,15,1,0
BRDA:286,16,0,5
BRDA:286,16,1,4
BRDA:305,17,0,4
BRDA:305,17,1,4
BRDA:307,18,0,4
BRDA:307,18,1,0
BRDA:312,19,0,4
BRDA:312,19,1,3
BRDA:330,20,0,1
BRDA:330,20,1,3
BRDA:343,21,0,4
BRDA:343,21,1,1
BRDA:366,22,0,1
BRDA:366,22,1,1
BRDA:391,23,0,1
BRDA:391,23,1,5
BRDA:392,24,0,1
BRDA:392,24,1,0
BRDA:396,25,0,2
BRDA:396,25,1,3
BRDA:406,26,0,1
BRDA:406,26,1,2
BRDA:414,27,0,1
BRDA:414,27,1,1
BRDA:414,28,0,2
BRDA:414,28,1,2
BRDA:427,29,0,1
BRDA:427,29,1,0
BRDA:428,30,0,1
BRDA:428,30,1,0
BRDA:429,31,0,1
BRDA:429,31,1,0
BRDA:430,32,0,1
BRDA:430,32,1,0
BRDA:431,33,0,1
BRDA:431,33,1,0
BRDA:432,34,0,1
BRDA:432,34,1,0
BRDA:433,35,0,1
BRDA:433,35,1,0
BRDA:489,36,0,0
BRDA:489,36,1,0
BRDA:504,37,0,0
BRDA:504,37,1,0
BRDA:511,38,0,0
BRDA:511,38,1,0
BRDA:521,39,0,0
BRDA:521,39,1,0
BRDA:525,40,0,0
BRDA:525,40,1,0
BRDA:553,41,0,0
BRDA:553,41,1,0
BRDA:564,42,0,0
BRDA:564,42,1,0
BRDA:570,43,0,0
BRDA:570,43,1,0
BRDA:588,44,0,0
BRDA:588,44,1,0
BRDA:620,45,0,0
BRDA:620,45,1,0
BRDA:635,46,0,0
BRDA:635,46,1,0
BRDA:652,47,0,0
BRDA:652,47,1,0
BRDA:654,48,0,0
BRDA:654,48,1,0
BRDA:654,49,0,0
BRDA:654,49,1,0
BRDA:655,50,0,0
BRDA:655,50,1,0
BRDA:663,51,0,0
BRDA:663,51,1,0
BRDA:664,52,0,0
BRDA:664,52,1,0
BRDA:675,53,0,0
BRDA:675,53,1,0
BRDA:677,54,0,0
BRDA:677,54,1,0
BRDA:677,55,0,0
BRDA:677,55,1,0
BRDA:684,56,0,0
BRDA:684,56,1,0
BRF:114
BRH:52
end_of_record
